<?xml version="1.0" encoding="UTF-8"?>
<testng-results ignored="0" total="272" passed="271" failed="1" skipped="0">
  <reporter-output>
  </reporter-output>
  <suite started-at="2024-11-28T15:05:11 IST" name="Default suite" finished-at="2024-11-28T16:33:45 IST" duration-ms="5314653">
    <groups>
    </groups>
    <test started-at="2024-11-28T15:05:11 IST" name="Default test" finished-at="2024-11-28T16:33:45 IST" duration-ms="5314653">
      <class name="com.salesforce.fordfoundation.SF_Mailing_State">
        <test-method is-config="true" signature="initialSetup()[pri:0, instance:com.salesforce.fordfoundation.SF_Mailing_State@73eb439a]" started-at="2024-11-28T15:05:11 IST" name="initialSetup" finished-at="2024-11-28T15:06:05 IST" duration-ms="54445" status="PASS">
          <reporter-output>
          </reporter-output>
        </test-method> <!-- initialSetup -->
        <test-method signature="getState(java.lang.String)[pri:0, instance:com.salesforce.fordfoundation.SF_Mailing_State@73eb439a]" started-at="2024-11-28T15:06:05 IST" name="getState" data-provider="CountryName" finished-at="2024-11-28T15:06:29 IST" duration-ms="23676" status="PASS">
          <params>
            <param index="0">
              <value>
                <![CDATA[Afghanistan]]>
              </value>
            </param>
          </params>
          <reporter-output>
          </reporter-output>
        </test-method> <!-- getState -->
        <test-method signature="getState(java.lang.String)[pri:0, instance:com.salesforce.fordfoundation.SF_Mailing_State@73eb439a]" started-at="2024-11-28T15:06:29 IST" name="getState" data-provider="CountryName" finished-at="2024-11-28T15:06:45 IST" duration-ms="15394" status="PASS">
          <params>
            <param index="0">
              <value>
                <![CDATA[Aland Islands]]>
              </value>
            </param>
          </params>
          <reporter-output>
          </reporter-output>
        </test-method> <!-- getState -->
        <test-method signature="getState(java.lang.String)[pri:0, instance:com.salesforce.fordfoundation.SF_Mailing_State@73eb439a]" started-at="2024-11-28T15:06:45 IST" name="getState" data-provider="CountryName" finished-at="2024-11-28T15:07:03 IST" duration-ms="18318" status="PASS">
          <params>
            <param index="0">
              <value>
                <![CDATA[Albania]]>
              </value>
            </param>
          </params>
          <reporter-output>
          </reporter-output>
        </test-method> <!-- getState -->
        <test-method signature="getState(java.lang.String)[pri:0, instance:com.salesforce.fordfoundation.SF_Mailing_State@73eb439a]" started-at="2024-11-28T15:07:03 IST" name="getState" data-provider="CountryName" finished-at="2024-11-28T15:07:30 IST" duration-ms="26736" status="PASS">
          <params>
            <param index="0">
              <value>
                <![CDATA[Algeria]]>
              </value>
            </param>
          </params>
          <reporter-output>
          </reporter-output>
        </test-method> <!-- getState -->
        <test-method signature="getState(java.lang.String)[pri:0, instance:com.salesforce.fordfoundation.SF_Mailing_State@73eb439a]" started-at="2024-11-28T15:07:30 IST" name="getState" data-provider="CountryName" finished-at="2024-11-28T15:07:45 IST" duration-ms="15398" status="PASS">
          <params>
            <param index="0">
              <value>
                <![CDATA[American Samoa]]>
              </value>
            </param>
          </params>
          <reporter-output>
          </reporter-output>
        </test-method> <!-- getState -->
        <test-method signature="getState(java.lang.String)[pri:0, instance:com.salesforce.fordfoundation.SF_Mailing_State@73eb439a]" started-at="2024-11-28T15:07:45 IST" name="getState" data-provider="CountryName" finished-at="2024-11-28T15:08:02 IST" duration-ms="17101" status="PASS">
          <params>
            <param index="0">
              <value>
                <![CDATA[Andorra]]>
              </value>
            </param>
          </params>
          <reporter-output>
          </reporter-output>
        </test-method> <!-- getState -->
        <test-method signature="getState(java.lang.String)[pri:0, instance:com.salesforce.fordfoundation.SF_Mailing_State@73eb439a]" started-at="2024-11-28T15:08:02 IST" name="getState" data-provider="CountryName" finished-at="2024-11-28T15:08:22 IST" duration-ms="20014" status="PASS">
          <params>
            <param index="0">
              <value>
                <![CDATA[Angola]]>
              </value>
            </param>
          </params>
          <reporter-output>
          </reporter-output>
        </test-method> <!-- getState -->
        <test-method signature="getState(java.lang.String)[pri:0, instance:com.salesforce.fordfoundation.SF_Mailing_State@73eb439a]" started-at="2024-11-28T15:08:22 IST" name="getState" data-provider="CountryName" finished-at="2024-11-28T15:08:38 IST" duration-ms="15552" status="PASS">
          <params>
            <param index="0">
              <value>
                <![CDATA[Anguilla]]>
              </value>
            </param>
          </params>
          <reporter-output>
          </reporter-output>
        </test-method> <!-- getState -->
        <test-method signature="getState(java.lang.String)[pri:0, instance:com.salesforce.fordfoundation.SF_Mailing_State@73eb439a]" started-at="2024-11-28T15:08:38 IST" name="getState" data-provider="CountryName" finished-at="2024-11-28T15:08:53 IST" duration-ms="15546" status="PASS">
          <params>
            <param index="0">
              <value>
                <![CDATA[Antarctica]]>
              </value>
            </param>
          </params>
          <reporter-output>
          </reporter-output>
        </test-method> <!-- getState -->
        <test-method signature="getState(java.lang.String)[pri:0, instance:com.salesforce.fordfoundation.SF_Mailing_State@73eb439a]" started-at="2024-11-28T15:08:53 IST" name="getState" data-provider="CountryName" finished-at="2024-11-28T15:09:11 IST" duration-ms="17312" status="PASS">
          <params>
            <param index="0">
              <value>
                <![CDATA[Antigua and Barbuda]]>
              </value>
            </param>
          </params>
          <reporter-output>
          </reporter-output>
        </test-method> <!-- getState -->
        <test-method signature="getState(java.lang.String)[pri:0, instance:com.salesforce.fordfoundation.SF_Mailing_State@73eb439a]" started-at="2024-11-28T15:09:11 IST" name="getState" data-provider="CountryName" finished-at="2024-11-28T15:09:33 IST" duration-ms="22111" status="PASS">
          <params>
            <param index="0">
              <value>
                <![CDATA[Argentina]]>
              </value>
            </param>
          </params>
          <reporter-output>
          </reporter-output>
        </test-method> <!-- getState -->
        <test-method signature="getState(java.lang.String)[pri:0, instance:com.salesforce.fordfoundation.SF_Mailing_State@73eb439a]" started-at="2024-11-28T15:09:33 IST" name="getState" data-provider="CountryName" finished-at="2024-11-28T15:09:51 IST" duration-ms="18464" status="PASS">
          <params>
            <param index="0">
              <value>
                <![CDATA[Armenia]]>
              </value>
            </param>
          </params>
          <reporter-output>
          </reporter-output>
        </test-method> <!-- getState -->
        <test-method signature="getState(java.lang.String)[pri:0, instance:com.salesforce.fordfoundation.SF_Mailing_State@73eb439a]" started-at="2024-11-28T15:09:51 IST" name="getState" data-provider="CountryName" finished-at="2024-11-28T15:10:07 IST" duration-ms="15500" status="PASS">
          <params>
            <param index="0">
              <value>
                <![CDATA[Aruba]]>
              </value>
            </param>
          </params>
          <reporter-output>
          </reporter-output>
        </test-method> <!-- getState -->
        <test-method signature="getState(java.lang.String)[pri:0, instance:com.salesforce.fordfoundation.SF_Mailing_State@73eb439a]" started-at="2024-11-28T15:10:07 IST" name="getState" data-provider="CountryName" finished-at="2024-11-28T15:10:22 IST" duration-ms="15518" status="PASS">
          <params>
            <param index="0">
              <value>
                <![CDATA[Ashmore and Cartier]]>
              </value>
            </param>
          </params>
          <reporter-output>
          </reporter-output>
        </test-method> <!-- getState -->
        <test-method signature="getState(java.lang.String)[pri:0, instance:com.salesforce.fordfoundation.SF_Mailing_State@73eb439a]" started-at="2024-11-28T15:10:22 IST" name="getState" data-provider="CountryName" finished-at="2024-11-28T15:10:40 IST" duration-ms="17518" status="PASS">
          <params>
            <param index="0">
              <value>
                <![CDATA[Australia]]>
              </value>
            </param>
          </params>
          <reporter-output>
          </reporter-output>
        </test-method> <!-- getState -->
        <test-method signature="getState(java.lang.String)[pri:0, instance:com.salesforce.fordfoundation.SF_Mailing_State@73eb439a]" started-at="2024-11-28T15:10:40 IST" name="getState" data-provider="CountryName" finished-at="2024-11-28T15:10:58 IST" duration-ms="17849" status="PASS">
          <params>
            <param index="0">
              <value>
                <![CDATA[Austria]]>
              </value>
            </param>
          </params>
          <reporter-output>
          </reporter-output>
        </test-method> <!-- getState -->
        <test-method signature="getState(java.lang.String)[pri:0, instance:com.salesforce.fordfoundation.SF_Mailing_State@73eb439a]" started-at="2024-11-28T15:10:58 IST" name="getState" data-provider="CountryName" finished-at="2024-11-28T15:11:30 IST" duration-ms="32713" status="PASS">
          <params>
            <param index="0">
              <value>
                <![CDATA[Azerbaijan]]>
              </value>
            </param>
          </params>
          <reporter-output>
          </reporter-output>
        </test-method> <!-- getState -->
        <test-method signature="getState(java.lang.String)[pri:0, instance:com.salesforce.fordfoundation.SF_Mailing_State@73eb439a]" started-at="2024-11-28T15:11:30 IST" name="getState" data-provider="CountryName" finished-at="2024-11-28T15:11:50 IST" duration-ms="19430" status="PASS">
          <params>
            <param index="0">
              <value>
                <![CDATA[Bahrain]]>
              </value>
            </param>
          </params>
          <reporter-output>
          </reporter-output>
        </test-method> <!-- getState -->
        <test-method signature="getState(java.lang.String)[pri:0, instance:com.salesforce.fordfoundation.SF_Mailing_State@73eb439a]" started-at="2024-11-28T15:11:50 IST" name="getState" data-provider="CountryName" finished-at="2024-11-28T15:12:05 IST" duration-ms="15492" status="PASS">
          <params>
            <param index="0">
              <value>
                <![CDATA[Baker Island]]>
              </value>
            </param>
          </params>
          <reporter-output>
          </reporter-output>
        </test-method> <!-- getState -->
        <test-method signature="getState(java.lang.String)[pri:0, instance:com.salesforce.fordfoundation.SF_Mailing_State@73eb439a]" started-at="2024-11-28T15:12:05 IST" name="getState" data-provider="CountryName" finished-at="2024-11-28T15:12:37 IST" duration-ms="32096" status="PASS">
          <params>
            <param index="0">
              <value>
                <![CDATA[Bangladesh]]>
              </value>
            </param>
          </params>
          <reporter-output>
          </reporter-output>
        </test-method> <!-- getState -->
        <test-method signature="getState(java.lang.String)[pri:0, instance:com.salesforce.fordfoundation.SF_Mailing_State@73eb439a]" started-at="2024-11-28T15:12:37 IST" name="getState" data-provider="CountryName" finished-at="2024-11-28T15:12:56 IST" duration-ms="18350" status="PASS">
          <params>
            <param index="0">
              <value>
                <![CDATA[Barbados]]>
              </value>
            </param>
          </params>
          <reporter-output>
          </reporter-output>
        </test-method> <!-- getState -->
        <test-method signature="getState(java.lang.String)[pri:0, instance:com.salesforce.fordfoundation.SF_Mailing_State@73eb439a]" started-at="2024-11-28T15:12:56 IST" name="getState" data-provider="CountryName" finished-at="2024-11-28T15:13:11 IST" duration-ms="15527" status="PASS">
          <params>
            <param index="0">
              <value>
                <![CDATA[Bassas da India]]>
              </value>
            </param>
          </params>
          <reporter-output>
          </reporter-output>
        </test-method> <!-- getState -->
        <test-method signature="getState(java.lang.String)[pri:0, instance:com.salesforce.fordfoundation.SF_Mailing_State@73eb439a]" started-at="2024-11-28T15:13:11 IST" name="getState" data-provider="CountryName" finished-at="2024-11-28T15:13:27 IST" duration-ms="15846" status="PASS">
          <params>
            <param index="0">
              <value>
                <![CDATA[Belarus]]>
              </value>
            </param>
          </params>
          <reporter-output>
          </reporter-output>
        </test-method> <!-- getState -->
        <test-method signature="getState(java.lang.String)[pri:0, instance:com.salesforce.fordfoundation.SF_Mailing_State@73eb439a]" started-at="2024-11-28T15:13:27 IST" name="getState" data-provider="CountryName" finished-at="2024-11-28T15:13:46 IST" duration-ms="18648" status="PASS">
          <params>
            <param index="0">
              <value>
                <![CDATA[Belgium]]>
              </value>
            </param>
          </params>
          <reporter-output>
          </reporter-output>
        </test-method> <!-- getState -->
        <test-method signature="getState(java.lang.String)[pri:0, instance:com.salesforce.fordfoundation.SF_Mailing_State@73eb439a]" started-at="2024-11-28T15:13:46 IST" name="getState" data-provider="CountryName" finished-at="2024-11-28T15:14:03 IST" duration-ms="16922" status="PASS">
          <params>
            <param index="0">
              <value>
                <![CDATA[Belize]]>
              </value>
            </param>
          </params>
          <reporter-output>
          </reporter-output>
        </test-method> <!-- getState -->
        <test-method signature="getState(java.lang.String)[pri:0, instance:com.salesforce.fordfoundation.SF_Mailing_State@73eb439a]" started-at="2024-11-28T15:14:03 IST" name="getState" data-provider="CountryName" finished-at="2024-11-28T15:14:21 IST" duration-ms="18553" status="PASS">
          <params>
            <param index="0">
              <value>
                <![CDATA[Benin]]>
              </value>
            </param>
          </params>
          <reporter-output>
          </reporter-output>
        </test-method> <!-- getState -->
        <test-method signature="getState(java.lang.String)[pri:0, instance:com.salesforce.fordfoundation.SF_Mailing_State@73eb439a]" started-at="2024-11-28T15:14:21 IST" name="getState" data-provider="CountryName" finished-at="2024-11-28T15:14:39 IST" duration-ms="18030" status="PASS">
          <params>
            <param index="0">
              <value>
                <![CDATA[Bermuda]]>
              </value>
            </param>
          </params>
          <reporter-output>
          </reporter-output>
        </test-method> <!-- getState -->
        <test-method signature="getState(java.lang.String)[pri:0, instance:com.salesforce.fordfoundation.SF_Mailing_State@73eb439a]" started-at="2024-11-28T15:14:39 IST" name="getState" data-provider="CountryName" finished-at="2024-11-28T15:14:59 IST" duration-ms="20082" status="PASS">
          <params>
            <param index="0">
              <value>
                <![CDATA[Bhutan]]>
              </value>
            </param>
          </params>
          <reporter-output>
          </reporter-output>
        </test-method> <!-- getState -->
        <test-method signature="getState(java.lang.String)[pri:0, instance:com.salesforce.fordfoundation.SF_Mailing_State@73eb439a]" started-at="2024-11-28T15:14:59 IST" name="getState" data-provider="CountryName" finished-at="2024-11-28T15:15:17 IST" duration-ms="17861" status="PASS">
          <params>
            <param index="0">
              <value>
                <![CDATA[Bolivia]]>
              </value>
            </param>
          </params>
          <reporter-output>
          </reporter-output>
        </test-method> <!-- getState -->
        <test-method signature="getState(java.lang.String)[pri:0, instance:com.salesforce.fordfoundation.SF_Mailing_State@73eb439a]" started-at="2024-11-28T15:15:17 IST" name="getState" data-provider="CountryName" finished-at="2024-11-28T15:15:33 IST" duration-ms="15557" status="PASS">
          <params>
            <param index="0">
              <value>
                <![CDATA[Bonaire, Sint Eustatius and Saba]]>
              </value>
            </param>
          </params>
          <reporter-output>
          </reporter-output>
        </test-method> <!-- getState -->
        <test-method signature="getState(java.lang.String)[pri:0, instance:com.salesforce.fordfoundation.SF_Mailing_State@73eb439a]" started-at="2024-11-28T15:15:33 IST" name="getState" data-provider="CountryName" finished-at="2024-11-28T15:15:48 IST" duration-ms="15786" status="PASS">
          <params>
            <param index="0">
              <value>
                <![CDATA[Bosnia and Herzegovina]]>
              </value>
            </param>
          </params>
          <reporter-output>
          </reporter-output>
        </test-method> <!-- getState -->
        <test-method signature="getState(java.lang.String)[pri:0, instance:com.salesforce.fordfoundation.SF_Mailing_State@73eb439a]" started-at="2024-11-28T15:15:48 IST" name="getState" data-provider="CountryName" finished-at="2024-11-28T15:16:06 IST" duration-ms="17963" status="PASS">
          <params>
            <param index="0">
              <value>
                <![CDATA[Botswana]]>
              </value>
            </param>
          </params>
          <reporter-output>
          </reporter-output>
        </test-method> <!-- getState -->
        <test-method signature="getState(java.lang.String)[pri:0, instance:com.salesforce.fordfoundation.SF_Mailing_State@73eb439a]" started-at="2024-11-28T15:16:06 IST" name="getState" data-provider="CountryName" finished-at="2024-11-28T15:16:22 IST" duration-ms="15595" status="PASS">
          <params>
            <param index="0">
              <value>
                <![CDATA[Bouvet Island]]>
              </value>
            </param>
          </params>
          <reporter-output>
          </reporter-output>
        </test-method> <!-- getState -->
        <test-method signature="getState(java.lang.String)[pri:0, instance:com.salesforce.fordfoundation.SF_Mailing_State@73eb439a]" started-at="2024-11-28T15:16:22 IST" name="getState" data-provider="CountryName" finished-at="2024-11-28T15:16:45 IST" duration-ms="22673" status="PASS">
          <params>
            <param index="0">
              <value>
                <![CDATA[Brazil]]>
              </value>
            </param>
          </params>
          <reporter-output>
          </reporter-output>
        </test-method> <!-- getState -->
        <test-method signature="getState(java.lang.String)[pri:0, instance:com.salesforce.fordfoundation.SF_Mailing_State@73eb439a]" started-at="2024-11-28T15:16:45 IST" name="getState" data-provider="CountryName" finished-at="2024-11-28T15:17:00 IST" duration-ms="15577" status="PASS">
          <params>
            <param index="0">
              <value>
                <![CDATA[British Indian Ocean Territory]]>
              </value>
            </param>
          </params>
          <reporter-output>
          </reporter-output>
        </test-method> <!-- getState -->
        <test-method signature="getState(java.lang.String)[pri:0, instance:com.salesforce.fordfoundation.SF_Mailing_State@73eb439a]" started-at="2024-11-28T15:17:00 IST" name="getState" data-provider="CountryName" finished-at="2024-11-28T15:17:16 IST" duration-ms="15588" status="PASS">
          <params>
            <param index="0">
              <value>
                <![CDATA[British Virgin Islands]]>
              </value>
            </param>
          </params>
          <reporter-output>
          </reporter-output>
        </test-method> <!-- getState -->
        <test-method signature="getState(java.lang.String)[pri:0, instance:com.salesforce.fordfoundation.SF_Mailing_State@73eb439a]" started-at="2024-11-28T15:17:16 IST" name="getState" data-provider="CountryName" finished-at="2024-11-28T15:17:34 IST" duration-ms="18634" status="PASS">
          <params>
            <param index="0">
              <value>
                <![CDATA[Brunei Darussalam]]>
              </value>
            </param>
          </params>
          <reporter-output>
          </reporter-output>
        </test-method> <!-- getState -->
        <test-method signature="getState(java.lang.String)[pri:0, instance:com.salesforce.fordfoundation.SF_Mailing_State@73eb439a]" started-at="2024-11-28T15:17:34 IST" name="getState" data-provider="CountryName" finished-at="2024-11-28T15:17:58 IST" duration-ms="23357" status="PASS">
          <params>
            <param index="0">
              <value>
                <![CDATA[Bulgaria]]>
              </value>
            </param>
          </params>
          <reporter-output>
          </reporter-output>
        </test-method> <!-- getState -->
        <test-method signature="getState(java.lang.String)[pri:0, instance:com.salesforce.fordfoundation.SF_Mailing_State@73eb439a]" started-at="2024-11-28T15:17:58 IST" name="getState" data-provider="CountryName" finished-at="2024-11-28T15:18:29 IST" duration-ms="30836" status="PASS">
          <params>
            <param index="0">
              <value>
                <![CDATA[Burkina Faso]]>
              </value>
            </param>
          </params>
          <reporter-output>
          </reporter-output>
        </test-method> <!-- getState -->
        <test-method signature="getState(java.lang.String)[pri:0, instance:com.salesforce.fordfoundation.SF_Mailing_State@73eb439a]" started-at="2024-11-28T15:18:29 IST" name="getState" data-provider="CountryName" finished-at="2024-11-28T15:18:44 IST" duration-ms="15614" status="PASS">
          <params>
            <param index="0">
              <value>
                <![CDATA[Burma]]>
              </value>
            </param>
          </params>
          <reporter-output>
          </reporter-output>
        </test-method> <!-- getState -->
        <test-method signature="getState(java.lang.String)[pri:0, instance:com.salesforce.fordfoundation.SF_Mailing_State@73eb439a]" started-at="2024-11-28T15:18:44 IST" name="getState" data-provider="CountryName" finished-at="2024-11-28T15:19:04 IST" duration-ms="19396" status="PASS">
          <params>
            <param index="0">
              <value>
                <![CDATA[Burundi]]>
              </value>
            </param>
          </params>
          <reporter-output>
          </reporter-output>
        </test-method> <!-- getState -->
        <test-method signature="getState(java.lang.String)[pri:0, instance:com.salesforce.fordfoundation.SF_Mailing_State@73eb439a]" started-at="2024-11-28T15:19:04 IST" name="getState" data-provider="CountryName" finished-at="2024-11-28T15:19:25 IST" duration-ms="20878" status="PASS">
          <params>
            <param index="0">
              <value>
                <![CDATA[Cambodia]]>
              </value>
            </param>
          </params>
          <reporter-output>
          </reporter-output>
        </test-method> <!-- getState -->
        <test-method signature="getState(java.lang.String)[pri:0, instance:com.salesforce.fordfoundation.SF_Mailing_State@73eb439a]" started-at="2024-11-28T15:19:25 IST" name="getState" data-provider="CountryName" finished-at="2024-11-28T15:19:43 IST" duration-ms="17967" status="PASS">
          <params>
            <param index="0">
              <value>
                <![CDATA[Cameroon]]>
              </value>
            </param>
          </params>
          <reporter-output>
          </reporter-output>
        </test-method> <!-- getState -->
        <test-method signature="getState(java.lang.String)[pri:0, instance:com.salesforce.fordfoundation.SF_Mailing_State@73eb439a]" started-at="2024-11-28T15:19:43 IST" name="getState" data-provider="CountryName" finished-at="2024-11-28T15:20:01 IST" duration-ms="18937" status="PASS">
          <params>
            <param index="0">
              <value>
                <![CDATA[Canada]]>
              </value>
            </param>
          </params>
          <reporter-output>
          </reporter-output>
        </test-method> <!-- getState -->
        <test-method signature="getState(java.lang.String)[pri:0, instance:com.salesforce.fordfoundation.SF_Mailing_State@73eb439a]" started-at="2024-11-28T15:20:01 IST" name="getState" data-provider="CountryName" finished-at="2024-11-28T15:20:21 IST" duration-ms="19557" status="PASS">
          <params>
            <param index="0">
              <value>
                <![CDATA[Cape Verde]]>
              </value>
            </param>
          </params>
          <reporter-output>
          </reporter-output>
        </test-method> <!-- getState -->
        <test-method signature="getState(java.lang.String)[pri:0, instance:com.salesforce.fordfoundation.SF_Mailing_State@73eb439a]" started-at="2024-11-28T15:20:21 IST" name="getState" data-provider="CountryName" finished-at="2024-11-28T15:20:39 IST" duration-ms="17520" status="PASS">
          <params>
            <param index="0">
              <value>
                <![CDATA[Cayman Islands]]>
              </value>
            </param>
          </params>
          <reporter-output>
          </reporter-output>
        </test-method> <!-- getState -->
        <test-method signature="getState(java.lang.String)[pri:0, instance:com.salesforce.fordfoundation.SF_Mailing_State@73eb439a]" started-at="2024-11-28T15:20:39 IST" name="getState" data-provider="CountryName" finished-at="2024-11-28T15:20:58 IST" duration-ms="19523" status="PASS">
          <params>
            <param index="0">
              <value>
                <![CDATA[Central African Republic]]>
              </value>
            </param>
          </params>
          <reporter-output>
          </reporter-output>
        </test-method> <!-- getState -->
        <test-method signature="getState(java.lang.String)[pri:0, instance:com.salesforce.fordfoundation.SF_Mailing_State@73eb439a]" started-at="2024-11-28T15:20:58 IST" name="getState" data-provider="CountryName" finished-at="2024-11-28T15:21:17 IST" duration-ms="19047" status="PASS">
          <params>
            <param index="0">
              <value>
                <![CDATA[Chad]]>
              </value>
            </param>
          </params>
          <reporter-output>
          </reporter-output>
        </test-method> <!-- getState -->
        <test-method signature="getState(java.lang.String)[pri:0, instance:com.salesforce.fordfoundation.SF_Mailing_State@73eb439a]" started-at="2024-11-28T15:21:17 IST" name="getState" data-provider="CountryName" finished-at="2024-11-28T15:21:36 IST" duration-ms="18353" status="PASS">
          <params>
            <param index="0">
              <value>
                <![CDATA[Chile]]>
              </value>
            </param>
          </params>
          <reporter-output>
          </reporter-output>
        </test-method> <!-- getState -->
        <test-method signature="getState(java.lang.String)[pri:0, instance:com.salesforce.fordfoundation.SF_Mailing_State@73eb439a]" started-at="2024-11-28T15:21:36 IST" name="getState" data-provider="CountryName" finished-at="2024-11-28T15:22:00 IST" duration-ms="24380" status="PASS">
          <params>
            <param index="0">
              <value>
                <![CDATA[China]]>
              </value>
            </param>
          </params>
          <reporter-output>
          </reporter-output>
        </test-method> <!-- getState -->
        <test-method signature="getState(java.lang.String)[pri:0, instance:com.salesforce.fordfoundation.SF_Mailing_State@73eb439a]" started-at="2024-11-28T15:22:00 IST" name="getState" data-provider="CountryName" finished-at="2024-11-28T15:22:15 IST" duration-ms="15584" status="PASS">
          <params>
            <param index="0">
              <value>
                <![CDATA[Christmas Island]]>
              </value>
            </param>
          </params>
          <reporter-output>
          </reporter-output>
        </test-method> <!-- getState -->
        <test-method signature="getState(java.lang.String)[pri:0, instance:com.salesforce.fordfoundation.SF_Mailing_State@73eb439a]" started-at="2024-11-28T15:22:15 IST" name="getState" data-provider="CountryName" finished-at="2024-11-28T15:22:31 IST" duration-ms="15539" status="PASS">
          <params>
            <param index="0">
              <value>
                <![CDATA[Clipperton Island]]>
              </value>
            </param>
          </params>
          <reporter-output>
          </reporter-output>
        </test-method> <!-- getState -->
        <test-method signature="getState(java.lang.String)[pri:0, instance:com.salesforce.fordfoundation.SF_Mailing_State@73eb439a]" started-at="2024-11-28T15:22:31 IST" name="getState" data-provider="CountryName" finished-at="2024-11-28T15:22:47 IST" duration-ms="15549" status="PASS">
          <params>
            <param index="0">
              <value>
                <![CDATA[Cocos (Keeling) Islands]]>
              </value>
            </param>
          </params>
          <reporter-output>
          </reporter-output>
        </test-method> <!-- getState -->
        <test-method signature="getState(java.lang.String)[pri:0, instance:com.salesforce.fordfoundation.SF_Mailing_State@73eb439a]" started-at="2024-11-28T15:22:47 IST" name="getState" data-provider="CountryName" finished-at="2024-11-28T15:23:12 IST" duration-ms="25651" status="PASS">
          <params>
            <param index="0">
              <value>
                <![CDATA[Colombia]]>
              </value>
            </param>
          </params>
          <reporter-output>
          </reporter-output>
        </test-method> <!-- getState -->
        <test-method signature="getState(java.lang.String)[pri:0, instance:com.salesforce.fordfoundation.SF_Mailing_State@73eb439a]" started-at="2024-11-28T15:23:12 IST" name="getState" data-provider="CountryName" finished-at="2024-11-28T15:23:29 IST" duration-ms="16289" status="PASS">
          <params>
            <param index="0">
              <value>
                <![CDATA[Comoros]]>
              </value>
            </param>
          </params>
          <reporter-output>
          </reporter-output>
        </test-method> <!-- getState -->
        <test-method signature="getState(java.lang.String)[pri:0, instance:com.salesforce.fordfoundation.SF_Mailing_State@73eb439a]" started-at="2024-11-28T15:23:29 IST" name="getState" data-provider="CountryName" finished-at="2024-11-28T15:23:44 IST" duration-ms="15489" status="PASS">
          <params>
            <param index="0">
              <value>
                <![CDATA[Congo]]>
              </value>
            </param>
          </params>
          <reporter-output>
          </reporter-output>
        </test-method> <!-- getState -->
        <test-method signature="getState(java.lang.String)[pri:0, instance:com.salesforce.fordfoundation.SF_Mailing_State@73eb439a]" started-at="2024-11-28T15:23:44 IST" name="getState" data-provider="CountryName" finished-at="2024-11-28T15:24:05 IST" duration-ms="21213" status="PASS">
          <params>
            <param index="0">
              <value>
                <![CDATA[Congo, Democratic Republic of the]]>
              </value>
            </param>
          </params>
          <reporter-output>
          </reporter-output>
        </test-method> <!-- getState -->
        <test-method signature="getState(java.lang.String)[pri:0, instance:com.salesforce.fordfoundation.SF_Mailing_State@73eb439a]" started-at="2024-11-28T15:24:05 IST" name="getState" data-provider="CountryName" finished-at="2024-11-28T15:24:21 IST" duration-ms="15535" status="PASS">
          <params>
            <param index="0">
              <value>
                <![CDATA[Cook Islands]]>
              </value>
            </param>
          </params>
          <reporter-output>
          </reporter-output>
        </test-method> <!-- getState -->
        <test-method signature="getState(java.lang.String)[pri:0, instance:com.salesforce.fordfoundation.SF_Mailing_State@73eb439a]" started-at="2024-11-28T15:24:21 IST" name="getState" data-provider="CountryName" finished-at="2024-11-28T15:24:36 IST" duration-ms="15551" status="PASS">
          <params>
            <param index="0">
              <value>
                <![CDATA[Coral Sea Islands]]>
              </value>
            </param>
          </params>
          <reporter-output>
          </reporter-output>
        </test-method> <!-- getState -->
        <test-method signature="getState(java.lang.String)[pri:0, instance:com.salesforce.fordfoundation.SF_Mailing_State@73eb439a]" started-at="2024-11-28T15:24:36 IST" name="getState" data-provider="CountryName" finished-at="2024-11-28T15:25:00 IST" duration-ms="23809" status="PASS">
          <params>
            <param index="0">
              <value>
                <![CDATA[Costa Rica]]>
              </value>
            </param>
          </params>
          <reporter-output>
          </reporter-output>
        </test-method> <!-- getState -->
        <test-method signature="getState(java.lang.String)[pri:0, instance:com.salesforce.fordfoundation.SF_Mailing_State@73eb439a]" started-at="2024-11-28T15:25:00 IST" name="getState" data-provider="CountryName" finished-at="2024-11-28T15:25:00 IST" duration-ms="83" status="FAIL">
          <params>
            <param index="0">
              <value>
                <![CDATA[Cote d'Ivoire]]>
              </value>
            </param>
          </params>
          <exception class="org.openqa.selenium.InvalidSelectorException">
            <message>
              <![CDATA[invalid selector
from javascript error: {"status":32,"value":"Unable to locate an element with the xpath expression //lightning-base-combobox-item//span//span[text()='Cote d'Ivoire'] because of the following error:\nSyntaxError: Failed to execute 'evaluate' on 'Document': The string '//lightning-base-combobox-item//span//span[text()='Cote d'Ivoire']' is not a valid XPath expression."}
  (Session info: chrome=131.0.6778.86)
For documentation on this error, please visit: https://www.selenium.dev/documentation/webdriver/troubleshooting/errors#invalid-selector-exception
Build info: version: '4.18.1', revision: 'b1d3319b48'
System info: os.name: 'Windows 11', os.arch: 'amd64', os.version: '10.0', java.version: '22.0.1'
Driver info: org.openqa.selenium.chrome.ChromeDriver
Command: [886de06b47d47a2ef0668b70ecb9a637, findElement {using=xpath, value=//lightning-base-combobox-item//span//span[text()='Cote d'Ivoire']}]
Capabilities {acceptInsecureCerts: false, browserName: chrome, browserVersion: 131.0.6778.86, chrome: {chromedriverVersion: 131.0.6778.85 (3d81e41b6f3a..., userDataDir: C:\Users\KRAVIK~1\AppData\L...}, fedcm:accounts: true, goog:chromeOptions: {debuggerAddress: localhost:52800}, networkConnectionEnabled: false, pageLoadStrategy: normal, platformName: windows, proxy: Proxy(), se:cdp: ws://localhost:52800/devtoo..., se:cdpVersion: 131.0.6778.86, setWindowRect: true, strictFileInteractability: false, timeouts: {implicit: 0, pageLoad: 300000, script: 30000}, unhandledPromptBehavior: dismiss and notify, webauthn:extension:credBlob: true, webauthn:extension:largeBlob: true, webauthn:extension:minPinLength: true, webauthn:extension:prf: true, webauthn:virtualAuthenticators: true}
Session ID: 886de06b47d47a2ef0668b70ecb9a637]]>
            </message>
            <full-stacktrace>
              <![CDATA[org.openqa.selenium.InvalidSelectorException: invalid selector
from javascript error: {"status":32,"value":"Unable to locate an element with the xpath expression //lightning-base-combobox-item//span//span[text()='Cote d'Ivoire'] because of the following error:\nSyntaxError: Failed to execute 'evaluate' on 'Document': The string '//lightning-base-combobox-item//span//span[text()='Cote d'Ivoire']' is not a valid XPath expression."}
  (Session info: chrome=131.0.6778.86)
For documentation on this error, please visit: https://www.selenium.dev/documentation/webdriver/troubleshooting/errors#invalid-selector-exception
Build info: version: '4.18.1', revision: 'b1d3319b48'
System info: os.name: 'Windows 11', os.arch: 'amd64', os.version: '10.0', java.version: '22.0.1'
Driver info: org.openqa.selenium.chrome.ChromeDriver
Command: [886de06b47d47a2ef0668b70ecb9a637, findElement {using=xpath, value=//lightning-base-combobox-item//span//span[text()='Cote d'Ivoire']}]
Capabilities {acceptInsecureCerts: false, browserName: chrome, browserVersion: 131.0.6778.86, chrome: {chromedriverVersion: 131.0.6778.85 (3d81e41b6f3a..., userDataDir: C:\Users\KRAVIK~1\AppData\L...}, fedcm:accounts: true, goog:chromeOptions: {debuggerAddress: localhost:52800}, networkConnectionEnabled: false, pageLoadStrategy: normal, platformName: windows, proxy: Proxy(), se:cdp: ws://localhost:52800/devtoo..., se:cdpVersion: 131.0.6778.86, setWindowRect: true, strictFileInteractability: false, timeouts: {implicit: 0, pageLoad: 300000, script: 30000}, unhandledPromptBehavior: dismiss and notify, webauthn:extension:credBlob: true, webauthn:extension:largeBlob: true, webauthn:extension:minPinLength: true, webauthn:extension:prf: true, webauthn:virtualAuthenticators: true}
Session ID: 886de06b47d47a2ef0668b70ecb9a637
at java.base/jdk.internal.reflect.DirectConstructorHandleAccessor.newInstance(DirectConstructorHandleAccessor.java:62)
at java.base/java.lang.reflect.Constructor.newInstanceWithCaller(Constructor.java:502)
at java.base/java.lang.reflect.Constructor.newInstance(Constructor.java:486)
at org.openqa.selenium.remote.ErrorCodec.decode(ErrorCodec.java:167)
at org.openqa.selenium.remote.codec.w3c.W3CHttpResponseCodec.decode(W3CHttpResponseCodec.java:138)
at org.openqa.selenium.remote.codec.w3c.W3CHttpResponseCodec.decode(W3CHttpResponseCodec.java:50)
at org.openqa.selenium.remote.HttpCommandExecutor.execute(HttpCommandExecutor.java:190)
at org.openqa.selenium.remote.service.DriverCommandExecutor.invokeExecute(DriverCommandExecutor.java:216)
at org.openqa.selenium.remote.service.DriverCommandExecutor.execute(DriverCommandExecutor.java:174)
at org.openqa.selenium.remote.RemoteWebDriver.execute(RemoteWebDriver.java:519)
at org.openqa.selenium.remote.ElementLocation$ElementFinder$2.findElement(ElementLocation.java:165)
at org.openqa.selenium.remote.ElementLocation.findElement(ElementLocation.java:59)
at org.openqa.selenium.remote.RemoteWebDriver.findElement(RemoteWebDriver.java:356)
at org.openqa.selenium.remote.RemoteWebDriver.findElement(RemoteWebDriver.java:350)
at com.salesforce.fordfoundation.SF_Mailing_State.getState(SF_Mailing_State.java:128)
at java.base/jdk.internal.reflect.DirectMethodHandleAccessor.invoke(DirectMethodHandleAccessor.java:103)
at java.base/java.lang.reflect.Method.invoke(Method.java:580)
at org.testng.internal.invokers.MethodInvocationHelper.invokeMethod(MethodInvocationHelper.java:141)
at org.testng.internal.invokers.TestInvoker.invokeMethod(TestInvoker.java:686)
at org.testng.internal.invokers.TestInvoker.invokeTestMethod(TestInvoker.java:230)
at org.testng.internal.invokers.MethodRunner.runInSequence(MethodRunner.java:63)
at org.testng.internal.invokers.TestInvoker$MethodInvocationAgent.invoke(TestInvoker.java:992)
at org.testng.internal.invokers.TestInvoker.invokeTestMethods(TestInvoker.java:203)
at org.testng.internal.invokers.TestMethodWorker.invokeTestMethods(TestMethodWorker.java:154)
at org.testng.internal.invokers.TestMethodWorker.run(TestMethodWorker.java:134)
at java.base/java.util.ArrayList.forEach(ArrayList.java:1597)
at org.testng.TestRunner.privateRun(TestRunner.java:739)
at org.testng.TestRunner.run(TestRunner.java:614)
at org.testng.SuiteRunner.runTest(SuiteRunner.java:421)
at org.testng.SuiteRunner.runSequentially(SuiteRunner.java:413)
at org.testng.SuiteRunner.privateRun(SuiteRunner.java:373)
at org.testng.SuiteRunner.run(SuiteRunner.java:312)
at org.testng.SuiteRunnerWorker.runSuite(SuiteRunnerWorker.java:52)
at org.testng.SuiteRunnerWorker.run(SuiteRunnerWorker.java:95)
at org.testng.TestNG.runSuitesSequentially(TestNG.java:1274)
at org.testng.TestNG.runSuitesLocally(TestNG.java:1208)
at org.testng.TestNG.runSuites(TestNG.java:1112)
at org.testng.TestNG.run(TestNG.java:1079)
at org.testng.remote.AbstractRemoteTestNG.run(AbstractRemoteTestNG.java:115)
at org.testng.remote.RemoteTestNG.initAndRun(RemoteTestNG.java:293)
at org.testng.remote.RemoteTestNG.main(RemoteTestNG.java:91)
]]>
            </full-stacktrace>
          </exception> <!-- org.openqa.selenium.InvalidSelectorException -->
          <reporter-output>
          </reporter-output>
        </test-method> <!-- getState -->
        <test-method signature="getState(java.lang.String)[pri:0, instance:com.salesforce.fordfoundation.SF_Mailing_State@73eb439a]" started-at="2024-11-28T15:25:00 IST" name="getState" data-provider="CountryName" finished-at="2024-11-28T15:25:21 IST" duration-ms="21064" status="PASS">
          <params>
            <param index="0">
              <value>
                <![CDATA[Croatia]]>
              </value>
            </param>
          </params>
          <reporter-output>
          </reporter-output>
        </test-method> <!-- getState -->
        <test-method signature="getState(java.lang.String)[pri:0, instance:com.salesforce.fordfoundation.SF_Mailing_State@73eb439a]" started-at="2024-11-28T15:25:21 IST" name="getState" data-provider="CountryName" finished-at="2024-11-28T15:25:41 IST" duration-ms="19460" status="PASS">
          <params>
            <param index="0">
              <value>
                <![CDATA[Cuba]]>
              </value>
            </param>
          </params>
          <reporter-output>
          </reporter-output>
        </test-method> <!-- getState -->
        <test-method signature="getState(java.lang.String)[pri:0, instance:com.salesforce.fordfoundation.SF_Mailing_State@73eb439a]" started-at="2024-11-28T15:25:41 IST" name="getState" data-provider="CountryName" finished-at="2024-11-28T15:25:56 IST" duration-ms="15556" status="PASS">
          <params>
            <param index="0">
              <value>
                <![CDATA[Curaçao]]>
              </value>
            </param>
          </params>
          <reporter-output>
          </reporter-output>
        </test-method> <!-- getState -->
        <test-method signature="getState(java.lang.String)[pri:0, instance:com.salesforce.fordfoundation.SF_Mailing_State@73eb439a]" started-at="2024-11-28T15:25:56 IST" name="getState" data-provider="CountryName" finished-at="2024-11-28T15:26:13 IST" duration-ms="17061" status="PASS">
          <params>
            <param index="0">
              <value>
                <![CDATA[Cyprus]]>
              </value>
            </param>
          </params>
          <reporter-output>
          </reporter-output>
        </test-method> <!-- getState -->
        <test-method signature="getState(java.lang.String)[pri:0, instance:com.salesforce.fordfoundation.SF_Mailing_State@73eb439a]" started-at="2024-11-28T15:26:13 IST" name="getState" data-provider="CountryName" finished-at="2024-11-28T15:26:37 IST" duration-ms="23238" status="PASS">
          <params>
            <param index="0">
              <value>
                <![CDATA[Czech Republic]]>
              </value>
            </param>
          </params>
          <reporter-output>
          </reporter-output>
        </test-method> <!-- getState -->
        <test-method signature="getState(java.lang.String)[pri:0, instance:com.salesforce.fordfoundation.SF_Mailing_State@73eb439a]" started-at="2024-11-28T15:26:37 IST" name="getState" data-provider="CountryName" finished-at="2024-11-28T15:26:57 IST" duration-ms="20393" status="PASS">
          <params>
            <param index="0">
              <value>
                <![CDATA[Denmark]]>
              </value>
            </param>
          </params>
          <reporter-output>
          </reporter-output>
        </test-method> <!-- getState -->
        <test-method signature="getState(java.lang.String)[pri:0, instance:com.salesforce.fordfoundation.SF_Mailing_State@73eb439a]" started-at="2024-11-28T15:26:57 IST" name="getState" data-provider="CountryName" finished-at="2024-11-28T15:27:14 IST" duration-ms="17125" status="PASS">
          <params>
            <param index="0">
              <value>
                <![CDATA[Djibouti]]>
              </value>
            </param>
          </params>
          <reporter-output>
          </reporter-output>
        </test-method> <!-- getState -->
        <test-method signature="getState(java.lang.String)[pri:0, instance:com.salesforce.fordfoundation.SF_Mailing_State@73eb439a]" started-at="2024-11-28T15:27:14 IST" name="getState" data-provider="CountryName" finished-at="2024-11-28T15:27:32 IST" duration-ms="18165" status="PASS">
          <params>
            <param index="0">
              <value>
                <![CDATA[Dominica]]>
              </value>
            </param>
          </params>
          <reporter-output>
          </reporter-output>
        </test-method> <!-- getState -->
        <test-method signature="getState(java.lang.String)[pri:0, instance:com.salesforce.fordfoundation.SF_Mailing_State@73eb439a]" started-at="2024-11-28T15:27:32 IST" name="getState" data-provider="CountryName" finished-at="2024-11-28T15:27:56 IST" duration-ms="23601" status="PASS">
          <params>
            <param index="0">
              <value>
                <![CDATA[Dominican Republic]]>
              </value>
            </param>
          </params>
          <reporter-output>
          </reporter-output>
        </test-method> <!-- getState -->
        <test-method signature="getState(java.lang.String)[pri:0, instance:com.salesforce.fordfoundation.SF_Mailing_State@73eb439a]" started-at="2024-11-28T15:27:56 IST" name="getState" data-provider="CountryName" finished-at="2024-11-28T15:28:11 IST" duration-ms="15553" status="PASS">
          <params>
            <param index="0">
              <value>
                <![CDATA[East Timor]]>
              </value>
            </param>
          </params>
          <reporter-output>
          </reporter-output>
        </test-method> <!-- getState -->
        <test-method signature="getState(java.lang.String)[pri:0, instance:com.salesforce.fordfoundation.SF_Mailing_State@73eb439a]" started-at="2024-11-28T15:28:11 IST" name="getState" data-provider="CountryName" finished-at="2024-11-28T15:28:33 IST" duration-ms="21255" status="PASS">
          <params>
            <param index="0">
              <value>
                <![CDATA[Ecuador]]>
              </value>
            </param>
          </params>
          <reporter-output>
          </reporter-output>
        </test-method> <!-- getState -->
        <test-method signature="getState(java.lang.String)[pri:0, instance:com.salesforce.fordfoundation.SF_Mailing_State@73eb439a]" started-at="2024-11-28T15:28:33 IST" name="getState" data-provider="CountryName" finished-at="2024-11-28T15:28:55 IST" duration-ms="22164" status="PASS">
          <params>
            <param index="0">
              <value>
                <![CDATA[Egypt]]>
              </value>
            </param>
          </params>
          <reporter-output>
          </reporter-output>
        </test-method> <!-- getState -->
        <test-method signature="getState(java.lang.String)[pri:0, instance:com.salesforce.fordfoundation.SF_Mailing_State@73eb439a]" started-at="2024-11-28T15:28:55 IST" name="getState" data-provider="CountryName" finished-at="2024-11-28T15:29:14 IST" duration-ms="19100" status="PASS">
          <params>
            <param index="0">
              <value>
                <![CDATA[El Salvador]]>
              </value>
            </param>
          </params>
          <reporter-output>
          </reporter-output>
        </test-method> <!-- getState -->
        <test-method signature="getState(java.lang.String)[pri:0, instance:com.salesforce.fordfoundation.SF_Mailing_State@73eb439a]" started-at="2024-11-28T15:29:14 IST" name="getState" data-provider="CountryName" finished-at="2024-11-28T15:29:31 IST" duration-ms="17375" status="PASS">
          <params>
            <param index="0">
              <value>
                <![CDATA[Equatorial Guinea]]>
              </value>
            </param>
          </params>
          <reporter-output>
          </reporter-output>
        </test-method> <!-- getState -->
        <test-method signature="getState(java.lang.String)[pri:0, instance:com.salesforce.fordfoundation.SF_Mailing_State@73eb439a]" started-at="2024-11-28T15:29:31 IST" name="getState" data-provider="CountryName" finished-at="2024-11-28T15:29:48 IST" duration-ms="16808" status="PASS">
          <params>
            <param index="0">
              <value>
                <![CDATA[Eritrea]]>
              </value>
            </param>
          </params>
          <reporter-output>
          </reporter-output>
        </test-method> <!-- getState -->
        <test-method signature="getState(java.lang.String)[pri:0, instance:com.salesforce.fordfoundation.SF_Mailing_State@73eb439a]" started-at="2024-11-28T15:29:48 IST" name="getState" data-provider="CountryName" finished-at="2024-11-28T15:30:09 IST" duration-ms="20905" status="PASS">
          <params>
            <param index="0">
              <value>
                <![CDATA[Estonia]]>
              </value>
            </param>
          </params>
          <reporter-output>
          </reporter-output>
        </test-method> <!-- getState -->
        <test-method signature="getState(java.lang.String)[pri:0, instance:com.salesforce.fordfoundation.SF_Mailing_State@73eb439a]" started-at="2024-11-28T15:30:09 IST" name="getState" data-provider="CountryName" finished-at="2024-11-28T15:30:26 IST" duration-ms="16827" status="PASS">
          <params>
            <param index="0">
              <value>
                <![CDATA[Eswatini]]>
              </value>
            </param>
          </params>
          <reporter-output>
          </reporter-output>
        </test-method> <!-- getState -->
        <test-method signature="getState(java.lang.String)[pri:0, instance:com.salesforce.fordfoundation.SF_Mailing_State@73eb439a]" started-at="2024-11-28T15:30:26 IST" name="getState" data-provider="CountryName" finished-at="2024-11-28T15:30:46 IST" duration-ms="19810" status="PASS">
          <params>
            <param index="0">
              <value>
                <![CDATA[Ethiopia]]>
              </value>
            </param>
          </params>
          <reporter-output>
          </reporter-output>
        </test-method> <!-- getState -->
        <test-method signature="getState(java.lang.String)[pri:0, instance:com.salesforce.fordfoundation.SF_Mailing_State@73eb439a]" started-at="2024-11-28T15:30:46 IST" name="getState" data-provider="CountryName" finished-at="2024-11-28T15:31:01 IST" duration-ms="15503" status="PASS">
          <params>
            <param index="0">
              <value>
                <![CDATA[Europa Island]]>
              </value>
            </param>
          </params>
          <reporter-output>
          </reporter-output>
        </test-method> <!-- getState -->
        <test-method signature="getState(java.lang.String)[pri:0, instance:com.salesforce.fordfoundation.SF_Mailing_State@73eb439a]" started-at="2024-11-28T15:31:01 IST" name="getState" data-provider="CountryName" finished-at="2024-11-28T15:31:17 IST" duration-ms="15506" status="PASS">
          <params>
            <param index="0">
              <value>
                <![CDATA[Falkland Islands (Islas Malvinas)]]>
              </value>
            </param>
          </params>
          <reporter-output>
          </reporter-output>
        </test-method> <!-- getState -->
        <test-method signature="getState(java.lang.String)[pri:0, instance:com.salesforce.fordfoundation.SF_Mailing_State@73eb439a]" started-at="2024-11-28T15:31:17 IST" name="getState" data-provider="CountryName" finished-at="2024-11-28T15:31:32 IST" duration-ms="15502" status="PASS">
          <params>
            <param index="0">
              <value>
                <![CDATA[Faroe Islands]]>
              </value>
            </param>
          </params>
          <reporter-output>
          </reporter-output>
        </test-method> <!-- getState -->
        <test-method signature="getState(java.lang.String)[pri:0, instance:com.salesforce.fordfoundation.SF_Mailing_State@73eb439a]" started-at="2024-11-28T15:31:32 IST" name="getState" data-provider="CountryName" finished-at="2024-11-28T15:31:49 IST" duration-ms="16740" status="PASS">
          <params>
            <param index="0">
              <value>
                <![CDATA[Fiji]]>
              </value>
            </param>
          </params>
          <reporter-output>
          </reporter-output>
        </test-method> <!-- getState -->
        <test-method signature="getState(java.lang.String)[pri:0, instance:com.salesforce.fordfoundation.SF_Mailing_State@73eb439a]" started-at="2024-11-28T15:31:49 IST" name="getState" data-provider="CountryName" finished-at="2024-11-28T15:32:06 IST" duration-ms="17008" status="PASS">
          <params>
            <param index="0">
              <value>
                <![CDATA[Finland]]>
              </value>
            </param>
          </params>
          <reporter-output>
          </reporter-output>
        </test-method> <!-- getState -->
        <test-method signature="getState(java.lang.String)[pri:0, instance:com.salesforce.fordfoundation.SF_Mailing_State@73eb439a]" started-at="2024-11-28T15:32:06 IST" name="getState" data-provider="CountryName" finished-at="2024-11-28T15:32:27 IST" duration-ms="21178" status="PASS">
          <params>
            <param index="0">
              <value>
                <![CDATA[France]]>
              </value>
            </param>
          </params>
          <reporter-output>
          </reporter-output>
        </test-method> <!-- getState -->
        <test-method signature="getState(java.lang.String)[pri:0, instance:com.salesforce.fordfoundation.SF_Mailing_State@73eb439a]" started-at="2024-11-28T15:32:27 IST" name="getState" data-provider="CountryName" finished-at="2024-11-28T15:32:43 IST" duration-ms="15577" status="PASS">
          <params>
            <param index="0">
              <value>
                <![CDATA[French Guiana]]>
              </value>
            </param>
          </params>
          <reporter-output>
          </reporter-output>
        </test-method> <!-- getState -->
        <test-method signature="getState(java.lang.String)[pri:0, instance:com.salesforce.fordfoundation.SF_Mailing_State@73eb439a]" started-at="2024-11-28T15:32:43 IST" name="getState" data-provider="CountryName" finished-at="2024-11-28T15:32:58 IST" duration-ms="15550" status="PASS">
          <params>
            <param index="0">
              <value>
                <![CDATA[French Polynesia]]>
              </value>
            </param>
          </params>
          <reporter-output>
          </reporter-output>
        </test-method> <!-- getState -->
        <test-method signature="getState(java.lang.String)[pri:0, instance:com.salesforce.fordfoundation.SF_Mailing_State@73eb439a]" started-at="2024-11-28T15:32:58 IST" name="getState" data-provider="CountryName" finished-at="2024-11-28T15:33:14 IST" duration-ms="15489" status="PASS">
          <params>
            <param index="0">
              <value>
                <![CDATA[French Southern and Antarctic Lands]]>
              </value>
            </param>
          </params>
          <reporter-output>
          </reporter-output>
        </test-method> <!-- getState -->
        <test-method signature="getState(java.lang.String)[pri:0, instance:com.salesforce.fordfoundation.SF_Mailing_State@73eb439a]" started-at="2024-11-28T15:33:14 IST" name="getState" data-provider="CountryName" finished-at="2024-11-28T15:33:29 IST" duration-ms="15527" status="PASS">
          <params>
            <param index="0">
              <value>
                <![CDATA[French Southern Territories]]>
              </value>
            </param>
          </params>
          <reporter-output>
          </reporter-output>
        </test-method> <!-- getState -->
        <test-method signature="getState(java.lang.String)[pri:0, instance:com.salesforce.fordfoundation.SF_Mailing_State@73eb439a]" started-at="2024-11-28T15:33:29 IST" name="getState" data-provider="CountryName" finished-at="2024-11-28T15:33:47 IST" duration-ms="17792" status="PASS">
          <params>
            <param index="0">
              <value>
                <![CDATA[Gabon]]>
              </value>
            </param>
          </params>
          <reporter-output>
          </reporter-output>
        </test-method> <!-- getState -->
        <test-method signature="getState(java.lang.String)[pri:0, instance:com.salesforce.fordfoundation.SF_Mailing_State@73eb439a]" started-at="2024-11-28T15:33:47 IST" name="getState" data-provider="CountryName" finished-at="2024-11-28T15:34:03 IST" duration-ms="15528" status="PASS">
          <params>
            <param index="0">
              <value>
                <![CDATA[Gaza Strip]]>
              </value>
            </param>
          </params>
          <reporter-output>
          </reporter-output>
        </test-method> <!-- getState -->
        <test-method signature="getState(java.lang.String)[pri:0, instance:com.salesforce.fordfoundation.SF_Mailing_State@73eb439a]" started-at="2024-11-28T15:34:03 IST" name="getState" data-provider="CountryName" finished-at="2024-11-28T15:34:29 IST" duration-ms="26246" status="PASS">
          <params>
            <param index="0">
              <value>
                <![CDATA[Georgia]]>
              </value>
            </param>
          </params>
          <reporter-output>
          </reporter-output>
        </test-method> <!-- getState -->
        <test-method signature="getState(java.lang.String)[pri:0, instance:com.salesforce.fordfoundation.SF_Mailing_State@73eb439a]" started-at="2024-11-28T15:34:29 IST" name="getState" data-provider="CountryName" finished-at="2024-11-28T15:34:48 IST" duration-ms="19560" status="PASS">
          <params>
            <param index="0">
              <value>
                <![CDATA[Germany]]>
              </value>
            </param>
          </params>
          <reporter-output>
          </reporter-output>
        </test-method> <!-- getState -->
        <test-method signature="getState(java.lang.String)[pri:0, instance:com.salesforce.fordfoundation.SF_Mailing_State@73eb439a]" started-at="2024-11-28T15:34:48 IST" name="getState" data-provider="CountryName" finished-at="2024-11-28T15:35:07 IST" duration-ms="18552" status="PASS">
          <params>
            <param index="0">
              <value>
                <![CDATA[Ghana]]>
              </value>
            </param>
          </params>
          <reporter-output>
          </reporter-output>
        </test-method> <!-- getState -->
        <test-method signature="getState(java.lang.String)[pri:0, instance:com.salesforce.fordfoundation.SF_Mailing_State@73eb439a]" started-at="2024-11-28T15:35:07 IST" name="getState" data-provider="CountryName" finished-at="2024-11-28T15:35:22 IST" duration-ms="15508" status="PASS">
          <params>
            <param index="0">
              <value>
                <![CDATA[Gibraltar]]>
              </value>
            </param>
          </params>
          <reporter-output>
          </reporter-output>
        </test-method> <!-- getState -->
        <test-method signature="getState(java.lang.String)[pri:0, instance:com.salesforce.fordfoundation.SF_Mailing_State@73eb439a]" started-at="2024-11-28T15:35:22 IST" name="getState" data-provider="CountryName" finished-at="2024-11-28T15:35:38 IST" duration-ms="15479" status="PASS">
          <params>
            <param index="0">
              <value>
                <![CDATA[Glorioso Islands]]>
              </value>
            </param>
          </params>
          <reporter-output>
          </reporter-output>
        </test-method> <!-- getState -->
        <test-method signature="getState(java.lang.String)[pri:0, instance:com.salesforce.fordfoundation.SF_Mailing_State@73eb439a]" started-at="2024-11-28T15:35:38 IST" name="getState" data-provider="CountryName" finished-at="2024-11-28T15:36:07 IST" duration-ms="28595" status="PASS">
          <params>
            <param index="0">
              <value>
                <![CDATA[Greece]]>
              </value>
            </param>
          </params>
          <reporter-output>
          </reporter-output>
        </test-method> <!-- getState -->
        <test-method signature="getState(java.lang.String)[pri:0, instance:com.salesforce.fordfoundation.SF_Mailing_State@73eb439a]" started-at="2024-11-28T15:36:07 IST" name="getState" data-provider="CountryName" finished-at="2024-11-28T15:36:23 IST" duration-ms="16289" status="PASS">
          <params>
            <param index="0">
              <value>
                <![CDATA[Greenland]]>
              </value>
            </param>
          </params>
          <reporter-output>
          </reporter-output>
        </test-method> <!-- getState -->
        <test-method signature="getState(java.lang.String)[pri:0, instance:com.salesforce.fordfoundation.SF_Mailing_State@73eb439a]" started-at="2024-11-28T15:36:23 IST" name="getState" data-provider="CountryName" finished-at="2024-11-28T15:36:40 IST" duration-ms="17068" status="PASS">
          <params>
            <param index="0">
              <value>
                <![CDATA[Grenada]]>
              </value>
            </param>
          </params>
          <reporter-output>
          </reporter-output>
        </test-method> <!-- getState -->
        <test-method signature="getState(java.lang.String)[pri:0, instance:com.salesforce.fordfoundation.SF_Mailing_State@73eb439a]" started-at="2024-11-28T15:36:40 IST" name="getState" data-provider="CountryName" finished-at="2024-11-28T15:36:55 IST" duration-ms="15536" status="PASS">
          <params>
            <param index="0">
              <value>
                <![CDATA[Guadeloupe]]>
              </value>
            </param>
          </params>
          <reporter-output>
          </reporter-output>
        </test-method> <!-- getState -->
        <test-method signature="getState(java.lang.String)[pri:0, instance:com.salesforce.fordfoundation.SF_Mailing_State@73eb439a]" started-at="2024-11-28T15:36:55 IST" name="getState" data-provider="CountryName" finished-at="2024-11-28T15:37:11 IST" duration-ms="15534" status="PASS">
          <params>
            <param index="0">
              <value>
                <![CDATA[Guam]]>
              </value>
            </param>
          </params>
          <reporter-output>
          </reporter-output>
        </test-method> <!-- getState -->
        <test-method signature="getState(java.lang.String)[pri:0, instance:com.salesforce.fordfoundation.SF_Mailing_State@73eb439a]" started-at="2024-11-28T15:37:11 IST" name="getState" data-provider="CountryName" finished-at="2024-11-28T15:37:33 IST" duration-ms="21918" status="PASS">
          <params>
            <param index="0">
              <value>
                <![CDATA[Guatemala]]>
              </value>
            </param>
          </params>
          <reporter-output>
          </reporter-output>
        </test-method> <!-- getState -->
        <test-method signature="getState(java.lang.String)[pri:0, instance:com.salesforce.fordfoundation.SF_Mailing_State@73eb439a]" started-at="2024-11-28T15:37:33 IST" name="getState" data-provider="CountryName" finished-at="2024-11-28T15:37:48 IST" duration-ms="15569" status="PASS">
          <params>
            <param index="0">
              <value>
                <![CDATA[Guernsey]]>
              </value>
            </param>
          </params>
          <reporter-output>
          </reporter-output>
        </test-method> <!-- getState -->
        <test-method signature="getState(java.lang.String)[pri:0, instance:com.salesforce.fordfoundation.SF_Mailing_State@73eb439a]" started-at="2024-11-28T15:37:48 IST" name="getState" data-provider="CountryName" finished-at="2024-11-28T15:38:12 IST" duration-ms="23882" status="PASS">
          <params>
            <param index="0">
              <value>
                <![CDATA[Guinea]]>
              </value>
            </param>
          </params>
          <reporter-output>
          </reporter-output>
        </test-method> <!-- getState -->
        <test-method signature="getState(java.lang.String)[pri:0, instance:com.salesforce.fordfoundation.SF_Mailing_State@73eb439a]" started-at="2024-11-28T15:38:12 IST" name="getState" data-provider="CountryName" finished-at="2024-11-28T15:38:30 IST" duration-ms="17929" status="PASS">
          <params>
            <param index="0">
              <value>
                <![CDATA[Guinea-Bissau]]>
              </value>
            </param>
          </params>
          <reporter-output>
          </reporter-output>
        </test-method> <!-- getState -->
        <test-method signature="getState(java.lang.String)[pri:0, instance:com.salesforce.fordfoundation.SF_Mailing_State@73eb439a]" started-at="2024-11-28T15:38:30 IST" name="getState" data-provider="CountryName" finished-at="2024-11-28T15:38:48 IST" duration-ms="17682" status="PASS">
          <params>
            <param index="0">
              <value>
                <![CDATA[Guyana]]>
              </value>
            </param>
          </params>
          <reporter-output>
          </reporter-output>
        </test-method> <!-- getState -->
        <test-method signature="getState(java.lang.String)[pri:0, instance:com.salesforce.fordfoundation.SF_Mailing_State@73eb439a]" started-at="2024-11-28T15:38:48 IST" name="getState" data-provider="CountryName" finished-at="2024-11-28T15:39:06 IST" duration-ms="18215" status="PASS">
          <params>
            <param index="0">
              <value>
                <![CDATA[Haiti]]>
              </value>
            </param>
          </params>
          <reporter-output>
          </reporter-output>
        </test-method> <!-- getState -->
        <test-method signature="getState(java.lang.String)[pri:0, instance:com.salesforce.fordfoundation.SF_Mailing_State@73eb439a]" started-at="2024-11-28T15:39:06 IST" name="getState" data-provider="CountryName" finished-at="2024-11-28T15:39:22 IST" duration-ms="15609" status="PASS">
          <params>
            <param index="0">
              <value>
                <![CDATA[Heard Island and McDonald Islands]]>
              </value>
            </param>
          </params>
          <reporter-output>
          </reporter-output>
        </test-method> <!-- getState -->
        <test-method signature="getState(java.lang.String)[pri:0, instance:com.salesforce.fordfoundation.SF_Mailing_State@73eb439a]" started-at="2024-11-28T15:39:22 IST" name="getState" data-provider="CountryName" finished-at="2024-11-28T15:39:37 IST" duration-ms="15580" status="PASS">
          <params>
            <param index="0">
              <value>
                <![CDATA[Holy See (Vatican City)]]>
              </value>
            </param>
          </params>
          <reporter-output>
          </reporter-output>
        </test-method> <!-- getState -->
        <test-method signature="getState(java.lang.String)[pri:0, instance:com.salesforce.fordfoundation.SF_Mailing_State@73eb439a]" started-at="2024-11-28T15:39:37 IST" name="getState" data-provider="CountryName" finished-at="2024-11-28T15:39:53 IST" duration-ms="15492" status="PASS">
          <params>
            <param index="0">
              <value>
                <![CDATA[Holy See (Vatican City)]]>
              </value>
            </param>
          </params>
          <reporter-output>
          </reporter-output>
        </test-method> <!-- getState -->
        <test-method signature="getState(java.lang.String)[pri:0, instance:com.salesforce.fordfoundation.SF_Mailing_State@73eb439a]" started-at="2024-11-28T15:39:53 IST" name="getState" data-provider="CountryName" finished-at="2024-11-28T15:40:14 IST" duration-ms="21383" status="PASS">
          <params>
            <param index="0">
              <value>
                <![CDATA[Honduras]]>
              </value>
            </param>
          </params>
          <reporter-output>
          </reporter-output>
        </test-method> <!-- getState -->
        <test-method signature="getState(java.lang.String)[pri:0, instance:com.salesforce.fordfoundation.SF_Mailing_State@73eb439a]" started-at="2024-11-28T15:40:14 IST" name="getState" data-provider="CountryName" finished-at="2024-11-28T15:40:30 IST" duration-ms="16096" status="PASS">
          <params>
            <param index="0">
              <value>
                <![CDATA[Hong Kong (SAR)]]>
              </value>
            </param>
          </params>
          <reporter-output>
          </reporter-output>
        </test-method> <!-- getState -->
        <test-method signature="getState(java.lang.String)[pri:0, instance:com.salesforce.fordfoundation.SF_Mailing_State@73eb439a]" started-at="2024-11-28T15:40:30 IST" name="getState" data-provider="CountryName" finished-at="2024-11-28T15:40:46 IST" duration-ms="15554" status="PASS">
          <params>
            <param index="0">
              <value>
                <![CDATA[Howland Island]]>
              </value>
            </param>
          </params>
          <reporter-output>
          </reporter-output>
        </test-method> <!-- getState -->
        <test-method signature="getState(java.lang.String)[pri:0, instance:com.salesforce.fordfoundation.SF_Mailing_State@73eb439a]" started-at="2024-11-28T15:40:46 IST" name="getState" data-provider="CountryName" finished-at="2024-11-28T15:41:12 IST" duration-ms="26432" status="PASS">
          <params>
            <param index="0">
              <value>
                <![CDATA[Hungary]]>
              </value>
            </param>
          </params>
          <reporter-output>
          </reporter-output>
        </test-method> <!-- getState -->
        <test-method signature="getState(java.lang.String)[pri:0, instance:com.salesforce.fordfoundation.SF_Mailing_State@73eb439a]" started-at="2024-11-28T15:41:12 IST" name="getState" data-provider="CountryName" finished-at="2024-11-28T15:41:35 IST" duration-ms="22491" status="PASS">
          <params>
            <param index="0">
              <value>
                <![CDATA[Iceland]]>
              </value>
            </param>
          </params>
          <reporter-output>
          </reporter-output>
        </test-method> <!-- getState -->
        <test-method signature="getState(java.lang.String)[pri:0, instance:com.salesforce.fordfoundation.SF_Mailing_State@73eb439a]" started-at="2024-11-28T15:41:35 IST" name="getState" data-provider="CountryName" finished-at="2024-11-28T15:42:00 IST" duration-ms="25006" status="PASS">
          <params>
            <param index="0">
              <value>
                <![CDATA[India]]>
              </value>
            </param>
          </params>
          <reporter-output>
          </reporter-output>
        </test-method> <!-- getState -->
        <test-method signature="getState(java.lang.String)[pri:0, instance:com.salesforce.fordfoundation.SF_Mailing_State@73eb439a]" started-at="2024-11-28T15:42:00 IST" name="getState" data-provider="CountryName" finished-at="2024-11-28T15:42:33 IST" duration-ms="33326" status="PASS">
          <params>
            <param index="0">
              <value>
                <![CDATA[Indonesia]]>
              </value>
            </param>
          </params>
          <reporter-output>
          </reporter-output>
        </test-method> <!-- getState -->
        <test-method signature="getState(java.lang.String)[pri:0, instance:com.salesforce.fordfoundation.SF_Mailing_State@73eb439a]" started-at="2024-11-28T15:42:33 IST" name="getState" data-provider="CountryName" finished-at="2024-11-28T15:42:49 IST" duration-ms="15645" status="PASS">
          <params>
            <param index="0">
              <value>
                <![CDATA[Iran]]>
              </value>
            </param>
          </params>
          <reporter-output>
          </reporter-output>
        </test-method> <!-- getState -->
        <test-method signature="getState(java.lang.String)[pri:0, instance:com.salesforce.fordfoundation.SF_Mailing_State@73eb439a]" started-at="2024-11-28T15:42:49 IST" name="getState" data-provider="CountryName" finished-at="2024-11-28T15:43:09 IST" duration-ms="19917" status="PASS">
          <params>
            <param index="0">
              <value>
                <![CDATA[Iraq]]>
              </value>
            </param>
          </params>
          <reporter-output>
          </reporter-output>
        </test-method> <!-- getState -->
        <test-method signature="getState(java.lang.String)[pri:0, instance:com.salesforce.fordfoundation.SF_Mailing_State@73eb439a]" started-at="2024-11-28T15:43:09 IST" name="getState" data-provider="CountryName" finished-at="2024-11-28T15:43:31 IST" duration-ms="22382" status="PASS">
          <params>
            <param index="0">
              <value>
                <![CDATA[Ireland]]>
              </value>
            </param>
          </params>
          <reporter-output>
          </reporter-output>
        </test-method> <!-- getState -->
        <test-method signature="getState(java.lang.String)[pri:0, instance:com.salesforce.fordfoundation.SF_Mailing_State@73eb439a]" started-at="2024-11-28T15:43:31 IST" name="getState" data-provider="CountryName" finished-at="2024-11-28T15:43:48 IST" duration-ms="17159" status="PASS">
          <params>
            <param index="0">
              <value>
                <![CDATA[Israel]]>
              </value>
            </param>
          </params>
          <reporter-output>
          </reporter-output>
        </test-method> <!-- getState -->
        <test-method signature="getState(java.lang.String)[pri:0, instance:com.salesforce.fordfoundation.SF_Mailing_State@73eb439a]" started-at="2024-11-28T15:43:48 IST" name="getState" data-provider="CountryName" finished-at="2024-11-28T15:44:32 IST" duration-ms="43727" status="PASS">
          <params>
            <param index="0">
              <value>
                <![CDATA[Italy]]>
              </value>
            </param>
          </params>
          <reporter-output>
          </reporter-output>
        </test-method> <!-- getState -->
        <test-method signature="getState(java.lang.String)[pri:0, instance:com.salesforce.fordfoundation.SF_Mailing_State@73eb439a]" started-at="2024-11-28T15:44:32 IST" name="getState" data-provider="CountryName" finished-at="2024-11-28T15:44:51 IST" duration-ms="19141" status="PASS">
          <params>
            <param index="0">
              <value>
                <![CDATA[Jamaica]]>
              </value>
            </param>
          </params>
          <reporter-output>
          </reporter-output>
        </test-method> <!-- getState -->
        <test-method signature="getState(java.lang.String)[pri:0, instance:com.salesforce.fordfoundation.SF_Mailing_State@73eb439a]" started-at="2024-11-28T15:44:51 IST" name="getState" data-provider="CountryName" finished-at="2024-11-28T15:45:07 IST" duration-ms="15490" status="PASS">
          <params>
            <param index="0">
              <value>
                <![CDATA[Jan Mayen]]>
              </value>
            </param>
          </params>
          <reporter-output>
          </reporter-output>
        </test-method> <!-- getState -->
        <test-method signature="getState(java.lang.String)[pri:0, instance:com.salesforce.fordfoundation.SF_Mailing_State@73eb439a]" started-at="2024-11-28T15:45:07 IST" name="getState" data-provider="CountryName" finished-at="2024-11-28T15:45:34 IST" duration-ms="27278" status="PASS">
          <params>
            <param index="0">
              <value>
                <![CDATA[Japan]]>
              </value>
            </param>
          </params>
          <reporter-output>
          </reporter-output>
        </test-method> <!-- getState -->
        <test-method signature="getState(java.lang.String)[pri:0, instance:com.salesforce.fordfoundation.SF_Mailing_State@73eb439a]" started-at="2024-11-28T15:45:34 IST" name="getState" data-provider="CountryName" finished-at="2024-11-28T15:45:49 IST" duration-ms="15483" status="PASS">
          <params>
            <param index="0">
              <value>
                <![CDATA[Jarvis Island]]>
              </value>
            </param>
          </params>
          <reporter-output>
          </reporter-output>
        </test-method> <!-- getState -->
        <test-method signature="getState(java.lang.String)[pri:0, instance:com.salesforce.fordfoundation.SF_Mailing_State@73eb439a]" started-at="2024-11-28T15:45:49 IST" name="getState" data-provider="CountryName" finished-at="2024-11-28T15:46:05 IST" duration-ms="15548" status="PASS">
          <params>
            <param index="0">
              <value>
                <![CDATA[Jersey]]>
              </value>
            </param>
          </params>
          <reporter-output>
          </reporter-output>
        </test-method> <!-- getState -->
        <test-method signature="getState(java.lang.String)[pri:0, instance:com.salesforce.fordfoundation.SF_Mailing_State@73eb439a]" started-at="2024-11-28T15:46:05 IST" name="getState" data-provider="CountryName" finished-at="2024-11-28T15:46:20 IST" duration-ms="15489" status="PASS">
          <params>
            <param index="0">
              <value>
                <![CDATA[Johnston Atoll]]>
              </value>
            </param>
          </params>
          <reporter-output>
          </reporter-output>
        </test-method> <!-- getState -->
        <test-method signature="getState(java.lang.String)[pri:0, instance:com.salesforce.fordfoundation.SF_Mailing_State@73eb439a]" started-at="2024-11-28T15:46:20 IST" name="getState" data-provider="CountryName" finished-at="2024-11-28T15:46:38 IST" duration-ms="17363" status="PASS">
          <params>
            <param index="0">
              <value>
                <![CDATA[Jordan]]>
              </value>
            </param>
[...]
          <params>
            <param index="0">
              <value>
                <![CDATA[Syria]]>
              </value>
            </param>
          </params>
          <reporter-output>
          </reporter-output>
        </test-method> <!-- getState -->
        <test-method signature="getState(java.lang.String)[pri:0, instance:com.salesforce.fordfoundation.SF_Mailing_State@73eb439a]" started-at="2024-11-28T16:21:45 IST" name="getState" data-provider="CountryName" finished-at="2024-11-28T16:22:01 IST" duration-ms="15770" status="PASS">
          <params>
            <param index="0">
              <value>
                <![CDATA[Taiwan]]>
              </value>
            </param>
          </params>
          <reporter-output>
          </reporter-output>
        </test-method> <!-- getState -->
        <test-method signature="getState(java.lang.String)[pri:0, instance:com.salesforce.fordfoundation.SF_Mailing_State@73eb439a]" started-at="2024-11-28T16:22:01 IST" name="getState" data-provider="CountryName" finished-at="2024-11-28T16:22:24 IST" duration-ms="22764" status="PASS">
          <params>
            <param index="0">
              <value>
                <![CDATA[Tajikistan]]>
              </value>
            </param>
          </params>
          <reporter-output>
          </reporter-output>
        </test-method> <!-- getState -->
        <test-method signature="getState(java.lang.String)[pri:0, instance:com.salesforce.fordfoundation.SF_Mailing_State@73eb439a]" started-at="2024-11-28T16:22:24 IST" name="getState" data-provider="CountryName" finished-at="2024-11-28T16:22:40 IST" duration-ms="16349" status="PASS">
          <params>
            <param index="0">
              <value>
                <![CDATA[Tanzania]]>
              </value>
            </param>
          </params>
          <reporter-output>
          </reporter-output>
        </test-method> <!-- getState -->
        <test-method signature="getState(java.lang.String)[pri:0, instance:com.salesforce.fordfoundation.SF_Mailing_State@73eb439a]" started-at="2024-11-28T16:22:40 IST" name="getState" data-provider="CountryName" finished-at="2024-11-28T16:23:19 IST" duration-ms="38915" status="PASS">
          <params>
            <param index="0">
              <value>
                <![CDATA[Thailand]]>
              </value>
            </param>
          </params>
          <reporter-output>
          </reporter-output>
        </test-method> <!-- getState -->
        <test-method signature="getState(java.lang.String)[pri:0, instance:com.salesforce.fordfoundation.SF_Mailing_State@73eb439a]" started-at="2024-11-28T16:23:19 IST" name="getState" data-provider="CountryName" finished-at="2024-11-28T16:23:34 IST" duration-ms="15384" status="PASS">
          <params>
            <param index="0">
              <value>
                <![CDATA[The Bahamas]]>
              </value>
            </param>
          </params>
          <reporter-output>
          </reporter-output>
        </test-method> <!-- getState -->
        <test-method signature="getState(java.lang.String)[pri:0, instance:com.salesforce.fordfoundation.SF_Mailing_State@73eb439a]" started-at="2024-11-28T16:23:34 IST" name="getState" data-provider="CountryName" finished-at="2024-11-28T16:23:50 IST" duration-ms="15636" status="PASS">
          <params>
            <param index="0">
              <value>
                <![CDATA[The Gambia]]>
              </value>
            </param>
          </params>
          <reporter-output>
          </reporter-output>
        </test-method> <!-- getState -->
        <test-method signature="getState(java.lang.String)[pri:0, instance:com.salesforce.fordfoundation.SF_Mailing_State@73eb439a]" started-at="2024-11-28T16:23:50 IST" name="getState" data-provider="CountryName" finished-at="2024-11-28T16:24:07 IST" duration-ms="17047" status="PASS">
          <params>
            <param index="0">
              <value>
                <![CDATA[Togo]]>
              </value>
            </param>
          </params>
          <reporter-output>
          </reporter-output>
        </test-method> <!-- getState -->
        <test-method signature="getState(java.lang.String)[pri:0, instance:com.salesforce.fordfoundation.SF_Mailing_State@73eb439a]" started-at="2024-11-28T16:24:07 IST" name="getState" data-provider="CountryName" finished-at="2024-11-28T16:24:23 IST" duration-ms="15418" status="PASS">
          <params>
            <param index="0">
              <value>
                <![CDATA[Tokelau]]>
              </value>
            </param>
          </params>
          <reporter-output>
          </reporter-output>
        </test-method> <!-- getState -->
        <test-method signature="getState(java.lang.String)[pri:0, instance:com.salesforce.fordfoundation.SF_Mailing_State@73eb439a]" started-at="2024-11-28T16:24:23 IST" name="getState" data-provider="CountryName" finished-at="2024-11-28T16:24:39 IST" duration-ms="16306" status="PASS">
          <params>
            <param index="0">
              <value>
                <![CDATA[Tonga]]>
              </value>
            </param>
          </params>
          <reporter-output>
          </reporter-output>
        </test-method> <!-- getState -->
        <test-method signature="getState(java.lang.String)[pri:0, instance:com.salesforce.fordfoundation.SF_Mailing_State@73eb439a]" started-at="2024-11-28T16:24:39 IST" name="getState" data-provider="CountryName" finished-at="2024-11-28T16:24:58 IST" duration-ms="18882" status="PASS">
          <params>
            <param index="0">
              <value>
                <![CDATA[Trinidad and Tobago]]>
              </value>
            </param>
          </params>
          <reporter-output>
          </reporter-output>
        </test-method> <!-- getState -->
        <test-method signature="getState(java.lang.String)[pri:0, instance:com.salesforce.fordfoundation.SF_Mailing_State@73eb439a]" started-at="2024-11-28T16:24:58 IST" name="getState" data-provider="CountryName" finished-at="2024-11-28T16:25:13 IST" duration-ms="15581" status="PASS">
          <params>
            <param index="0">
              <value>
                <![CDATA[Tromelin Island]]>
              </value>
            </param>
          </params>
          <reporter-output>
          </reporter-output>
        </test-method> <!-- getState -->
        <test-method signature="getState(java.lang.String)[pri:0, instance:com.salesforce.fordfoundation.SF_Mailing_State@73eb439a]" started-at="2024-11-28T16:25:13 IST" name="getState" data-provider="CountryName" finished-at="2024-11-28T16:25:35 IST" duration-ms="21366" status="PASS">
          <params>
            <param index="0">
              <value>
                <![CDATA[Tunisia]]>
              </value>
            </param>
          </params>
          <reporter-output>
          </reporter-output>
        </test-method> <!-- getState -->
        <test-method signature="getState(java.lang.String)[pri:0, instance:com.salesforce.fordfoundation.SF_Mailing_State@73eb439a]" started-at="2024-11-28T16:25:35 IST" name="getState" data-provider="CountryName" finished-at="2024-11-28T16:26:11 IST" duration-ms="36057" status="PASS">
          <params>
            <param index="0">
              <value>
                <![CDATA[Turkey]]>
              </value>
            </param>
          </params>
          <reporter-output>
          </reporter-output>
        </test-method> <!-- getState -->
        <test-method signature="getState(java.lang.String)[pri:0, instance:com.salesforce.fordfoundation.SF_Mailing_State@73eb439a]" started-at="2024-11-28T16:26:11 IST" name="getState" data-provider="CountryName" finished-at="2024-11-28T16:26:28 IST" duration-ms="16893" status="PASS">
          <params>
            <param index="0">
              <value>
                <![CDATA[Turkmenistan]]>
              </value>
            </param>
          </params>
          <reporter-output>
          </reporter-output>
        </test-method> <!-- getState -->
        <test-method signature="getState(java.lang.String)[pri:0, instance:com.salesforce.fordfoundation.SF_Mailing_State@73eb439a]" started-at="2024-11-28T16:26:28 IST" name="getState" data-provider="CountryName" finished-at="2024-11-28T16:26:43 IST" duration-ms="15542" status="PASS">
          <params>
            <param index="0">
              <value>
                <![CDATA[Turks and Caicos Islands]]>
              </value>
            </param>
          </params>
          <reporter-output>
          </reporter-output>
        </test-method> <!-- getState -->
        <test-method signature="getState(java.lang.String)[pri:0, instance:com.salesforce.fordfoundation.SF_Mailing_State@73eb439a]" started-at="2024-11-28T16:26:43 IST" name="getState" data-provider="CountryName" finished-at="2024-11-28T16:26:59 IST" duration-ms="15525" status="PASS">
          <params>
            <param index="0">
              <value>
                <![CDATA[Tuvalu]]>
              </value>
            </param>
          </params>
          <reporter-output>
          </reporter-output>
        </test-method> <!-- getState -->
        <test-method signature="getState(java.lang.String)[pri:0, instance:com.salesforce.fordfoundation.SF_Mailing_State@73eb439a]" started-at="2024-11-28T16:26:59 IST" name="getState" data-provider="CountryName" finished-at="2024-11-28T16:27:27 IST" duration-ms="27832" status="PASS">
          <params>
            <param index="0">
              <value>
                <![CDATA[Uganda]]>
              </value>
            </param>
          </params>
          <reporter-output>
          </reporter-output>
        </test-method> <!-- getState -->
        <test-method signature="getState(java.lang.String)[pri:0, instance:com.salesforce.fordfoundation.SF_Mailing_State@73eb439a]" started-at="2024-11-28T16:27:27 IST" name="getState" data-provider="CountryName" finished-at="2024-11-28T16:27:44 IST" duration-ms="17523" status="PASS">
          <params>
            <param index="0">
              <value>
                <![CDATA[Ukraine]]>
              </value>
            </param>
          </params>
          <reporter-output>
          </reporter-output>
        </test-method> <!-- getState -->
        <test-method signature="getState(java.lang.String)[pri:0, instance:com.salesforce.fordfoundation.SF_Mailing_State@73eb439a]" started-at="2024-11-28T16:27:44 IST" name="getState" data-provider="CountryName" finished-at="2024-11-28T16:28:01 IST" duration-ms="17356" status="PASS">
          <params>
            <param index="0">
              <value>
                <![CDATA[United Arab Emirates]]>
              </value>
            </param>
          </params>
          <reporter-output>
          </reporter-output>
        </test-method> <!-- getState -->
        <test-method signature="getState(java.lang.String)[pri:0, instance:com.salesforce.fordfoundation.SF_Mailing_State@73eb439a]" started-at="2024-11-28T16:28:01 IST" name="getState" data-provider="CountryName" finished-at="2024-11-28T16:29:05 IST" duration-ms="63957" status="PASS">
          <params>
            <param index="0">
              <value>
                <![CDATA[United Kingdom]]>
              </value>
            </param>
          </params>
          <reporter-output>
          </reporter-output>
        </test-method> <!-- getState -->
        <test-method signature="getState(java.lang.String)[pri:0, instance:com.salesforce.fordfoundation.SF_Mailing_State@73eb439a]" started-at="2024-11-28T16:29:05 IST" name="getState" data-provider="CountryName" finished-at="2024-11-28T16:29:34 IST" duration-ms="28575" status="PASS">
          <params>
            <param index="0">
              <value>
                <![CDATA[United States]]>
              </value>
            </param>
          </params>
          <reporter-output>
          </reporter-output>
        </test-method> <!-- getState -->
        <test-method signature="getState(java.lang.String)[pri:0, instance:com.salesforce.fordfoundation.SF_Mailing_State@73eb439a]" started-at="2024-11-28T16:29:34 IST" name="getState" data-provider="CountryName" finished-at="2024-11-28T16:29:55 IST" duration-ms="20655" status="PASS">
          <params>
            <param index="0">
              <value>
                <![CDATA[Uruguay]]>
              </value>
            </param>
          </params>
          <reporter-output>
          </reporter-output>
        </test-method> <!-- getState -->
        <test-method signature="getState(java.lang.String)[pri:0, instance:com.salesforce.fordfoundation.SF_Mailing_State@73eb439a]" started-at="2024-11-28T16:29:55 IST" name="getState" data-provider="CountryName" finished-at="2024-11-28T16:30:13 IST" duration-ms="18880" status="PASS">
          <params>
            <param index="0">
              <value>
                <![CDATA[Uzbekistan]]>
              </value>
            </param>
          </params>
          <reporter-output>
          </reporter-output>
        </test-method> <!-- getState -->
        <test-method signature="getState(java.lang.String)[pri:0, instance:com.salesforce.fordfoundation.SF_Mailing_State@73eb439a]" started-at="2024-11-28T16:30:13 IST" name="getState" data-provider="CountryName" finished-at="2024-11-28T16:30:39 IST" duration-ms="25317" status="PASS">
          <params>
            <param index="0">
              <value>
                <![CDATA[Vanuatu]]>
              </value>
            </param>
          </params>
          <reporter-output>
          </reporter-output>
        </test-method> <!-- getState -->
        <test-method signature="getState(java.lang.String)[pri:0, instance:com.salesforce.fordfoundation.SF_Mailing_State@73eb439a]" started-at="2024-11-28T16:30:39 IST" name="getState" data-provider="CountryName" finished-at="2024-11-28T16:30:55 IST" duration-ms="16574" status="PASS">
          <params>
            <param index="0">
              <value>
                <![CDATA[Venezuela]]>
              </value>
            </param>
          </params>
          <reporter-output>
          </reporter-output>
        </test-method> <!-- getState -->
        <test-method signature="getState(java.lang.String)[pri:0, instance:com.salesforce.fordfoundation.SF_Mailing_State@73eb439a]" started-at="2024-11-28T16:30:55 IST" name="getState" data-provider="CountryName" finished-at="2024-11-28T16:31:30 IST" duration-ms="34792" status="PASS">
          <params>
            <param index="0">
              <value>
                <![CDATA[Vietnam]]>
              </value>
            </param>
          </params>
          <reporter-output>
          </reporter-output>
        </test-method> <!-- getState -->
        <test-method signature="getState(java.lang.String)[pri:0, instance:com.salesforce.fordfoundation.SF_Mailing_State@73eb439a]" started-at="2024-11-28T16:31:30 IST" name="getState" data-provider="CountryName" finished-at="2024-11-28T16:31:46 IST" duration-ms="15552" status="PASS">
          <params>
            <param index="0">
              <value>
                <![CDATA[Virgin Islands]]>
              </value>
            </param>
          </params>
          <reporter-output>
          </reporter-output>
        </test-method> <!-- getState -->
        <test-method signature="getState(java.lang.String)[pri:0, instance:com.salesforce.fordfoundation.SF_Mailing_State@73eb439a]" started-at="2024-11-28T16:31:46 IST" name="getState" data-provider="CountryName" finished-at="2024-11-28T16:32:01 IST" duration-ms="15541" status="PASS">
          <params>
            <param index="0">
              <value>
                <![CDATA[Wake Island]]>
              </value>
            </param>
          </params>
          <reporter-output>
          </reporter-output>
        </test-method> <!-- getState -->
        <test-method signature="getState(java.lang.String)[pri:0, instance:com.salesforce.fordfoundation.SF_Mailing_State@73eb439a]" started-at="2024-11-28T16:32:01 IST" name="getState" data-provider="CountryName" finished-at="2024-11-28T16:32:17 IST" duration-ms="15525" status="PASS">
          <params>
            <param index="0">
              <value>
                <![CDATA[Wallis and Futuna]]>
              </value>
            </param>
          </params>
          <reporter-output>
          </reporter-output>
        </test-method> <!-- getState -->
        <test-method signature="getState(java.lang.String)[pri:0, instance:com.salesforce.fordfoundation.SF_Mailing_State@73eb439a]" started-at="2024-11-28T16:32:17 IST" name="getState" data-provider="CountryName" finished-at="2024-11-28T16:32:32 IST" duration-ms="15571" status="PASS">
          <params>
            <param index="0">
              <value>
                <![CDATA[West Bank]]>
              </value>
            </param>
          </params>
          <reporter-output>
          </reporter-output>
        </test-method> <!-- getState -->
        <test-method signature="getState(java.lang.String)[pri:0, instance:com.salesforce.fordfoundation.SF_Mailing_State@73eb439a]" started-at="2024-11-28T16:32:32 IST" name="getState" data-provider="CountryName" finished-at="2024-11-28T16:32:48 IST" duration-ms="15546" status="PASS">
          <params>
            <param index="0">
              <value>
                <![CDATA[Western Sahara]]>
              </value>
            </param>
          </params>
          <reporter-output>
          </reporter-output>
        </test-method> <!-- getState -->
        <test-method signature="getState(java.lang.String)[pri:0, instance:com.salesforce.fordfoundation.SF_Mailing_State@73eb439a]" started-at="2024-11-28T16:32:48 IST" name="getState" data-provider="CountryName" finished-at="2024-11-28T16:33:08 IST" duration-ms="19681" status="PASS">
          <params>
            <param index="0">
              <value>
                <![CDATA[Yemen]]>
              </value>
            </param>
          </params>
          <reporter-output>
          </reporter-output>
        </test-method> <!-- getState -->
        <test-method signature="getState(java.lang.String)[pri:0, instance:com.salesforce.fordfoundation.SF_Mailing_State@73eb439a]" started-at="2024-11-28T16:33:08 IST" name="getState" data-provider="CountryName" finished-at="2024-11-28T16:33:26 IST" duration-ms="18085" status="PASS">
          <params>
            <param index="0">
              <value>
                <![CDATA[Zambia]]>
              </value>
            </param>
          </params>
          <reporter-output>
          </reporter-output>
        </test-method> <!-- getState -->
        <test-method signature="getState(java.lang.String)[pri:0, instance:com.salesforce.fordfoundation.SF_Mailing_State@73eb439a]" started-at="2024-11-28T16:33:26 IST" name="getState" data-provider="CountryName" finished-at="2024-11-28T16:33:44 IST" duration-ms="18367" status="PASS">
          <params>
            <param index="0">
              <value>
                <![CDATA[Zimbabwe]]>
              </value>
            </param>
          </params>
          <reporter-output>
          </reporter-output>
        </test-method> <!-- getState -->
        <test-method is-config="true" signature="tearDown()[pri:0, instance:com.salesforce.fordfoundation.SF_Mailing_State@73eb439a]" started-at="2024-11-28T16:33:44 IST" name="tearDown" finished-at="2024-11-28T16:33:45 IST" duration-ms="1202" status="PASS">
          <reporter-output>
          </reporter-output>
        </test-method> <!-- tearDown -->
      </class> <!-- com.salesforce.fordfoundation.SF_Mailing_State -->
    </test> <!-- Default test -->
  </suite> <!-- Default suite -->
</testng-results>
