<?xml version="1.0" encoding="UTF-8"?>
<testng-results ignored="0" total="1" passed="1" failed="0" skipped="0">
  <reporter-output>
    <line>
      <![CDATA[Amount:₹500]]>
    </line>
    <line>
      <![CDATA[Ad Id:361863176]]>
    </line>
    <line>
      <![CDATA[Brand:Nikon]]>
    </line>
  </reporter-output>
  <suite started-at="2022-11-08T10:46:57 IST" name="Suite" finished-at="2022-11-08T10:47:39 IST" duration-ms="41494">
    <groups>
    </groups>
    <test started-at="2022-11-08T10:46:57 IST" name="Test" finished-at="2022-11-08T10:47:39 IST" duration-ms="41494">
      <class name="quikr.Quick">
        <test-method is-config="true" signature="file()[pri:0, instance:quikr.Quick@7b36aa0c]" started-at="2022-11-08T10:46:57 IST" name="file" finished-at="2022-11-08T10:47:01 IST" duration-ms="3716" status="PASS">
          <reporter-output>
          </reporter-output>
        </test-method> <!-- file -->
        <test-method signature="test()[pri:0, instance:quikr.Quick@7b36aa0c]" started-at="2022-11-08T10:47:01 IST" name="test" finished-at="2022-11-08T10:47:34 IST" duration-ms="33225" status="PASS">
          <reporter-output>
            <line>
              <![CDATA[Amount:₹500]]>
            </line>
            <line>
              <![CDATA[Ad Id:361863176]]>
            </line>
            <line>
              <![CDATA[Brand:Nikon]]>
            </line>
          </reporter-output>
        </test-method> <!-- test -->
        <test-method is-config="true" signature="close()[pri:0, instance:quikr.Quick@7b36aa0c]" started-at="2022-11-08T10:47:34 IST" name="close" finished-at="2022-11-08T10:47:39 IST" duration-ms="4516" status="PASS">
          <reporter-output>
          </reporter-output>
        </test-method> <!-- close -->
      </class> <!-- quikr.Quick -->
    </test> <!-- Test -->
  </suite> <!-- Suite -->
</testng-results>
