<?xml version="1.0" encoding="UTF-8"?>
<testng-results ignored="0" total="4" passed="4" failed="0" skipped="0">
  <reporter-output>
  </reporter-output>
  <suite started-at="2024-05-15T20:07:03 IST" name="Default suite" finished-at="2024-05-15T20:07:43 IST" duration-ms="40525">
    <groups>
    </groups>
    <test started-at="2024-05-15T20:07:03 IST" name="Default test" finished-at="2024-05-15T20:07:43 IST" duration-ms="40525">
      <class name="com.demo.datadriven.LoginToAppExcel">
        <test-method is-config="true" signature="beforeTest()[pri:0, instance:com.demo.datadriven.LoginToAppExcel@327514f]" started-at="2024-05-15T20:07:03 IST" name="beforeTest" finished-at="2024-05-15T20:07:12 IST" duration-ms="8990" status="PASS">
          <reporter-output>
          </reporter-output>
        </test-method> <!-- beforeTest -->
        <test-method signature="loginToApplication(java.lang.String,java.lang.String)[pri:0, instance:com.demo.datadriven.LoginToAppExcel@327514f]" started-at="2024-05-15T20:07:13 IST" name="loginToApplication" data-provider="loginData" finished-at="2024-05-15T20:07:20 IST" duration-ms="7767" status="PASS">
          <params>
            <param index="0">
              <value>
                <![CDATA[Dummy ]]>
              </value>
            </param>
            <param index="1">
              <value>
                <![CDATA[admin123]]>
              </value>
            </param>
          </params>
          <reporter-output>
          </reporter-output>
        </test-method> <!-- loginToApplication -->
        <test-method signature="loginToApplication(java.lang.String,java.lang.String)[pri:0, instance:com.demo.datadriven.LoginToAppExcel@327514f]" started-at="2024-05-15T20:07:20 IST" name="loginToApplication" data-provider="loginData" finished-at="2024-05-15T20:07:28 IST" duration-ms="7657" status="PASS">
          <params>
            <param index="0">
              <value>
                <![CDATA[Admin]]>
              </value>
            </param>
            <param index="1">
              <value>
                <![CDATA[Dummy]]>
              </value>
            </param>
          </params>
          <reporter-output>
          </reporter-output>
        </test-method> <!-- loginToApplication -->
        <test-method signature="loginToApplication(java.lang.String,java.lang.String)[pri:0, instance:com.demo.datadriven.LoginToAppExcel@327514f]" started-at="2024-05-15T20:07:28 IST" name="loginToApplication" data-provider="loginData" finished-at="2024-05-15T20:07:35 IST" duration-ms="7257" status="PASS">
          <params>
            <param index="0">
              <value>
                <![CDATA[Dummy ]]>
              </value>
            </param>
            <param index="1">
              <value>
                <![CDATA[Dummy]]>
              </value>
            </param>
          </params>
          <reporter-output>
          </reporter-output>
        </test-method> <!-- loginToApplication -->
        <test-method signature="loginToApplication(java.lang.String,java.lang.String)[pri:0, instance:com.demo.datadriven.LoginToAppExcel@327514f]" started-at="2024-05-15T20:07:35 IST" name="loginToApplication" data-provider="loginData" finished-at="2024-05-15T20:07:43 IST" duration-ms="7577" status="PASS">
          <params>
            <param index="0">
              <value>
                <![CDATA[Admin]]>
              </value>
            </param>
            <param index="1">
              <value>
                <![CDATA[admin123]]>
              </value>
            </param>
          </params>
          <reporter-output>
          </reporter-output>
        </test-method> <!-- loginToApplication -->
        <test-method is-config="true" signature="afterTest()[pri:0, instance:com.demo.datadriven.LoginToAppExcel@327514f]" started-at="2024-05-15T20:07:43 IST" name="afterTest" finished-at="2024-05-15T20:07:43 IST" duration-ms="352" status="PASS">
          <reporter-output>
          </reporter-output>
        </test-method> <!-- afterTest -->
      </class> <!-- com.demo.datadriven.LoginToAppExcel -->
    </test> <!-- Default test -->
  </suite> <!-- Default suite -->
</testng-results>
