<?xml version="1.0" encoding="UTF-8"?>
<testng-results ignored="0" total="1" passed="1" failed="0" skipped="0">
  <reporter-output>
  </reporter-output>
  <suite started-at="2023-03-05T00:39:18 IST" name="Default suite" finished-at="2023-03-05T00:39:26 IST" duration-ms="7733">
    <groups>
    </groups>
    <test started-at="2023-03-05T00:39:18 IST" name="Default test" finished-at="2023-03-05T00:39:26 IST" duration-ms="7733">
      <class name="com.pagefactory.com.pagefactory.com.PageFac">
        <test-method is-config="true" signature="method1()[pri:0, instance:com.pagefactory.com.pagefactory.com.PageFac@659a969b]" started-at="2023-03-05T00:39:18 IST" name="method1" finished-at="2023-03-05T00:39:20 IST" duration-ms="2572" status="PASS">
          <reporter-output>
          </reporter-output>
        </test-method> <!-- method1 -->
        <test-method signature="method2()[pri:0, instance:com.pagefactory.com.pagefactory.com.PageFac@659a969b]" started-at="2023-03-05T00:39:21 IST" name="method2" finished-at="2023-03-05T00:39:26 IST" duration-ms="5121" status="PASS">
          <reporter-output>
          </reporter-output>
        </test-method> <!-- method2 -->
      </class> <!-- com.pagefactory.com.pagefactory.com.PageFac -->
    </test> <!-- Default test -->
  </suite> <!-- Default suite -->
</testng-results>
