<?xml version="1.0" encoding="UTF-8"?>
<testng-results ignored="0" total="136" passed="136" failed="0" skipped="0">
  <reporter-output>
  </reporter-output>
  <suite started-at="2024-05-21T14:48:59 IST" name="Default suite" finished-at="2024-05-21T15:35:13 IST" duration-ms="2774144">
    <groups>
    </groups>
    <test started-at="2024-05-21T14:48:59 IST" name="Default test" finished-at="2024-05-21T15:35:13 IST" duration-ms="2774144">
      <class name="com.fordfoundation.salesforce.SF_Mailing_State">
        <test-method is-config="true" signature="initialSetup()[pri:0, instance:com.fordfoundation.salesforce.SF_Mailing_State@489115ef]" started-at="2024-05-21T14:48:59 IST" name="initialSetup" finished-at="2024-05-21T14:50:26 IST" duration-ms="86948" status="PASS">
          <reporter-output>
          </reporter-output>
        </test-method> <!-- initialSetup -->
        <test-method signature="getState(java.lang.String)[pri:0, instance:com.fordfoundation.salesforce.SF_Mailing_State@489115ef]" started-at="2024-05-21T14:50:26 IST" name="getState" data-provider="CountryName" finished-at="2024-05-21T14:50:46 IST" duration-ms="19841" status="PASS">
          <params>
            <param index="0">
              <value>
                <![CDATA[Kyrgyzstan]]>
              </value>
            </param>
          </params>
          <reporter-output>
          </reporter-output>
        </test-method> <!-- getState -->
        <test-method is-config="true" signature="writeToExcelFile()[pri:0, instance:com.fordfoundation.salesforce.SF_Mailing_State@489115ef]" started-at="2024-05-21T14:50:46 IST" name="writeToExcelFile" finished-at="2024-05-21T14:50:48 IST" duration-ms="1548" status="PASS">
          <reporter-output>
          </reporter-output>
        </test-method> <!-- writeToExcelFile -->
        <test-method signature="getState(java.lang.String)[pri:0, instance:com.fordfoundation.salesforce.SF_Mailing_State@489115ef]" started-at="2024-05-21T14:50:48 IST" name="getState" data-provider="CountryName" finished-at="2024-05-21T14:51:07 IST" duration-ms="19495" status="PASS">
          <params>
            <param index="0">
              <value>
                <![CDATA[Laos]]>
              </value>
            </param>
          </params>
          <reporter-output>
          </reporter-output>
        </test-method> <!-- getState -->
        <test-method is-config="true" signature="writeToExcelFile()[pri:0, instance:com.fordfoundation.salesforce.SF_Mailing_State@489115ef]" started-at="2024-05-21T14:51:07 IST" name="writeToExcelFile" finished-at="2024-05-21T14:51:08 IST" duration-ms="222" status="PASS">
          <reporter-output>
          </reporter-output>
        </test-method> <!-- writeToExcelFile -->
        <test-method signature="getState(java.lang.String)[pri:0, instance:com.fordfoundation.salesforce.SF_Mailing_State@489115ef]" started-at="2024-05-21T14:51:08 IST" name="getState" data-provider="CountryName" finished-at="2024-05-21T14:51:30 IST" duration-ms="22469" status="PASS">
          <params>
            <param index="0">
              <value>
                <![CDATA[Latvia]]>
              </value>
            </param>
          </params>
          <reporter-output>
          </reporter-output>
        </test-method> <!-- getState -->
        <test-method is-config="true" signature="writeToExcelFile()[pri:0, instance:com.fordfoundation.salesforce.SF_Mailing_State@489115ef]" started-at="2024-05-21T14:51:30 IST" name="writeToExcelFile" finished-at="2024-05-21T14:51:31 IST" duration-ms="607" status="PASS">
          <reporter-output>
          </reporter-output>
        </test-method> <!-- writeToExcelFile -->
        <test-method signature="getState(java.lang.String)[pri:0, instance:com.fordfoundation.salesforce.SF_Mailing_State@489115ef]" started-at="2024-05-21T14:51:31 IST" name="getState" data-provider="CountryName" finished-at="2024-05-21T14:51:49 IST" duration-ms="18100" status="PASS">
          <params>
            <param index="0">
              <value>
                <![CDATA[Lebanon]]>
              </value>
            </param>
          </params>
          <reporter-output>
          </reporter-output>
        </test-method> <!-- getState -->
        <test-method is-config="true" signature="writeToExcelFile()[pri:0, instance:com.fordfoundation.salesforce.SF_Mailing_State@489115ef]" started-at="2024-05-21T14:51:49 IST" name="writeToExcelFile" finished-at="2024-05-21T14:51:49 IST" duration-ms="164" status="PASS">
          <reporter-output>
          </reporter-output>
        </test-method> <!-- writeToExcelFile -->
        <test-method signature="getState(java.lang.String)[pri:0, instance:com.fordfoundation.salesforce.SF_Mailing_State@489115ef]" started-at="2024-05-21T14:51:49 IST" name="getState" data-provider="CountryName" finished-at="2024-05-21T14:52:07 IST" duration-ms="17846" status="PASS">
          <params>
            <param index="0">
              <value>
                <![CDATA[Lesotho]]>
              </value>
            </param>
          </params>
          <reporter-output>
          </reporter-output>
        </test-method> <!-- getState -->
        <test-method is-config="true" signature="writeToExcelFile()[pri:0, instance:com.fordfoundation.salesforce.SF_Mailing_State@489115ef]" started-at="2024-05-21T14:52:07 IST" name="writeToExcelFile" finished-at="2024-05-21T14:52:07 IST" duration-ms="165" status="PASS">
          <reporter-output>
          </reporter-output>
        </test-method> <!-- writeToExcelFile -->
        <test-method signature="getState(java.lang.String)[pri:0, instance:com.fordfoundation.salesforce.SF_Mailing_State@489115ef]" started-at="2024-05-21T14:52:07 IST" name="getState" data-provider="CountryName" finished-at="2024-05-21T14:52:26 IST" duration-ms="18881" status="PASS">
          <params>
            <param index="0">
              <value>
                <![CDATA[Liberia]]>
              </value>
            </param>
          </params>
          <reporter-output>
          </reporter-output>
        </test-method> <!-- getState -->
        <test-method is-config="true" signature="writeToExcelFile()[pri:0, instance:com.fordfoundation.salesforce.SF_Mailing_State@489115ef]" started-at="2024-05-21T14:52:26 IST" name="writeToExcelFile" finished-at="2024-05-21T14:52:26 IST" duration-ms="189" status="PASS">
          <reporter-output>
          </reporter-output>
        </test-method> <!-- writeToExcelFile -->
        <test-method signature="getState(java.lang.String)[pri:0, instance:com.fordfoundation.salesforce.SF_Mailing_State@489115ef]" started-at="2024-05-21T14:52:26 IST" name="getState" data-provider="CountryName" finished-at="2024-05-21T14:52:46 IST" duration-ms="20217" status="PASS">
          <params>
            <param index="0">
              <value>
                <![CDATA[Libya]]>
              </value>
            </param>
          </params>
          <reporter-output>
          </reporter-output>
        </test-method> <!-- getState -->
        <test-method is-config="true" signature="writeToExcelFile()[pri:0, instance:com.fordfoundation.salesforce.SF_Mailing_State@489115ef]" started-at="2024-05-21T14:52:46 IST" name="writeToExcelFile" finished-at="2024-05-21T14:52:47 IST" duration-ms="319" status="PASS">
          <reporter-output>
          </reporter-output>
        </test-method> <!-- writeToExcelFile -->
        <test-method signature="getState(java.lang.String)[pri:0, instance:com.fordfoundation.salesforce.SF_Mailing_State@489115ef]" started-at="2024-05-21T14:52:47 IST" name="getState" data-provider="CountryName" finished-at="2024-05-21T14:53:05 IST" duration-ms="18485" status="PASS">
          <params>
            <param index="0">
              <value>
                <![CDATA[Liechtenstein]]>
              </value>
            </param>
          </params>
          <reporter-output>
          </reporter-output>
        </test-method> <!-- getState -->
        <test-method is-config="true" signature="writeToExcelFile()[pri:0, instance:com.fordfoundation.salesforce.SF_Mailing_State@489115ef]" started-at="2024-05-21T14:53:05 IST" name="writeToExcelFile" finished-at="2024-05-21T14:53:05 IST" duration-ms="208" status="PASS">
          <reporter-output>
          </reporter-output>
        </test-method> <!-- writeToExcelFile -->
        <test-method signature="getState(java.lang.String)[pri:0, instance:com.fordfoundation.salesforce.SF_Mailing_State@489115ef]" started-at="2024-05-21T14:53:05 IST" name="getState" data-provider="CountryName" finished-at="2024-05-21T14:53:23 IST" duration-ms="17792" status="PASS">
          <params>
            <param index="0">
              <value>
                <![CDATA[Lithuania]]>
              </value>
            </param>
          </params>
          <reporter-output>
          </reporter-output>
        </test-method> <!-- getState -->
        <test-method is-config="true" signature="writeToExcelFile()[pri:0, instance:com.fordfoundation.salesforce.SF_Mailing_State@489115ef]" started-at="2024-05-21T14:53:23 IST" name="writeToExcelFile" finished-at="2024-05-21T14:53:23 IST" duration-ms="237" status="PASS">
          <reporter-output>
          </reporter-output>
        </test-method> <!-- writeToExcelFile -->
        <test-method signature="getState(java.lang.String)[pri:0, instance:com.fordfoundation.salesforce.SF_Mailing_State@489115ef]" started-at="2024-05-21T14:53:23 IST" name="getState" data-provider="CountryName" finished-at="2024-05-21T14:53:39 IST" duration-ms="16173" status="PASS">
          <params>
            <param index="0">
              <value>
                <![CDATA[Luxembourg]]>
              </value>
            </param>
          </params>
          <reporter-output>
          </reporter-output>
        </test-method> <!-- getState -->
        <test-method is-config="true" signature="writeToExcelFile()[pri:0, instance:com.fordfoundation.salesforce.SF_Mailing_State@489115ef]" started-at="2024-05-21T14:53:39 IST" name="writeToExcelFile" finished-at="2024-05-21T14:53:40 IST" duration-ms="61" status="PASS">
          <reporter-output>
          </reporter-output>
        </test-method> <!-- writeToExcelFile -->
        <test-method signature="getState(java.lang.String)[pri:0, instance:com.fordfoundation.salesforce.SF_Mailing_State@489115ef]" started-at="2024-05-21T14:53:40 IST" name="getState" data-provider="CountryName" finished-at="2024-05-21T14:53:55 IST" duration-ms="15687" status="PASS">
          <params>
            <param index="0">
              <value>
                <![CDATA[Macao]]>
              </value>
            </param>
          </params>
          <reporter-output>
          </reporter-output>
        </test-method> <!-- getState -->
        <test-method is-config="true" signature="writeToExcelFile()[pri:0, instance:com.fordfoundation.salesforce.SF_Mailing_State@489115ef]" started-at="2024-05-21T14:53:55 IST" name="writeToExcelFile" finished-at="2024-05-21T14:53:55 IST" duration-ms="18" status="PASS">
          <reporter-output>
          </reporter-output>
        </test-method> <!-- writeToExcelFile -->
        <test-method signature="getState(java.lang.String)[pri:0, instance:com.fordfoundation.salesforce.SF_Mailing_State@489115ef]" started-at="2024-05-21T14:53:55 IST" name="getState" data-provider="CountryName" finished-at="2024-05-21T14:54:39 IST" duration-ms="43660" status="PASS">
          <params>
            <param index="0">
              <value>
                <![CDATA[Macedonia, The Former Yugoslav Republic of]]>
              </value>
            </param>
          </params>
          <reporter-output>
          </reporter-output>
        </test-method> <!-- getState -->
        <test-method is-config="true" signature="writeToExcelFile()[pri:0, instance:com.fordfoundation.salesforce.SF_Mailing_State@489115ef]" started-at="2024-05-21T14:54:39 IST" name="writeToExcelFile" finished-at="2024-05-21T14:54:41 IST" duration-ms="1634" status="PASS">
          <reporter-output>
          </reporter-output>
        </test-method> <!-- writeToExcelFile -->
        <test-method signature="getState(java.lang.String)[pri:0, instance:com.fordfoundation.salesforce.SF_Mailing_State@489115ef]" started-at="2024-05-21T14:54:41 IST" name="getState" data-provider="CountryName" finished-at="2024-05-21T14:54:57 IST" duration-ms="16748" status="PASS">
          <params>
            <param index="0">
              <value>
                <![CDATA[Madagascar]]>
              </value>
            </param>
          </params>
          <reporter-output>
          </reporter-output>
        </test-method> <!-- getState -->
        <test-method is-config="true" signature="writeToExcelFile()[pri:0, instance:com.fordfoundation.salesforce.SF_Mailing_State@489115ef]" started-at="2024-05-21T14:54:57 IST" name="writeToExcelFile" finished-at="2024-05-21T14:54:57 IST" duration-ms="89" status="PASS">
          <reporter-output>
          </reporter-output>
        </test-method> <!-- writeToExcelFile -->
        <test-method signature="getState(java.lang.String)[pri:0, instance:com.fordfoundation.salesforce.SF_Mailing_State@489115ef]" started-at="2024-05-21T14:54:57 IST" name="getState" data-provider="CountryName" finished-at="2024-05-21T14:55:19 IST" duration-ms="21483" status="PASS">
          <params>
            <param index="0">
              <value>
                <![CDATA[Malawi]]>
              </value>
            </param>
          </params>
          <reporter-output>
          </reporter-output>
        </test-method> <!-- getState -->
        <test-method is-config="true" signature="writeToExcelFile()[pri:0, instance:com.fordfoundation.salesforce.SF_Mailing_State@489115ef]" started-at="2024-05-21T14:55:19 IST" name="writeToExcelFile" finished-at="2024-05-21T14:55:19 IST" duration-ms="318" status="PASS">
          <reporter-output>
          </reporter-output>
        </test-method> <!-- writeToExcelFile -->
        <test-method signature="getState(java.lang.String)[pri:0, instance:com.fordfoundation.salesforce.SF_Mailing_State@489115ef]" started-at="2024-05-21T14:55:19 IST" name="getState" data-provider="CountryName" finished-at="2024-05-21T14:55:38 IST" duration-ms="19226" status="PASS">
          <params>
            <param index="0">
              <value>
                <![CDATA[Malaysia]]>
              </value>
            </param>
          </params>
          <reporter-output>
          </reporter-output>
        </test-method> <!-- getState -->
        <test-method is-config="true" signature="writeToExcelFile()[pri:0, instance:com.fordfoundation.salesforce.SF_Mailing_State@489115ef]" started-at="2024-05-21T14:55:38 IST" name="writeToExcelFile" finished-at="2024-05-21T14:55:39 IST" duration-ms="209" status="PASS">
          <reporter-output>
          </reporter-output>
        </test-method> <!-- writeToExcelFile -->
        <test-method signature="getState(java.lang.String)[pri:0, instance:com.fordfoundation.salesforce.SF_Mailing_State@489115ef]" started-at="2024-05-21T14:55:39 IST" name="getState" data-provider="CountryName" finished-at="2024-05-21T14:55:54 IST" duration-ms="15632" status="PASS">
          <params>
            <param index="0">
              <value>
                <![CDATA[Maldives]]>
              </value>
            </param>
          </params>
          <reporter-output>
          </reporter-output>
        </test-method> <!-- getState -->
        <test-method is-config="true" signature="writeToExcelFile()[pri:0, instance:com.fordfoundation.salesforce.SF_Mailing_State@489115ef]" started-at="2024-05-21T14:55:54 IST" name="writeToExcelFile" finished-at="2024-05-21T14:55:54 IST" duration-ms="17" status="PASS">
          <reporter-output>
          </reporter-output>
        </test-method> <!-- writeToExcelFile -->
        <test-method signature="getState(java.lang.String)[pri:0, instance:com.fordfoundation.salesforce.SF_Mailing_State@489115ef]" started-at="2024-05-21T14:55:54 IST" name="getState" data-provider="CountryName" finished-at="2024-05-21T14:56:12 IST" duration-ms="17556" status="PASS">
          <params>
            <param index="0">
              <value>
                <![CDATA[Mali]]>
              </value>
            </param>
          </params>
          <reporter-output>
          </reporter-output>
        </test-method> <!-- getState -->
        <test-method is-config="true" signature="writeToExcelFile()[pri:0, instance:com.fordfoundation.salesforce.SF_Mailing_State@489115ef]" started-at="2024-05-21T14:56:12 IST" name="writeToExcelFile" finished-at="2024-05-21T14:56:12 IST" duration-ms="142" status="PASS">
          <reporter-output>
          </reporter-output>
        </test-method> <!-- writeToExcelFile -->
        <test-method signature="getState(java.lang.String)[pri:0, instance:com.fordfoundation.salesforce.SF_Mailing_State@489115ef]" started-at="2024-05-21T14:56:12 IST" name="getState" data-provider="CountryName" finished-at="2024-05-21T14:56:28 IST" duration-ms="15858" status="PASS">
          <params>
            <param index="0">
              <value>
                <![CDATA[Malta]]>
              </value>
            </param>
          </params>
          <reporter-output>
          </reporter-output>
        </test-method> <!-- getState -->
        <test-method is-config="true" signature="writeToExcelFile()[pri:0, instance:com.fordfoundation.salesforce.SF_Mailing_State@489115ef]" started-at="2024-05-21T14:56:28 IST" name="writeToExcelFile" finished-at="2024-05-21T14:56:28 IST" duration-ms="16" status="PASS">
          <reporter-output>
          </reporter-output>
        </test-method> <!-- writeToExcelFile -->
        <test-method signature="getState(java.lang.String)[pri:0, instance:com.fordfoundation.salesforce.SF_Mailing_State@489115ef]" started-at="2024-05-21T14:56:28 IST" name="getState" data-provider="CountryName" finished-at="2024-05-21T14:56:43 IST" duration-ms="15576" status="PASS">
          <params>
            <param index="0">
              <value>
                <![CDATA[Man, Isle of]]>
              </value>
            </param>
          </params>
          <reporter-output>
          </reporter-output>
        </test-method> <!-- getState -->
        <test-method is-config="true" signature="writeToExcelFile()[pri:0, instance:com.fordfoundation.salesforce.SF_Mailing_State@489115ef]" started-at="2024-05-21T14:56:43 IST" name="writeToExcelFile" finished-at="2024-05-21T14:56:43 IST" duration-ms="17" status="PASS">
          <reporter-output>
          </reporter-output>
        </test-method> <!-- writeToExcelFile -->
        <test-method signature="getState(java.lang.String)[pri:0, instance:com.fordfoundation.salesforce.SF_Mailing_State@489115ef]" started-at="2024-05-21T14:56:43 IST" name="getState" data-provider="CountryName" finished-at="2024-05-21T14:56:59 IST" duration-ms="15620" status="PASS">
          <params>
            <param index="0">
              <value>
                <![CDATA[Marshall Islands]]>
              </value>
            </param>
          </params>
          <reporter-output>
          </reporter-output>
        </test-method> <!-- getState -->
        <test-method is-config="true" signature="writeToExcelFile()[pri:0, instance:com.fordfoundation.salesforce.SF_Mailing_State@489115ef]" started-at="2024-05-21T14:56:59 IST" name="writeToExcelFile" finished-at="2024-05-21T14:56:59 IST" duration-ms="15" status="PASS">
          <reporter-output>
          </reporter-output>
        </test-method> <!-- writeToExcelFile -->
        <test-method signature="getState(java.lang.String)[pri:0, instance:com.fordfoundation.salesforce.SF_Mailing_State@489115ef]" started-at="2024-05-21T14:56:59 IST" name="getState" data-provider="CountryName" finished-at="2024-05-21T14:57:15 IST" duration-ms="15441" status="PASS">
          <params>
            <param index="0">
              <value>
                <![CDATA[Martinique]]>
              </value>
            </param>
          </params>
          <reporter-output>
          </reporter-output>
        </test-method> <!-- getState -->
        <test-method is-config="true" signature="writeToExcelFile()[pri:0, instance:com.fordfoundation.salesforce.SF_Mailing_State@489115ef]" started-at="2024-05-21T14:57:15 IST" name="writeToExcelFile" finished-at="2024-05-21T14:57:15 IST" duration-ms="22" status="PASS">
          <reporter-output>
          </reporter-output>
        </test-method> <!-- writeToExcelFile -->
        <test-method signature="getState(java.lang.String)[pri:0, instance:com.fordfoundation.salesforce.SF_Mailing_State@489115ef]" started-at="2024-05-21T14:57:15 IST" name="getState" data-provider="CountryName" finished-at="2024-05-21T14:57:33 IST" duration-ms="18145" status="PASS">
          <params>
            <param index="0">
              <value>
                <![CDATA[Mauritania]]>
              </value>
            </param>
          </params>
          <reporter-output>
          </reporter-output>
        </test-method> <!-- getState -->
        <test-method is-config="true" signature="writeToExcelFile()[pri:0, instance:com.fordfoundation.salesforce.SF_Mailing_State@489115ef]" started-at="2024-05-21T14:57:33 IST" name="writeToExcelFile" finished-at="2024-05-21T14:57:33 IST" duration-ms="180" status="PASS">
          <reporter-output>
          </reporter-output>
        </test-method> <!-- writeToExcelFile -->
        <test-method signature="getState(java.lang.String)[pri:0, instance:com.fordfoundation.salesforce.SF_Mailing_State@489115ef]" started-at="2024-05-21T14:57:33 IST" name="getState" data-provider="CountryName" finished-at="2024-05-21T14:57:51 IST" duration-ms="18382" status="PASS">
          <params>
            <param index="0">
              <value>
                <![CDATA[Mauritius]]>
              </value>
            </param>
          </params>
          <reporter-output>
          </reporter-output>
        </test-method> <!-- getState -->
        <test-method is-config="true" signature="writeToExcelFile()[pri:0, instance:com.fordfoundation.salesforce.SF_Mailing_State@489115ef]" started-at="2024-05-21T14:57:51 IST" name="writeToExcelFile" finished-at="2024-05-21T14:57:52 IST" duration-ms="201" status="PASS">
          <reporter-output>
          </reporter-output>
        </test-method> <!-- writeToExcelFile -->
        <test-method signature="getState(java.lang.String)[pri:0, instance:com.fordfoundation.salesforce.SF_Mailing_State@489115ef]" started-at="2024-05-21T14:57:52 IST" name="getState" data-provider="CountryName" finished-at="2024-05-21T14:58:07 IST" duration-ms="15465" status="PASS">
          <params>
            <param index="0">
              <value>
                <![CDATA[Mayotte]]>
              </value>
            </param>
          </params>
          <reporter-output>
          </reporter-output>
        </test-method> <!-- getState -->
        <test-method is-config="true" signature="writeToExcelFile()[pri:0, instance:com.fordfoundation.salesforce.SF_Mailing_State@489115ef]" started-at="2024-05-21T14:58:07 IST" name="writeToExcelFile" finished-at="2024-05-21T14:58:07 IST" duration-ms="15" status="PASS">
          <reporter-output>
          </reporter-output>
        </test-method> <!-- writeToExcelFile -->
        <test-method signature="getState(java.lang.String)[pri:0, instance:com.fordfoundation.salesforce.SF_Mailing_State@489115ef]" started-at="2024-05-21T14:58:07 IST" name="getState" data-provider="CountryName" finished-at="2024-05-21T14:58:30 IST" duration-ms="22921" status="PASS">
          <params>
            <param index="0">
              <value>
                <![CDATA[Mexico]]>
              </value>
            </param>
          </params>
          <reporter-output>
          </reporter-output>
        </test-method> <!-- getState -->
        <test-method is-config="true" signature="writeToExcelFile()[pri:0, instance:com.fordfoundation.salesforce.SF_Mailing_State@489115ef]" started-at="2024-05-21T14:58:30 IST" name="writeToExcelFile" finished-at="2024-05-21T14:58:30 IST" duration-ms="571" status="PASS">
          <reporter-output>
          </reporter-output>
        </test-method> <!-- writeToExcelFile -->
        <test-method signature="getState(java.lang.String)[pri:0, instance:com.fordfoundation.salesforce.SF_Mailing_State@489115ef]" started-at="2024-05-21T14:58:30 IST" name="getState" data-provider="CountryName" finished-at="2024-05-21T14:58:47 IST" duration-ms="16346" status="PASS">
          <params>
            <param index="0">
              <value>
                <![CDATA[Micronesia, Federated States of]]>
              </value>
            </param>
          </params>
          <reporter-output>
          </reporter-output>
        </test-method> <!-- getState -->
        <test-method is-config="true" signature="writeToExcelFile()[pri:0, instance:com.fordfoundation.salesforce.SF_Mailing_State@489115ef]" started-at="2024-05-21T14:58:47 IST" name="writeToExcelFile" finished-at="2024-05-21T14:58:47 IST" duration-ms="74" status="PASS">
          <reporter-output>
          </reporter-output>
        </test-method> <!-- writeToExcelFile -->
        <test-method signature="getState(java.lang.String)[pri:0, instance:com.fordfoundation.salesforce.SF_Mailing_State@489115ef]" started-at="2024-05-21T14:58:47 IST" name="getState" data-provider="CountryName" finished-at="2024-05-21T14:59:11 IST" duration-ms="24498" status="PASS">
          <params>
            <param index="0">
              <value>
                <![CDATA[Moldova]]>
              </value>
            </param>
          </params>
          <reporter-output>
          </reporter-output>
        </test-method> <!-- getState -->
        <test-method is-config="true" signature="writeToExcelFile()[pri:0, instance:com.fordfoundation.salesforce.SF_Mailing_State@489115ef]" started-at="2024-05-21T14:59:11 IST" name="writeToExcelFile" finished-at="2024-05-21T14:59:12 IST" duration-ms="479" status="PASS">
          <reporter-output>
          </reporter-output>
        </test-method> <!-- writeToExcelFile -->
        <test-method signature="getState(java.lang.String)[pri:0, instance:com.fordfoundation.salesforce.SF_Mailing_State@489115ef]" started-at="2024-05-21T14:59:12 IST" name="getState" data-provider="CountryName" finished-at="2024-05-21T14:59:28 IST" duration-ms="16120" status="PASS">
          <params>
            <param index="0">
              <value>
                <![CDATA[Monaco]]>
              </value>
            </param>
          </params>
          <reporter-output>
          </reporter-output>
        </test-method> <!-- getState -->
        <test-method is-config="true" signature="writeToExcelFile()[pri:0, instance:com.fordfoundation.salesforce.SF_Mailing_State@489115ef]" started-at="2024-05-21T14:59:28 IST" name="writeToExcelFile" finished-at="2024-05-21T14:59:28 IST" duration-ms="65" status="PASS">
          <reporter-output>
          </reporter-output>
        </test-method> <!-- writeToExcelFile -->
        <test-method signature="getState(java.lang.String)[pri:0, instance:com.fordfoundation.salesforce.SF_Mailing_State@489115ef]" started-at="2024-05-21T14:59:28 IST" name="getState" data-provider="CountryName" finished-at="2024-05-21T14:59:49 IST" duration-ms="21339" status="PASS">
          <params>
            <param index="0">
              <value>
                <![CDATA[Mongolia]]>
              </value>
            </param>
          </params>
          <reporter-output>
          </reporter-output>
        </test-method> <!-- getState -->
        <test-method is-config="true" signature="writeToExcelFile()[pri:0, instance:com.fordfoundation.salesforce.SF_Mailing_State@489115ef]" started-at="2024-05-21T14:59:49 IST" name="writeToExcelFile" finished-at="2024-05-21T14:59:50 IST" duration-ms="292" status="PASS">
          <reporter-output>
          </reporter-output>
        </test-method> <!-- writeToExcelFile -->
        <test-method signature="getState(java.lang.String)[pri:0, instance:com.fordfoundation.salesforce.SF_Mailing_State@489115ef]" started-at="2024-05-21T14:59:50 IST" name="getState" data-provider="CountryName" finished-at="2024-05-21T15:00:05 IST" duration-ms="15501" status="PASS">
          <params>
            <param index="0">
              <value>
                <![CDATA[Montenegro]]>
              </value>
            </param>
          </params>
          <reporter-output>
          </reporter-output>
        </test-method> <!-- getState -->
        <test-method is-config="true" signature="writeToExcelFile()[pri:0, instance:com.fordfoundation.salesforce.SF_Mailing_State@489115ef]" started-at="2024-05-21T15:00:05 IST" name="writeToExcelFile" finished-at="2024-05-21T15:00:05 IST" duration-ms="22" status="PASS">
          <reporter-output>
          </reporter-output>
        </test-method> <!-- writeToExcelFile -->
        <test-method signature="getState(java.lang.String)[pri:0, instance:com.fordfoundation.salesforce.SF_Mailing_State@489115ef]" started-at="2024-05-21T15:00:05 IST" name="getState" data-provider="CountryName" finished-at="2024-05-21T15:00:22 IST" duration-ms="16383" status="PASS">
          <params>
            <param index="0">
              <value>
                <![CDATA[Montserrat]]>
              </value>
            </param>
          </params>
          <reporter-output>
          </reporter-output>
        </test-method> <!-- getState -->
        <test-method is-config="true" signature="writeToExcelFile()[pri:0, instance:com.fordfoundation.salesforce.SF_Mailing_State@489115ef]" started-at="2024-05-21T15:00:22 IST" name="writeToExcelFile" finished-at="2024-05-21T15:00:22 IST" duration-ms="61" status="PASS">
          <reporter-output>
          </reporter-output>
        </test-method> <!-- writeToExcelFile -->
        <test-method signature="getState(java.lang.String)[pri:0, instance:com.fordfoundation.salesforce.SF_Mailing_State@489115ef]" started-at="2024-05-21T15:00:22 IST" name="getState" data-provider="CountryName" finished-at="2024-05-21T15:00:48 IST" duration-ms="26230" status="PASS">
          <params>
            <param index="0">
              <value>
                <![CDATA[Morocco]]>
              </value>
            </param>
          </params>
          <reporter-output>
          </reporter-output>
        </test-method> <!-- getState -->
        <test-method is-config="true" signature="writeToExcelFile()[pri:0, instance:com.fordfoundation.salesforce.SF_Mailing_State@489115ef]" started-at="2024-05-21T15:00:48 IST" name="writeToExcelFile" finished-at="2024-05-21T15:00:49 IST" duration-ms="786" status="PASS">
          <reporter-output>
          </reporter-output>
        </test-method> <!-- writeToExcelFile -->
        <test-method signature="getState(java.lang.String)[pri:0, instance:com.fordfoundation.salesforce.SF_Mailing_State@489115ef]" started-at="2024-05-21T15:00:49 IST" name="getState" data-provider="CountryName" finished-at="2024-05-21T15:01:07 IST" duration-ms="17833" status="PASS">
          <params>
            <param index="0">
              <value>
                <![CDATA[Mozambique]]>
              </value>
            </param>
          </params>
          <reporter-output>
          </reporter-output>
        </test-method> <!-- getState -->
        <test-method is-config="true" signature="writeToExcelFile()[pri:0, instance:com.fordfoundation.salesforce.SF_Mailing_State@489115ef]" started-at="2024-05-21T15:01:07 IST" name="writeToExcelFile" finished-at="2024-05-21T15:01:07 IST" duration-ms="192" status="PASS">
          <reporter-output>
          </reporter-output>
        </test-method> <!-- writeToExcelFile -->
        <test-method signature="getState(java.lang.String)[pri:0, instance:com.fordfoundation.salesforce.SF_Mailing_State@489115ef]" started-at="2024-05-21T15:01:07 IST" name="getState" data-provider="CountryName" finished-at="2024-05-21T15:01:31 IST" duration-ms="24509" status="PASS">
          <params>
            <param index="0">
              <value>
                <![CDATA[Namibia]]>
              </value>
            </param>
          </params>
          <reporter-output>
          </reporter-output>
        </test-method> <!-- getState -->
        <test-method is-config="true" signature="writeToExcelFile()[pri:0, instance:com.fordfoundation.salesforce.SF_Mailing_State@489115ef]" started-at="2024-05-21T15:01:31 IST" name="writeToExcelFile" finished-at="2024-05-21T15:01:32 IST" duration-ms="443" status="PASS">
          <reporter-output>
          </reporter-output>
        </test-method> <!-- writeToExcelFile -->
        <test-method signature="getState(java.lang.String)[pri:0, instance:com.fordfoundation.salesforce.SF_Mailing_State@489115ef]" started-at="2024-05-21T15:01:32 IST" name="getState" data-provider="CountryName" finished-at="2024-05-21T15:01:50 IST" duration-ms="18688" status="PASS">
          <params>
            <param index="0">
              <value>
                <![CDATA[Nauru]]>
              </value>
            </param>
          </params>
          <reporter-output>
          </reporter-output>
        </test-method> <!-- getState -->
        <test-method is-config="true" signature="writeToExcelFile()[pri:0, instance:com.fordfoundation.salesforce.SF_Mailing_State@489115ef]" started-at="2024-05-21T15:01:50 IST" name="writeToExcelFile" finished-at="2024-05-21T15:01:51 IST" duration-ms="438" status="PASS">
          <reporter-output>
          </reporter-output>
        </test-method> <!-- writeToExcelFile -->
        <test-method signature="getState(java.lang.String)[pri:0, instance:com.fordfoundation.salesforce.SF_Mailing_State@489115ef]" started-at="2024-05-21T15:01:51 IST" name="getState" data-provider="CountryName" finished-at="2024-05-21T15:02:10 IST" duration-ms="18771" status="PASS">
          <params>
            <param index="0">
              <value>
                <![CDATA[Nepal]]>
              </value>
            </param>
          </params>
          <reporter-output>
          </reporter-output>
        </test-method> <!-- getState -->
        <test-method is-config="true" signature="writeToExcelFile()[pri:0, instance:com.fordfoundation.salesforce.SF_Mailing_State@489115ef]" started-at="2024-05-21T15:02:10 IST" name="writeToExcelFile" finished-at="2024-05-21T15:02:10 IST" duration-ms="178" status="PASS">
          <reporter-output>
          </reporter-output>
        </test-method> <!-- writeToExcelFile -->
        <test-method signature="getState(java.lang.String)[pri:0, instance:com.fordfoundation.salesforce.SF_Mailing_State@489115ef]" started-at="2024-05-21T15:02:10 IST" name="getState" data-provider="CountryName" finished-at="2024-05-21T15:02:29 IST" duration-ms="19041" status="PASS">
          <params>
            <param index="0">
              <value>
                <![CDATA[Netherlands]]>
              </value>
            </param>
          </params>
          <reporter-output>
          </reporter-output>
        </test-method> <!-- getState -->
        <test-method is-config="true" signature="writeToExcelFile()[pri:0, instance:com.fordfoundation.salesforce.SF_Mailing_State@489115ef]" started-at="2024-05-21T15:02:29 IST" name="writeToExcelFile" finished-at="2024-05-21T15:02:29 IST" duration-ms="418" status="PASS">
          <reporter-output>
          </reporter-output>
        </test-method> <!-- writeToExcelFile -->
        <test-method signature="getState(java.lang.String)[pri:0, instance:com.fordfoundation.salesforce.SF_Mailing_State@489115ef]" started-at="2024-05-21T15:02:29 IST" name="getState" data-provider="CountryName" finished-at="2024-05-21T15:02:45 IST" duration-ms="15487" status="PASS">
          <params>
            <param index="0">
              <value>
                <![CDATA[Netherlands Antilles]]>
              </value>
            </param>
          </params>
          <reporter-output>
          </reporter-output>
        </test-method> <!-- getState -->
        <test-method is-config="true" signature="writeToExcelFile()[pri:0, instance:com.fordfoundation.salesforce.SF_Mailing_State@489115ef]" started-at="2024-05-21T15:02:45 IST" name="writeToExcelFile" finished-at="2024-05-21T15:02:45 IST" duration-ms="17" status="PASS">
          <reporter-output>
          </reporter-output>
        </test-method> <!-- writeToExcelFile -->
        <test-method signature="getState(java.lang.String)[pri:0, instance:com.fordfoundation.salesforce.SF_Mailing_State@489115ef]" started-at="2024-05-21T15:02:45 IST" name="getState" data-provider="CountryName" finished-at="2024-05-21T15:03:00 IST" duration-ms="15584" status="PASS">
          <params>
            <param index="0">
              <value>
                <![CDATA[New Caledonia]]>
              </value>
            </param>
          </params>
          <reporter-output>
          </reporter-output>
        </test-method> <!-- getState -->
        <test-method is-config="true" signature="writeToExcelFile()[pri:0, instance:com.fordfoundation.salesforce.SF_Mailing_State@489115ef]" started-at="2024-05-21T15:03:00 IST" name="writeToExcelFile" finished-at="2024-05-21T15:03:00 IST" duration-ms="25" status="PASS">
          <reporter-output>
          </reporter-output>
        </test-method> <!-- writeToExcelFile -->
        <test-method signature="getState(java.lang.String)[pri:0, instance:com.fordfoundation.salesforce.SF_Mailing_State@489115ef]" started-at="2024-05-21T15:03:00 IST" name="getState" data-provider="CountryName" finished-at="2024-05-21T15:03:20 IST" duration-ms="19565" status="PASS">
          <params>
            <param index="0">
              <value>
                <![CDATA[New Zealand]]>
              </value>
            </param>
          </params>
          <reporter-output>
          </reporter-output>
        </test-method> <!-- getState -->
        <test-method is-config="true" signature="writeToExcelFile()[pri:0, instance:com.fordfoundation.salesforce.SF_Mailing_State@489115ef]" started-at="2024-05-21T15:03:20 IST" name="writeToExcelFile" finished-at="2024-05-21T15:03:20 IST" duration-ms="171" status="PASS">
          <reporter-output>
          </reporter-output>
        </test-method> <!-- writeToExcelFile -->
        <test-method signature="getState(java.lang.String)[pri:0, instance:com.fordfoundation.salesforce.SF_Mailing_State@489115ef]" started-at="2024-05-21T15:03:20 IST" name="getState" data-provider="CountryName" finished-at="2024-05-21T15:03:39 IST" duration-ms="19370" status="PASS">
          <params>
            <param index="0">
              <value>
                <![CDATA[Nicaragua]]>
              </value>
            </param>
          </params>
          <reporter-output>
          </reporter-output>
        </test-method> <!-- getState -->
        <test-method is-config="true" signature="writeToExcelFile()[pri:0, instance:com.fordfoundation.salesforce.SF_Mailing_State@489115ef]" started-at="2024-05-21T15:03:39 IST" name="writeToExcelFile" finished-at="2024-05-21T15:03:40 IST" duration-ms="205" status="PASS">
          <reporter-output>
          </reporter-output>
        </test-method> <!-- writeToExcelFile -->
        <test-method signature="getState(java.lang.String)[pri:0, instance:com.fordfoundation.salesforce.SF_Mailing_State@489115ef]" started-at="2024-05-21T15:03:40 IST" name="getState" data-provider="CountryName" finished-at="2024-05-21T15:03:57 IST" duration-ms="17306" status="PASS">
          <params>
            <param index="0">
              <value>
                <![CDATA[Niger]]>
              </value>
            </param>
          </params>
          <reporter-output>
          </reporter-output>
        </test-method> <!-- getState -->
        <test-method is-config="true" signature="writeToExcelFile()[pri:0, instance:com.fordfoundation.salesforce.SF_Mailing_State@489115ef]" started-at="2024-05-21T15:03:57 IST" name="writeToExcelFile" finished-at="2024-05-21T15:03:57 IST" duration-ms="142" status="PASS">
          <reporter-output>
          </reporter-output>
        </test-method> <!-- writeToExcelFile -->
        <test-method signature="getState(java.lang.String)[pri:0, instance:com.fordfoundation.salesforce.SF_Mailing_State@489115ef]" started-at="2024-05-21T15:03:57 IST" name="getState" data-provider="CountryName" finished-at="2024-05-21T15:04:21 IST" duration-ms="24312" status="PASS">
          <params>
            <param index="0">
              <value>
                <![CDATA[Nigeria]]>
              </value>
            </param>
          </params>
          <reporter-output>
          </reporter-output>
        </test-method> <!-- getState -->
        <test-method is-config="true" signature="writeToExcelFile()[pri:0, instance:com.fordfoundation.salesforce.SF_Mailing_State@489115ef]" started-at="2024-05-21T15:04:21 IST" name="writeToExcelFile" finished-at="2024-05-21T15:04:23 IST" duration-ms="1668" status="PASS">
          <reporter-output>
          </reporter-output>
        </test-method> <!-- writeToExcelFile -->
        <test-method signature="getState(java.lang.String)[pri:0, instance:com.fordfoundation.salesforce.SF_Mailing_State@489115ef]" started-at="2024-05-21T15:04:23 IST" name="getState" data-provider="CountryName" finished-at="2024-05-21T15:04:39 IST" duration-ms="15857" status="PASS">
          <params>
            <param index="0">
              <value>
                <![CDATA[Niue]]>
              </value>
            </param>
          </params>
          <reporter-output>
          </reporter-output>
        </test-method> <!-- getState -->
        <test-method is-config="true" signature="writeToExcelFile()[pri:0, instance:com.fordfoundation.salesforce.SF_Mailing_State@489115ef]" started-at="2024-05-21T15:04:39 IST" name="writeToExcelFile" finished-at="2024-05-21T15:04:39 IST" duration-ms="11" status="PASS">
          <reporter-output>
          </reporter-output>
        </test-method> <!-- writeToExcelFile -->
        <test-method signature="getState(java.lang.String)[pri:0, instance:com.fordfoundation.salesforce.SF_Mailing_State@489115ef]" started-at="2024-05-21T15:04:39 IST" name="getState" data-provider="CountryName" finished-at="2024-05-21T15:04:54 IST" duration-ms="15480" status="PASS">
          <params>
            <param index="0">
              <value>
                <![CDATA[Norfolk Island]]>
              </value>
            </param>
          </params>
          <reporter-output>
          </reporter-output>
        </test-method> <!-- getState -->
        <test-method is-config="true" signature="writeToExcelFile()[pri:0, instance:com.fordfoundation.salesforce.SF_Mailing_State@489115ef]" started-at="2024-05-21T15:04:54 IST" name="writeToExcelFile" finished-at="2024-05-21T15:04:54 IST" duration-ms="17" status="PASS">
          <reporter-output>
          </reporter-output>
        </test-method> <!-- writeToExcelFile -->
        <test-method signature="getState(java.lang.String)[pri:0, instance:com.fordfoundation.salesforce.SF_Mailing_State@489115ef]" started-at="2024-05-21T15:04:54 IST" name="getState" data-provider="CountryName" finished-at="2024-05-21T15:05:10 IST" duration-ms="15445" status="PASS">
          <params>
            <param index="0">
              <value>
                <![CDATA[Northern Mariana Islands]]>
              </value>
            </param>
          </params>
          <reporter-output>
          </reporter-output>
        </test-method> <!-- getState -->
        <test-method is-config="true" signature="writeToExcelFile()[pri:0, instance:com.fordfoundation.salesforce.SF_Mailing_State@489115ef]" started-at="2024-05-21T15:05:10 IST" name="writeToExcelFile" finished-at="2024-05-21T15:05:10 IST" duration-ms="15" status="PASS">
          <reporter-output>
          </reporter-output>
        </test-method> <!-- writeToExcelFile -->
        <test-method signature="getState(java.lang.String)[pri:0, instance:com.fordfoundation.salesforce.SF_Mailing_State@489115ef]" started-at="2024-05-21T15:05:10 IST" name="getState" data-provider="CountryName" finished-at="2024-05-21T15:05:26 IST" duration-ms="15721" status="PASS">
          <params>
            <param index="0">
              <value>
                <![CDATA[North Korea]]>
              </value>
            </param>
          </params>
          <reporter-output>
          </reporter-output>
        </test-method> <!-- getState -->
        <test-method is-config="true" signature="writeToExcelFile()[pri:0, instance:com.fordfoundation.salesforce.SF_Mailing_State@489115ef]" started-at="2024-05-21T15:05:26 IST" name="writeToExcelFile" finished-at="2024-05-21T15:05:26 IST" duration-ms="393" status="PASS">
          <reporter-output>
          </reporter-output>
        </test-method> <!-- writeToExcelFile -->
        <test-method signature="getState(java.lang.String)[pri:0, instance:com.fordfoundation.salesforce.SF_Mailing_State@489115ef]" started-at="2024-05-21T15:05:26 IST" name="getState" data-provider="CountryName" finished-at="2024-05-21T15:05:46 IST" duration-ms="19825" status="PASS">
          <params>
            <param index="0">
              <value>
                <![CDATA[Norway]]>
              </value>
            </param>
          </params>
          <reporter-output>
          </reporter-output>
        </test-method> <!-- getState -->
        <test-method is-config="true" signature="writeToExcelFile()[pri:0, instance:com.fordfoundation.salesforce.SF_Mailing_State@489115ef]" started-at="2024-05-21T15:05:46 IST" name="writeToExcelFile" finished-at="2024-05-21T15:05:46 IST" duration-ms="231" status="PASS">
          <reporter-output>
          </reporter-output>
        </test-method> <!-- writeToExcelFile -->
        <test-method signature="getState(java.lang.String)[pri:0, instance:com.fordfoundation.salesforce.SF_Mailing_State@489115ef]" started-at="2024-05-21T15:05:46 IST" name="getState" data-provider="CountryName" finished-at="2024-05-21T15:06:03 IST" duration-ms="16971" status="PASS">
          <params>
            <param index="0">
              <value>
                <![CDATA[Oman]]>
              </value>
            </param>
          </params>
          <reporter-output>
          </reporter-output>
        </test-method> <!-- getState -->
        <test-method is-config="true" signature="writeToExcelFile()[pri:0, instance:com.fordfoundation.salesforce.SF_Mailing_State@489115ef]" started-at="2024-05-21T15:06:03 IST" name="writeToExcelFile" finished-at="2024-05-21T15:06:03 IST" duration-ms="355" status="PASS">
          <reporter-output>
          </reporter-output>
        </test-method> <!-- writeToExcelFile -->
        <test-method signature="getState(java.lang.String)[pri:0, instance:com.fordfoundation.salesforce.SF_Mailing_State@489115ef]" started-at="2024-05-21T15:06:03 IST" name="getState" data-provider="CountryName" finished-at="2024-05-21T15:06:20 IST" duration-ms="16984" status="PASS">
          <params>
            <param index="0">
              <value>
                <![CDATA[Pakistan]]>
              </value>
            </param>
          </params>
          <reporter-output>
          </reporter-output>
        </test-method> <!-- getState -->
        <test-method is-config="true" signature="writeToExcelFile()[pri:0, instance:com.fordfoundation.salesforce.SF_Mailing_State@489115ef]" started-at="2024-05-21T15:06:20 IST" name="writeToExcelFile" finished-at="2024-05-21T15:06:21 IST" duration-ms="104" status="PASS">
          <reporter-output>
          </reporter-output>
        </test-method> <!-- writeToExcelFile -->
        <test-method signature="getState(java.lang.String)[pri:0, instance:com.fordfoundation.salesforce.SF_Mailing_State@489115ef]" started-at="2024-05-21T15:06:21 IST" name="getState" data-provider="CountryName" finished-at="2024-05-21T15:06:37 IST" duration-ms="16003" status="PASS">
          <params>
            <param index="0">
              <value>
                <![CDATA[Palestine]]>
              </value>
            </param>
          </params>
          <reporter-output>
          </reporter-output>
        </test-method> <!-- getState -->
        <test-method is-config="true" signature="writeToExcelFile()[pri:0, instance:com.fordfoundation.salesforce.SF_Mailing_State@489115ef]" started-at="2024-05-21T15:06:37 IST" name="writeToExcelFile" finished-at="2024-05-21T15:06:37 IST" duration-ms="85" status="PASS">
          <reporter-output>
          </reporter-output>
        </test-method> <!-- writeToExcelFile -->
        <test-method signature="getState(java.lang.String)[pri:0, instance:com.fordfoundation.salesforce.SF_Mailing_State@489115ef]" started-at="2024-05-21T15:06:37 IST" name="getState" data-provider="CountryName" finished-at="2024-05-21T15:06:52 IST" duration-ms="15683" status="PASS">
          <params>
            <param index="0">
              <value>
                <![CDATA[Palestinian Territory, Occupied]]>
              </value>
            </param>
          </params>
          <reporter-output>
          </reporter-output>
        </test-method> <!-- getState -->
        <test-method is-config="true" signature="writeToExcelFile()[pri:0, instance:com.fordfoundation.salesforce.SF_Mailing_State@489115ef]" started-at="2024-05-21T15:06:52 IST" name="writeToExcelFile" finished-at="2024-05-21T15:06:52 IST" duration-ms="83" status="PASS">
          <reporter-output>
          </reporter-output>
        </test-method> <!-- writeToExcelFile -->
        <test-method signature="getState(java.lang.String)[pri:0, instance:com.fordfoundation.salesforce.SF_Mailing_State@489115ef]" started-at="2024-05-21T15:06:52 IST" name="getState" data-provider="CountryName" finished-at="2024-05-21T15:07:08 IST" duration-ms="15438" status="PASS">
          <params>
            <param index="0">
              <value>
                <![CDATA[Palmyra Atoll]]>
              </value>
            </param>
          </params>
          <reporter-output>
          </reporter-output>
        </test-method> <!-- getState -->
        <test-method is-config="true" signature="writeToExcelFile()[pri:0, instance:com.fordfoundation.salesforce.SF_Mailing_State@489115ef]" started-at="2024-05-21T15:07:08 IST" name="writeToExcelFile" finished-at="2024-05-21T15:07:08 IST" duration-ms="7" status="PASS">
          <reporter-output>
          </reporter-output>
        </test-method> <!-- writeToExcelFile -->
        <test-method signature="getState(java.lang.String)[pri:0, instance:com.fordfoundation.salesforce.SF_Mailing_State@489115ef]" started-at="2024-05-21T15:07:08 IST" name="getState" data-provider="CountryName" finished-at="2024-05-21T15:07:26 IST" duration-ms="17788" status="PASS">
          <params>
            <param index="0">
              <value>
                <![CDATA[Panama]]>
              </value>
            </param>
          </params>
          <reporter-output>
          </reporter-output>
        </test-method> <!-- getState -->
        <test-method is-config="true" signature="writeToExcelFile()[pri:0, instance:com.fordfoundation.salesforce.SF_Mailing_State@489115ef]" started-at="2024-05-21T15:07:26 IST" name="writeToExcelFile" finished-at="2024-05-21T15:07:26 IST" duration-ms="141" status="PASS">
          <reporter-output>
          </reporter-output>
        </test-method> <!-- writeToExcelFile -->
        <test-method signature="getState(java.lang.String)[pri:0, instance:com.fordfoundation.salesforce.SF_Mailing_State@489115ef]" started-at="2024-05-21T15:07:26 IST" name="getState" data-provider="CountryName" finished-at="2024-05-21T15:07:46 IST" duration-ms="20001" status="PASS">
          <params>
            <param index="0">
              <value>
                <![CDATA[Papua New Guinea]]>
              </value>
            </param>
          </params>
          <reporter-output>
          </reporter-output>
        </test-method> <!-- getState -->
        <test-method is-config="true" signature="writeToExcelFile()[pri:0, instance:com.fordfoundation.salesforce.SF_Mailing_State@489115ef]" started-at="2024-05-21T15:07:46 IST" name="writeToExcelFile" finished-at="2024-05-21T15:07:46 IST" duration-ms="174" status="PASS">
          <reporter-output>
          </reporter-output>
        </test-method> <!-- writeToExcelFile -->
        <test-method signature="getState(java.lang.String)[pri:0, instance:com.fordfoundation.salesforce.SF_Mailing_State@489115ef]" started-at="2024-05-21T15:07:46 IST" name="getState" data-provider="CountryName" finished-at="2024-05-21T15:08:06 IST" duration-ms="19582" status="PASS">
          <params>
            <param index="0">
              <value>
                <![CDATA[Paraguay]]>
              </value>
            </param>
          </params>
          <reporter-output>
          </reporter-output>
        </test-method> <!-- getState -->
        <test-method is-config="true" signature="writeToExcelFile()[pri:0, instance:com.fordfoundation.salesforce.SF_Mailing_State@489115ef]" started-at="2024-05-21T15:08:06 IST" name="writeToExcelFile" finished-at="2024-05-21T15:08:06 IST" duration-ms="200" status="PASS">
          <reporter-output>
          </reporter-output>
        </test-method> <!-- writeToExcelFile -->
        <test-method signature="getState(java.lang.String)[pri:0, instance:com.fordfoundation.salesforce.SF_Mailing_State@489115ef]" started-at="2024-05-21T15:08:06 IST" name="getState" data-provider="CountryName" finished-at="2024-05-21T15:08:28 IST" duration-ms="22025" status="PASS">
          <params>
            <param index="0">
              <value>
                <![CDATA[Peru]]>
              </value>
            </param>
          </params>
          <reporter-output>
          </reporter-output>
        </test-method> <!-- getState -->
        <test-method is-config="true" signature="writeToExcelFile()[pri:0, instance:com.fordfoundation.salesforce.SF_Mailing_State@489115ef]" started-at="2024-05-21T15:08:28 IST" name="writeToExcelFile" finished-at="2024-05-21T15:08:28 IST" duration-ms="335" status="PASS">
          <reporter-output>
          </reporter-output>
        </test-method> <!-- writeToExcelFile -->
        <test-method signature="getState(java.lang.String)[pri:0, instance:com.fordfoundation.salesforce.SF_Mailing_State@489115ef]" started-at="2024-05-21T15:08:28 IST" name="getState" data-provider="CountryName" finished-at="2024-05-21T15:09:15 IST" duration-ms="47071" status="PASS">
          <params>
            <param index="0">
              <value>
                <![CDATA[Philippines]]>
              </value>
            </param>
          </params>
          <reporter-output>
          </reporter-output>
        </test-method> <!-- getState -->
        <test-method is-config="true" signature="writeToExcelFile()[pri:0, instance:com.fordfoundation.salesforce.SF_Mailing_State@489115ef]" started-at="2024-05-21T15:09:15 IST" name="writeToExcelFile" finished-at="2024-05-21T15:09:17 IST" duration-ms="2216" status="PASS">
          <reporter-output>
          </reporter-output>
        </test-method> <!-- writeToExcelFile -->
        <test-method signature="getState(java.lang.String)[pri:0, instance:com.fordfoundation.salesforce.SF_Mailing_State@489115ef]" started-at="2024-05-21T15:09:17 IST" name="getState" data-provider="CountryName" finished-at="2024-05-21T15:09:33 IST" duration-ms="15939" status="PASS">
          <params>
            <param index="0">
              <value>
                <![CDATA[Pitcairn]]>
              </value>
            </param>
          </params>
          <reporter-output>
          </reporter-output>
        </test-method> <!-- getState -->
        <test-method is-config="true" signature="writeToExcelFile()[pri:0, instance:com.fordfoundation.salesforce.SF_Mailing_State@489115ef]" started-at="2024-05-21T15:09:33 IST" name="writeToExcelFile" finished-at="2024-05-21T15:09:34 IST" duration-ms="221" status="PASS">
          <reporter-output>
          </reporter-output>
        </test-method> <!-- writeToExcelFile -->
        <test-method signature="getState(java.lang.String)[pri:0, instance:com.fordfoundation.salesforce.SF_Mailing_State@489115ef]" started-at="2024-05-21T15:09:34 IST" name="getState" data-provider="CountryName" finished-at="2024-05-21T15:09:49 IST" duration-ms="15459" status="PASS">
          <params>
            <param index="0">
              <value>
                <![CDATA[Pitcairn Islands]]>
              </value>
            </param>
          </params>
          <reporter-output>
          </reporter-output>
        </test-method> <!-- getState -->
        <test-method is-config="true" signature="writeToExcelFile()[pri:0, instance:com.fordfoundation.salesforce.SF_Mailing_State@489115ef]" started-at="2024-05-21T15:09:49 IST" name="writeToExcelFile" finished-at="2024-05-21T15:09:49 IST" duration-ms="173" status="PASS">
          <reporter-output>
          </reporter-output>
        </test-method> <!-- writeToExcelFile -->
        <test-method signature="getState(java.lang.String)[pri:0, instance:com.fordfoundation.salesforce.SF_Mailing_State@489115ef]" started-at="2024-05-21T15:09:49 IST" name="getState" data-provider="CountryName" finished-at="2024-05-21T15:10:20 IST" duration-ms="30505" status="PASS">
          <params>
            <param index="0">
              <value>
                <![CDATA[Poland]]>
              </value>
            </param>
          </params>
          <reporter-output>
          </reporter-output>
        </test-method> <!-- getState -->
        <test-method is-config="true" signature="writeToExcelFile()[pri:0, instance:com.fordfoundation.salesforce.SF_Mailing_State@489115ef]" started-at="2024-05-21T15:10:20 IST" name="writeToExcelFile" finished-at="2024-05-21T15:10:20 IST" duration-ms="634" status="PASS">
          <reporter-output>
          </reporter-output>
        </test-method> <!-- writeToExcelFile -->
        <test-method signature="getState(java.lang.String)[pri:0, instance:com.fordfoundation.salesforce.SF_Mailing_State@489115ef]" started-at="2024-05-21T15:10:20 IST" name="getState" data-provider="CountryName" finished-at="2024-05-21T15:10:41 IST" duration-ms="20204" status="PASS">
          <params>
            <param index="0">
              <value>
                <![CDATA[Portugal]]>
              </value>
            </param>
          </params>
          <reporter-output>
          </reporter-output>
        </test-method> <!-- getState -->
        <test-method is-config="true" signature="writeToExcelFile()[pri:0, instance:com.fordfoundation.salesforce.SF_Mailing_State@489115ef]" started-at="2024-05-21T15:10:41 IST" name="writeToExcelFile" finished-at="2024-05-21T15:10:41 IST" duration-ms="206" status="PASS">
          <reporter-output>
          </reporter-output>
        </test-method> <!-- writeToExcelFile -->
        <test-method signature="getState(java.lang.String)[pri:0, instance:com.fordfoundation.salesforce.SF_Mailing_State@489115ef]" started-at="2024-05-21T15:10:41 IST" name="getState" data-provider="CountryName" finished-at="2024-05-21T15:10:57 IST" duration-ms="15935" status="PASS">
          <params>
            <param index="0">
              <value>
                <![CDATA[Puerto Rico]]>
              </value>
            </param>
          </params>
          <reporter-output>
          </reporter-output>
        </test-method> <!-- getState -->
        <test-method is-config="true" signature="writeToExcelFile()[pri:0, instance:com.fordfoundation.salesforce.SF_Mailing_State@489115ef]" started-at="2024-05-21T15:10:57 IST" name="writeToExcelFile" finished-at="2024-05-21T15:10:57 IST" duration-ms="41" status="PASS">
          <reporter-output>
          </reporter-output>
        </test-method> <!-- writeToExcelFile -->
        <test-method signature="getState(java.lang.String)[pri:0, instance:com.fordfoundation.salesforce.SF_Mailing_State@489115ef]" started-at="2024-05-21T15:10:57 IST" name="getState" data-provider="CountryName" finished-at="2024-05-21T15:11:14 IST" duration-ms="17054" status="PASS">
          <params>
            <param index="0">
              <value>
                <![CDATA[Qatar]]>
              </value>
            </param>
          </params>
          <reporter-output>
          </reporter-output>
        </test-method> <!-- getState -->
        <test-method is-config="true" signature="writeToExcelFile()[pri:0, instance:com.fordfoundation.salesforce.SF_Mailing_State@489115ef]" started-at="2024-05-21T15:11:14 IST" name="writeToExcelFile" finished-at="2024-05-21T15:11:14 IST" duration-ms="116" status="PASS">
          <reporter-output>
          </reporter-output>
        </test-method> <!-- writeToExcelFile -->
        <test-method signature="getState(java.lang.String)[pri:0, instance:com.fordfoundation.salesforce.SF_Mailing_State@489115ef]" started-at="2024-05-21T15:11:14 IST" name="getState" data-provider="CountryName" finished-at="2024-05-21T15:11:29 IST" duration-ms="15486" status="PASS">
          <params>
            <param index="0">
              <value>
                <![CDATA[Reunion]]>
              </value>
            </param>
          </params>
          <reporter-output>
          </reporter-output>
        </test-method> <!-- getState -->
        <test-method is-config="true" signature="writeToExcelFile()[pri:0, instance:com.fordfoundation.salesforce.SF_Mailing_State@489115ef]" started-at="2024-05-21T15:11:29 IST" name="writeToExcelFile" finished-at="2024-05-21T15:11:29 IST" duration-ms="27" status="PASS">
          <reporter-output>
          </reporter-output>
        </test-method> <!-- writeToExcelFile -->
        <test-method signature="getState(java.lang.String)[pri:0, instance:com.fordfoundation.salesforce.SF_Mailing_State@489115ef]" started-at="2024-05-21T15:11:29 IST" name="getState" data-provider="CountryName" finished-at="2024-05-21T15:12:15 IST" duration-ms="45157" status="PASS">
          <params>
            <param index="0">
              <value>
                <![CDATA[Romania]]>
              </value>
            </param>
          </params>
          <reporter-output>
          </reporter-output>
        </test-method> <!-- getState -->
        <test-method is-config="true" signature="writeToExcelFile()[pri:0, instance:com.fordfoundation.salesforce.SF_Mailing_State@489115ef]" started-at="2024-05-21T15:12:15 IST" name="writeToExcelFile" finished-at="2024-05-21T15:12:16 IST" duration-ms="1626" status="PASS">
          <reporter-output>
          </reporter-output>
        </test-method> <!-- writeToExcelFile -->
        <test-method signature="getState(java.lang.String)[pri:0, instance:com.fordfoundation.salesforce.SF_Mailing_State@489115ef]" started-at="2024-05-21T15:12:16 IST" name="getState" data-provider="CountryName" finished-at="2024-05-21T15:12:32 IST" duration-ms="15620" status="PASS">
          <params>
            <param index="0">
              <value>
                <![CDATA[Russia]]>
              </value>
            </param>
          </params>
          <reporter-output>
          </reporter-output>
        </test-method> <!-- getState -->
        <test-method is-config="true" signature="writeToExcelFile()[pri:0, instance:com.fordfoundation.salesforce.SF_Mailing_State@489115ef]" started-at="2024-05-21T15:12:32 IST" name="writeToExcelFile" finished-at="2024-05-21T15:12:32 IST" duration-ms="14" status="PASS">
          <reporter-output>
          </reporter-output>
        </test-method> <!-- writeToExcelFile -->
        <test-method signature="getState(java.lang.String)[pri:0, instance:com.fordfoundation.salesforce.SF_Mailing_State@489115ef]" started-at="2024-05-21T15:12:32 IST" name="getState" data-provider="CountryName" finished-at="2024-05-21T15:12:49 IST" duration-ms="17297" status="PASS">
          <params>
            <param index="0">
              <value>
                <![CDATA[Rwanda]]>
              </value>
            </param>
          </params>
          <reporter-output>
          </reporter-output>
        </test-method> <!-- getState -->
        <test-method is-config="true" signature="writeToExcelFile()[pri:0, instance:com.fordfoundation.salesforce.SF_Mailing_State@489115ef]" started-at="2024-05-21T15:12:49 IST" name="writeToExcelFile" finished-at="2024-05-21T15:12:49 IST" duration-ms="106" status="PASS">
          <reporter-output>
          </reporter-output>
        </test-method> <!-- writeToExcelFile -->
        <test-method signature="getState(java.lang.String)[pri:0, instance:com.fordfoundation.salesforce.SF_Mailing_State@489115ef]" started-at="2024-05-21T15:12:49 IST" name="getState" data-provider="CountryName" finished-at="2024-05-21T15:13:05 IST" duration-ms="15387" status="PASS">
          <params>
            <param index="0">
              <value>
                <![CDATA[Saint Barthélemy]]>
              </value>
            </param>
          </params>
          <reporter-output>
          </reporter-output>
        </test-method> <!-- getState -->
        <test-method is-config="true" signature="writeToExcelFile()[pri:0, instance:com.fordfoundation.salesforce.SF_Mailing_State@489115ef]" started-at="2024-05-21T15:13:05 IST" name="writeToExcelFile" finished-at="2024-05-21T15:13:05 IST" duration-ms="22" status="PASS">
          <reporter-output>
          </reporter-output>
        </test-method> <!-- writeToExcelFile -->
        <test-method signature="getState(java.lang.String)[pri:0, instance:com.fordfoundation.salesforce.SF_Mailing_State@489115ef]" started-at="2024-05-21T15:13:05 IST" name="getState" data-provider="CountryName" finished-at="2024-05-21T15:13:21 IST" duration-ms="16159" status="PASS">
          <params>
            <param index="0">
              <value>
                <![CDATA[Saint Helena]]>
              </value>
            </param>
          </params>
          <reporter-output>
          </reporter-output>
        </test-method> <!-- getState -->
        <test-method is-config="true" signature="writeToExcelFile()[pri:0, instance:com.fordfoundation.salesforce.SF_Mailing_State@489115ef]" started-at="2024-05-21T15:13:21 IST" name="writeToExcelFile" finished-at="2024-05-21T15:13:21 IST" duration-ms="45" status="PASS">
          <reporter-output>
          </reporter-output>
        </test-method> <!-- writeToExcelFile -->
        <test-method signature="getState(java.lang.String)[pri:0, instance:com.fordfoundation.salesforce.SF_Mailing_State@489115ef]" started-at="2024-05-21T15:13:21 IST" name="getState" data-provider="CountryName" finished-at="2024-05-21T15:13:39 IST" duration-ms="18140" status="PASS">
          <params>
            <param index="0">
              <value>
                <![CDATA[Saint Kitts and Nevis]]>
              </value>
            </param>
          </params>
          <reporter-output>
          </reporter-output>
        </test-method> <!-- getState -->
        <test-method is-config="true" signature="writeToExcelFile()[pri:0, instance:com.fordfoundation.salesforce.SF_Mailing_State@489115ef]" started-at="2024-05-21T15:13:39 IST" name="writeToExcelFile" finished-at="2024-05-21T15:13:39 IST" duration-ms="361" status="PASS">
          <reporter-output>
          </reporter-output>
        </test-method> <!-- writeToExcelFile -->
        <test-method signature="getState(java.lang.String)[pri:0, instance:com.fordfoundation.salesforce.SF_Mailing_State@489115ef]" started-at="2024-05-21T15:13:39 IST" name="getState" data-provider="CountryName" finished-at="2024-05-21T15:13:57 IST" duration-ms="17941" status="PASS">
          <params>
            <param index="0">
              <value>
                <![CDATA[Saint Lucia]]>
              </value>
            </param>
          </params>
          <reporter-output>
          </reporter-output>
        </test-method> <!-- getState -->
        <test-method is-config="true" signature="writeToExcelFile()[pri:0, instance:com.fordfoundation.salesforce.SF_Mailing_State@489115ef]" started-at="2024-05-21T15:13:57 IST" name="writeToExcelFile" finished-at="2024-05-21T15:13:57 IST" duration-ms="137" status="PASS">
          <reporter-output>
          </reporter-output>
        </test-method> <!-- writeToExcelFile -->
        <test-method signature="getState(java.lang.String)[pri:0, instance:com.fordfoundation.salesforce.SF_Mailing_State@489115ef]" started-at="2024-05-21T15:13:57 IST" name="getState" data-provider="CountryName" finished-at="2024-05-21T15:14:13 IST" duration-ms="15416" status="PASS">
          <params>
            <param index="0">
              <value>
                <![CDATA[Saint Martin (French part)]]>
              </value>
            </param>
          </params>
          <reporter-output>
          </reporter-output>
        </test-method> <!-- getState -->
        <test-method is-config="true" signature="writeToExcelFile()[pri:0, instance:com.fordfoundation.salesforce.SF_Mailing_State@489115ef]" started-at="2024-05-21T15:14:13 IST" name="writeToExcelFile" finished-at="2024-05-21T15:14:13 IST" duration-ms="24" status="PASS">
          <reporter-output>
          </reporter-output>
        </test-method> <!-- writeToExcelFile -->
        <test-method signature="getState(java.lang.String)[pri:0, instance:com.fordfoundation.salesforce.SF_Mailing_State@489115ef]" started-at="2024-05-21T15:14:13 IST" name="getState" data-provider="CountryName" finished-at="2024-05-21T15:14:28 IST" duration-ms="15418" status="PASS">
          <params>
            <param index="0">
              <value>
                <![CDATA[Saint Pierre and Miquelon]]>
              </value>
            </param>
          </params>
          <reporter-output>
          </reporter-output>
        </test-method> <!-- getState -->
        <test-method is-config="true" signature="writeToExcelFile()[pri:0, instance:com.fordfoundation.salesforce.SF_Mailing_State@489115ef]" started-at="2024-05-21T15:14:28 IST" name="writeToExcelFile" finished-at="2024-05-21T15:14:28 IST" duration-ms="15" status="PASS">
          <reporter-output>
          </reporter-output>
        </test-method> <!-- writeToExcelFile -->
        <test-method signature="getState(java.lang.String)[pri:0, instance:com.fordfoundation.salesforce.SF_Mailing_State@489115ef]" started-at="2024-05-21T15:14:28 IST" name="getState" data-provider="CountryName" finished-at="2024-05-21T15:14:45 IST" duration-ms="17126" status="PASS">
          <params>
            <param index="0">
              <value>
                <![CDATA[Saint Vincent and the Grenadines]]>
              </value>
            </param>
          </params>
          <reporter-output>
          </reporter-output>
        </test-method> <!-- getState -->
        <test-method is-config="true" signature="writeToExcelFile()[pri:0, instance:com.fordfoundation.salesforce.SF_Mailing_State@489115ef]" started-at="2024-05-21T15:14:45 IST" name="writeToExcelFile" finished-at="2024-05-21T15:14:46 IST" duration-ms="92" status="PASS">
          <reporter-output>
          </reporter-output>
        </test-method> <!-- writeToExcelFile -->
        <test-method signature="getState(java.lang.String)[pri:0, instance:com.fordfoundation.salesforce.SF_Mailing_State@489115ef]" started-at="2024-05-21T15:14:46 IST" name="getState" data-provider="CountryName" finished-at="2024-05-21T15:15:03 IST" duration-ms="17626" status="PASS">
          <params>
            <param index="0">
              <value>
                <![CDATA[Samoa]]>
              </value>
            </param>
          </params>
          <reporter-output>
          </reporter-output>
        </test-method> <!-- getState -->
        <test-method is-config="true" signature="writeToExcelFile()[pri:0, instance:com.fordfoundation.salesforce.SF_Mailing_State@489115ef]" started-at="2024-05-21T15:15:03 IST" name="writeToExcelFile" finished-at="2024-05-21T15:15:03 IST" duration-ms="138" status="PASS">
          <reporter-output>
          </reporter-output>
        </test-method> <!-- writeToExcelFile -->
        <test-method signature="getState(java.lang.String)[pri:0, instance:com.fordfoundation.salesforce.SF_Mailing_State@489115ef]" started-at="2024-05-21T15:15:03 IST" name="getState" data-provider="CountryName" finished-at="2024-05-21T15:15:21 IST" duration-ms="17482" status="PASS">
          <params>
            <param index="0">
              <value>
                <![CDATA[San Marino]]>
              </value>
            </param>
          </params>
          <reporter-output>
          </reporter-output>
        </test-method> <!-- getState -->
        <test-method is-config="true" signature="writeToExcelFile()[pri:0, instance:com.fordfoundation.salesforce.SF_Mailing_State@489115ef]" started-at="2024-05-21T15:15:21 IST" name="writeToExcelFile" finished-at="2024-05-21T15:15:21 IST" duration-ms="123" status="PASS">
          <reporter-output>
          </reporter-output>
        </test-method> <!-- writeToExcelFile -->
        <test-method signature="getState(java.lang.String)[pri:0, instance:com.fordfoundation.salesforce.SF_Mailing_State@489115ef]" started-at="2024-05-21T15:15:21 IST" name="getState" data-provider="CountryName" finished-at="2024-05-21T15:15:37 IST" duration-ms="16199" status="PASS">
          <params>
            <param index="0">
              <value>
                <![CDATA[Sao Tome and Principe]]>
              </value>
            </param>
          </params>
          <reporter-output>
          </reporter-output>
        </test-method> <!-- getState -->
        <test-method is-config="true" signature="writeToExcelFile()[pri:0, instance:com.fordfoundation.salesforce.SF_Mailing_State@489115ef]" started-at="2024-05-21T15:15:37 IST" name="writeToExcelFile" finished-at="2024-05-21T15:15:37 IST" duration-ms="32" status="PASS">
          <reporter-output>
          </reporter-output>
        </test-method> <!-- writeToExcelFile -->
        <test-method signature="getState(java.lang.String)[pri:0, instance:com.fordfoundation.salesforce.SF_Mailing_State@489115ef]" started-at="2024-05-21T15:15:37 IST" name="getState" data-provider="CountryName" finished-at="2024-05-21T15:15:55 IST" duration-ms="17719" status="PASS">
          <params>
            <param index="0">
              <value>
                <![CDATA[Saudi Arabia]]>
              </value>
            </param>
          </params>
          <reporter-output>
          </reporter-output>
        </test-method> <!-- getState -->
        <test-method is-config="true" signature="writeToExcelFile()[pri:0, instance:com.fordfoundation.salesforce.SF_Mailing_State@489115ef]" started-at="2024-05-21T15:15:55 IST" name="writeToExcelFile" finished-at="2024-05-21T15:15:55 IST" duration-ms="221" status="PASS">
          <reporter-output>
          </reporter-output>
        </test-method> <!-- writeToExcelFile -->
        <test-method signature="getState(java.lang.String)[pri:0, instance:com.fordfoundation.salesforce.SF_Mailing_State@489115ef]" started-at="2024-05-21T15:15:55 IST" name="getState" data-provider="CountryName" finished-at="2024-05-21T15:16:13 IST" duration-ms="18289" status="PASS">
          <params>
            <param index="0">
              <value>
                <![CDATA[Senegal]]>
              </value>
            </param>
          </params>
          <reporter-output>
          </reporter-output>
        </test-method> <!-- getState -->
        <test-method is-config="true" signature="writeToExcelFile()[pri:0, instance:com.fordfoundation.salesforce.SF_Mailing_State@489115ef]" started-at="2024-05-21T15:16:13 IST" name="writeToExcelFile" finished-at="2024-05-21T15:16:14 IST" duration-ms="163" status="PASS">
          <reporter-output>
          </reporter-output>
        </test-method> <!-- writeToExcelFile -->
        <test-method signature="getState(java.lang.String)[pri:0, instance:com.fordfoundation.salesforce.SF_Mailing_State@489115ef]" started-at="2024-05-21T15:16:14 IST" name="getState" data-provider="CountryName" finished-at="2024-05-21T15:16:29 IST" duration-ms="15422" status="PASS">
          <params>
            <param index="0">
              <value>
                <![CDATA[Serbia]]>
              </value>
            </param>
          </params>
          <reporter-output>
          </reporter-output>
        </test-method> <!-- getState -->
        <test-method is-config="true" signature="writeToExcelFile()[pri:0, instance:com.fordfoundation.salesforce.SF_Mailing_State@489115ef]" started-at="2024-05-21T15:16:29 IST" name="writeToExcelFile" finished-at="2024-05-21T15:16:29 IST" duration-ms="64" status="PASS">
          <reporter-output>
          </reporter-output>
        </test-method> <!-- writeToExcelFile -->
        <test-method signature="getState(java.lang.String)[pri:0, instance:com.fordfoundation.salesforce.SF_Mailing_State@489115ef]" started-at="2024-05-21T15:16:29 IST" name="getState" data-provider="CountryName" finished-at="2024-05-21T15:16:46 IST" duration-ms="17218" status="PASS">
          <params>
            <param index="0">
              <value>
                <![CDATA[Seychelles]]>
              </value>
            </param>
          </params>
          <reporter-output>
          </reporter-output>
        </test-method> <!-- getState -->
        <test-method is-config="true" signature="writeToExcelFile()[pri:0, instance:com.fordfoundation.salesforce.SF_Mailing_State@489115ef]" started-at="2024-05-21T15:16:46 IST" name="writeToExcelFile" finished-at="2024-05-21T15:16:46 IST" duration-ms="100" status="PASS">
          <reporter-output>
          </reporter-output>
        </test-method> <!-- writeToExcelFile -->
        <test-method signature="getState(java.lang.String)[pri:0, instance:com.fordfoundation.salesforce.SF_Mailing_State@489115ef]" started-at="2024-05-21T15:16:46 IST" name="getState" data-provider="CountryName" finished-at="2024-05-21T15:17:03 IST" duration-ms="16364" status="PASS">
          <params>
            <param index="0">
              <value>
                <![CDATA[Sierra Leone]]>
              </value>
            </param>
          </params>
          <reporter-output>
          </reporter-output>
        </test-method> <!-- getState -->
        <test-method is-config="true" signature="writeToExcelFile()[pri:0, instance:com.fordfoundation.salesforce.SF_Mailing_State@489115ef]" started-at="2024-05-21T15:17:03 IST" name="writeToExcelFile" finished-at="2024-05-21T15:17:03 IST" duration-ms="77" status="PASS">
          <reporter-output>
          </reporter-output>
        </test-method> <!-- writeToExcelFile -->
        <test-method signature="getState(java.lang.String)[pri:0, instance:com.fordfoundation.salesforce.SF_Mailing_State@489115ef]" started-at="2024-05-21T15:17:03 IST" name="getState" data-provider="CountryName" finished-at="2024-05-21T15:17:18 IST" duration-ms="15496" status="PASS">
          <params>
            <param index="0">
              <value>
                <![CDATA[Singapore]]>
              </value>
            </param>
          </params>
          <reporter-output>
          </reporter-output>
        </test-method> <!-- getState -->
        <test-method is-config="true" signature="writeToExcelFile()[pri:0, instance:com.fordfoundation.salesforce.SF_Mailing_State@489115ef]" started-at="2024-05-21T15:17:18 IST" name="writeToExcelFile" finished-at="2024-05-21T15:17:18 IST" duration-ms="18" status="PASS">
          <reporter-output>
          </reporter-output>
        </test-method> <!-- writeToExcelFile -->
[...]
          <params>
            <param index="0">
              <value>
                <![CDATA[Turkmenistan]]>
              </value>
            </param>
          </params>
          <reporter-output>
          </reporter-output>
        </test-method> <!-- getState -->
        <test-method is-config="true" signature="writeToExcelFile()[pri:0, instance:com.fordfoundation.salesforce.SF_Mailing_State@489115ef]" started-at="2024-05-21T15:28:03 IST" name="writeToExcelFile" finished-at="2024-05-21T15:28:03 IST" duration-ms="126" status="PASS">
          <reporter-output>
          </reporter-output>
        </test-method> <!-- writeToExcelFile -->
        <test-method signature="getState(java.lang.String)[pri:0, instance:com.fordfoundation.salesforce.SF_Mailing_State@489115ef]" started-at="2024-05-21T15:28:03 IST" name="getState" data-provider="CountryName" finished-at="2024-05-21T15:28:18 IST" duration-ms="15597" status="PASS">
          <params>
            <param index="0">
              <value>
                <![CDATA[Turks and Caicos Islands]]>
              </value>
            </param>
          </params>
          <reporter-output>
          </reporter-output>
        </test-method> <!-- getState -->
        <test-method is-config="true" signature="writeToExcelFile()[pri:0, instance:com.fordfoundation.salesforce.SF_Mailing_State@489115ef]" started-at="2024-05-21T15:28:18 IST" name="writeToExcelFile" finished-at="2024-05-21T15:28:19 IST" duration-ms="29" status="PASS">
          <reporter-output>
          </reporter-output>
        </test-method> <!-- writeToExcelFile -->
        <test-method signature="getState(java.lang.String)[pri:0, instance:com.fordfoundation.salesforce.SF_Mailing_State@489115ef]" started-at="2024-05-21T15:28:19 IST" name="getState" data-provider="CountryName" finished-at="2024-05-21T15:28:34 IST" duration-ms="15497" status="PASS">
          <params>
            <param index="0">
              <value>
                <![CDATA[Tuvalu]]>
              </value>
            </param>
          </params>
          <reporter-output>
          </reporter-output>
        </test-method> <!-- getState -->
        <test-method is-config="true" signature="writeToExcelFile()[pri:0, instance:com.fordfoundation.salesforce.SF_Mailing_State@489115ef]" started-at="2024-05-21T15:28:34 IST" name="writeToExcelFile" finished-at="2024-05-21T15:28:34 IST" duration-ms="18" status="PASS">
          <reporter-output>
          </reporter-output>
        </test-method> <!-- writeToExcelFile -->
        <test-method signature="getState(java.lang.String)[pri:0, instance:com.fordfoundation.salesforce.SF_Mailing_State@489115ef]" started-at="2024-05-21T15:28:34 IST" name="getState" data-provider="CountryName" finished-at="2024-05-21T15:29:01 IST" duration-ms="26944" status="PASS">
          <params>
            <param index="0">
              <value>
                <![CDATA[Uganda]]>
              </value>
            </param>
          </params>
          <reporter-output>
          </reporter-output>
        </test-method> <!-- getState -->
        <test-method is-config="true" signature="writeToExcelFile()[pri:0, instance:com.fordfoundation.salesforce.SF_Mailing_State@489115ef]" started-at="2024-05-21T15:29:01 IST" name="writeToExcelFile" finished-at="2024-05-21T15:29:02 IST" duration-ms="577" status="PASS">
          <reporter-output>
          </reporter-output>
        </test-method> <!-- writeToExcelFile -->
        <test-method signature="getState(java.lang.String)[pri:0, instance:com.fordfoundation.salesforce.SF_Mailing_State@489115ef]" started-at="2024-05-21T15:29:02 IST" name="getState" data-provider="CountryName" finished-at="2024-05-21T15:29:19 IST" duration-ms="17161" status="PASS">
          <params>
            <param index="0">
              <value>
                <![CDATA[Ukraine]]>
              </value>
            </param>
          </params>
          <reporter-output>
          </reporter-output>
        </test-method> <!-- getState -->
        <test-method is-config="true" signature="writeToExcelFile()[pri:0, instance:com.fordfoundation.salesforce.SF_Mailing_State@489115ef]" started-at="2024-05-21T15:29:19 IST" name="writeToExcelFile" finished-at="2024-05-21T15:29:19 IST" duration-ms="103" status="PASS">
          <reporter-output>
          </reporter-output>
        </test-method> <!-- writeToExcelFile -->
        <test-method signature="getState(java.lang.String)[pri:0, instance:com.fordfoundation.salesforce.SF_Mailing_State@489115ef]" started-at="2024-05-21T15:29:19 IST" name="getState" data-provider="CountryName" finished-at="2024-05-21T15:29:36 IST" duration-ms="17312" status="PASS">
          <params>
            <param index="0">
              <value>
                <![CDATA[United Arab Emirates]]>
              </value>
            </param>
          </params>
          <reporter-output>
          </reporter-output>
        </test-method> <!-- getState -->
        <test-method is-config="true" signature="writeToExcelFile()[pri:0, instance:com.fordfoundation.salesforce.SF_Mailing_State@489115ef]" started-at="2024-05-21T15:29:36 IST" name="writeToExcelFile" finished-at="2024-05-21T15:29:36 IST" duration-ms="104" status="PASS">
          <reporter-output>
          </reporter-output>
        </test-method> <!-- writeToExcelFile -->
        <test-method signature="getState(java.lang.String)[pri:0, instance:com.fordfoundation.salesforce.SF_Mailing_State@489115ef]" started-at="2024-05-21T15:29:36 IST" name="getState" data-provider="CountryName" finished-at="2024-05-21T15:30:35 IST" duration-ms="59104" status="PASS">
          <params>
            <param index="0">
              <value>
                <![CDATA[United Kingdom]]>
              </value>
            </param>
          </params>
          <reporter-output>
          </reporter-output>
        </test-method> <!-- getState -->
        <test-method is-config="true" signature="writeToExcelFile()[pri:0, instance:com.fordfoundation.salesforce.SF_Mailing_State@489115ef]" started-at="2024-05-21T15:30:35 IST" name="writeToExcelFile" finished-at="2024-05-21T15:30:38 IST" duration-ms="2396" status="PASS">
          <reporter-output>
          </reporter-output>
        </test-method> <!-- writeToExcelFile -->
        <test-method signature="getState(java.lang.String)[pri:0, instance:com.fordfoundation.salesforce.SF_Mailing_State@489115ef]" started-at="2024-05-21T15:30:38 IST" name="getState" data-provider="CountryName" finished-at="2024-05-21T15:31:05 IST" duration-ms="27402" status="PASS">
          <params>
            <param index="0">
              <value>
                <![CDATA[United States]]>
              </value>
            </param>
          </params>
          <reporter-output>
          </reporter-output>
        </test-method> <!-- getState -->
        <test-method is-config="true" signature="writeToExcelFile()[pri:0, instance:com.fordfoundation.salesforce.SF_Mailing_State@489115ef]" started-at="2024-05-21T15:31:05 IST" name="writeToExcelFile" finished-at="2024-05-21T15:31:06 IST" duration-ms="809" status="PASS">
          <reporter-output>
          </reporter-output>
        </test-method> <!-- writeToExcelFile -->
        <test-method signature="getState(java.lang.String)[pri:0, instance:com.fordfoundation.salesforce.SF_Mailing_State@489115ef]" started-at="2024-05-21T15:31:06 IST" name="getState" data-provider="CountryName" finished-at="2024-05-21T15:31:26 IST" duration-ms="20295" status="PASS">
          <params>
            <param index="0">
              <value>
                <![CDATA[Uruguay]]>
              </value>
            </param>
          </params>
          <reporter-output>
          </reporter-output>
        </test-method> <!-- getState -->
        <test-method is-config="true" signature="writeToExcelFile()[pri:0, instance:com.fordfoundation.salesforce.SF_Mailing_State@489115ef]" started-at="2024-05-21T15:31:26 IST" name="writeToExcelFile" finished-at="2024-05-21T15:31:27 IST" duration-ms="287" status="PASS">
          <reporter-output>
          </reporter-output>
        </test-method> <!-- writeToExcelFile -->
        <test-method signature="getState(java.lang.String)[pri:0, instance:com.fordfoundation.salesforce.SF_Mailing_State@489115ef]" started-at="2024-05-21T15:31:27 IST" name="getState" data-provider="CountryName" finished-at="2024-05-21T15:31:45 IST" duration-ms="18764" status="PASS">
          <params>
            <param index="0">
              <value>
                <![CDATA[Uzbekistan]]>
              </value>
            </param>
          </params>
          <reporter-output>
          </reporter-output>
        </test-method> <!-- getState -->
        <test-method is-config="true" signature="writeToExcelFile()[pri:0, instance:com.fordfoundation.salesforce.SF_Mailing_State@489115ef]" started-at="2024-05-21T15:31:45 IST" name="writeToExcelFile" finished-at="2024-05-21T15:31:45 IST" duration-ms="167" status="PASS">
          <reporter-output>
          </reporter-output>
        </test-method> <!-- writeToExcelFile -->
        <test-method signature="getState(java.lang.String)[pri:0, instance:com.fordfoundation.salesforce.SF_Mailing_State@489115ef]" started-at="2024-05-21T15:31:45 IST" name="getState" data-provider="CountryName" finished-at="2024-05-21T15:32:10 IST" duration-ms="24037" status="PASS">
          <params>
            <param index="0">
              <value>
                <![CDATA[Vanuatu]]>
              </value>
            </param>
          </params>
          <reporter-output>
          </reporter-output>
        </test-method> <!-- getState -->
        <test-method is-config="true" signature="writeToExcelFile()[pri:0, instance:com.fordfoundation.salesforce.SF_Mailing_State@489115ef]" started-at="2024-05-21T15:32:10 IST" name="writeToExcelFile" finished-at="2024-05-21T15:32:10 IST" duration-ms="665" status="PASS">
          <reporter-output>
          </reporter-output>
        </test-method> <!-- writeToExcelFile -->
        <test-method signature="getState(java.lang.String)[pri:0, instance:com.fordfoundation.salesforce.SF_Mailing_State@489115ef]" started-at="2024-05-21T15:32:10 IST" name="getState" data-provider="CountryName" finished-at="2024-05-21T15:32:27 IST" duration-ms="16392" status="PASS">
          <params>
            <param index="0">
              <value>
                <![CDATA[Venezuela]]>
              </value>
            </param>
          </params>
          <reporter-output>
          </reporter-output>
        </test-method> <!-- getState -->
        <test-method is-config="true" signature="writeToExcelFile()[pri:0, instance:com.fordfoundation.salesforce.SF_Mailing_State@489115ef]" started-at="2024-05-21T15:32:27 IST" name="writeToExcelFile" finished-at="2024-05-21T15:32:27 IST" duration-ms="93" status="PASS">
          <reporter-output>
          </reporter-output>
        </test-method> <!-- writeToExcelFile -->
        <test-method signature="getState(java.lang.String)[pri:0, instance:com.fordfoundation.salesforce.SF_Mailing_State@489115ef]" started-at="2024-05-21T15:32:27 IST" name="getState" data-provider="CountryName" finished-at="2024-05-21T15:32:59 IST" duration-ms="32443" status="PASS">
          <params>
            <param index="0">
              <value>
                <![CDATA[Vietnam]]>
              </value>
            </param>
          </params>
          <reporter-output>
          </reporter-output>
        </test-method> <!-- getState -->
        <test-method is-config="true" signature="writeToExcelFile()[pri:0, instance:com.fordfoundation.salesforce.SF_Mailing_State@489115ef]" started-at="2024-05-21T15:32:59 IST" name="writeToExcelFile" finished-at="2024-05-21T15:33:00 IST" duration-ms="930" status="PASS">
          <reporter-output>
          </reporter-output>
        </test-method> <!-- writeToExcelFile -->
        <test-method signature="getState(java.lang.String)[pri:0, instance:com.fordfoundation.salesforce.SF_Mailing_State@489115ef]" started-at="2024-05-21T15:33:00 IST" name="getState" data-provider="CountryName" finished-at="2024-05-21T15:33:16 IST" duration-ms="15482" status="PASS">
          <params>
            <param index="0">
              <value>
                <![CDATA[Virgin Islands]]>
              </value>
            </param>
          </params>
          <reporter-output>
          </reporter-output>
        </test-method> <!-- getState -->
        <test-method is-config="true" signature="writeToExcelFile()[pri:0, instance:com.fordfoundation.salesforce.SF_Mailing_State@489115ef]" started-at="2024-05-21T15:33:16 IST" name="writeToExcelFile" finished-at="2024-05-21T15:33:16 IST" duration-ms="13" status="PASS">
          <reporter-output>
          </reporter-output>
        </test-method> <!-- writeToExcelFile -->
        <test-method signature="getState(java.lang.String)[pri:0, instance:com.fordfoundation.salesforce.SF_Mailing_State@489115ef]" started-at="2024-05-21T15:33:16 IST" name="getState" data-provider="CountryName" finished-at="2024-05-21T15:33:31 IST" duration-ms="15501" status="PASS">
          <params>
            <param index="0">
              <value>
                <![CDATA[Wake Island]]>
              </value>
            </param>
          </params>
          <reporter-output>
          </reporter-output>
        </test-method> <!-- getState -->
        <test-method is-config="true" signature="writeToExcelFile()[pri:0, instance:com.fordfoundation.salesforce.SF_Mailing_State@489115ef]" started-at="2024-05-21T15:33:31 IST" name="writeToExcelFile" finished-at="2024-05-21T15:33:31 IST" duration-ms="21" status="PASS">
          <reporter-output>
          </reporter-output>
        </test-method> <!-- writeToExcelFile -->
        <test-method signature="getState(java.lang.String)[pri:0, instance:com.fordfoundation.salesforce.SF_Mailing_State@489115ef]" started-at="2024-05-21T15:33:31 IST" name="getState" data-provider="CountryName" finished-at="2024-05-21T15:33:47 IST" duration-ms="15488" status="PASS">
          <params>
            <param index="0">
              <value>
                <![CDATA[Wallis and Futuna]]>
              </value>
            </param>
          </params>
          <reporter-output>
          </reporter-output>
        </test-method> <!-- getState -->
        <test-method is-config="true" signature="writeToExcelFile()[pri:0, instance:com.fordfoundation.salesforce.SF_Mailing_State@489115ef]" started-at="2024-05-21T15:33:47 IST" name="writeToExcelFile" finished-at="2024-05-21T15:33:47 IST" duration-ms="19" status="PASS">
          <reporter-output>
          </reporter-output>
        </test-method> <!-- writeToExcelFile -->
        <test-method signature="getState(java.lang.String)[pri:0, instance:com.fordfoundation.salesforce.SF_Mailing_State@489115ef]" started-at="2024-05-21T15:33:47 IST" name="getState" data-provider="CountryName" finished-at="2024-05-21T15:34:02 IST" duration-ms="15483" status="PASS">
          <params>
            <param index="0">
              <value>
                <![CDATA[West Bank]]>
              </value>
            </param>
          </params>
          <reporter-output>
          </reporter-output>
        </test-method> <!-- getState -->
        <test-method is-config="true" signature="writeToExcelFile()[pri:0, instance:com.fordfoundation.salesforce.SF_Mailing_State@489115ef]" started-at="2024-05-21T15:34:02 IST" name="writeToExcelFile" finished-at="2024-05-21T15:34:02 IST" duration-ms="16" status="PASS">
          <reporter-output>
          </reporter-output>
        </test-method> <!-- writeToExcelFile -->
        <test-method signature="getState(java.lang.String)[pri:0, instance:com.fordfoundation.salesforce.SF_Mailing_State@489115ef]" started-at="2024-05-21T15:34:02 IST" name="getState" data-provider="CountryName" finished-at="2024-05-21T15:34:18 IST" duration-ms="15476" status="PASS">
          <params>
            <param index="0">
              <value>
                <![CDATA[Western Sahara]]>
              </value>
            </param>
          </params>
          <reporter-output>
          </reporter-output>
        </test-method> <!-- getState -->
        <test-method is-config="true" signature="writeToExcelFile()[pri:0, instance:com.fordfoundation.salesforce.SF_Mailing_State@489115ef]" started-at="2024-05-21T15:34:18 IST" name="writeToExcelFile" finished-at="2024-05-21T15:34:18 IST" duration-ms="22" status="PASS">
          <reporter-output>
          </reporter-output>
        </test-method> <!-- writeToExcelFile -->
        <test-method signature="getState(java.lang.String)[pri:0, instance:com.fordfoundation.salesforce.SF_Mailing_State@489115ef]" started-at="2024-05-21T15:34:18 IST" name="getState" data-provider="CountryName" finished-at="2024-05-21T15:34:37 IST" duration-ms="19153" status="PASS">
          <params>
            <param index="0">
              <value>
                <![CDATA[Yemen]]>
              </value>
            </param>
          </params>
          <reporter-output>
          </reporter-output>
        </test-method> <!-- getState -->
        <test-method is-config="true" signature="writeToExcelFile()[pri:0, instance:com.fordfoundation.salesforce.SF_Mailing_State@489115ef]" started-at="2024-05-21T15:34:37 IST" name="writeToExcelFile" finished-at="2024-05-21T15:34:37 IST" duration-ms="187" status="PASS">
          <reporter-output>
          </reporter-output>
        </test-method> <!-- writeToExcelFile -->
        <test-method signature="getState(java.lang.String)[pri:0, instance:com.fordfoundation.salesforce.SF_Mailing_State@489115ef]" started-at="2024-05-21T15:34:37 IST" name="getState" data-provider="CountryName" finished-at="2024-05-21T15:34:55 IST" duration-ms="17672" status="PASS">
          <params>
            <param index="0">
              <value>
                <![CDATA[Zambia]]>
              </value>
            </param>
          </params>
          <reporter-output>
          </reporter-output>
        </test-method> <!-- getState -->
        <test-method is-config="true" signature="writeToExcelFile()[pri:0, instance:com.fordfoundation.salesforce.SF_Mailing_State@489115ef]" started-at="2024-05-21T15:34:55 IST" name="writeToExcelFile" finished-at="2024-05-21T15:34:55 IST" duration-ms="140" status="PASS">
          <reporter-output>
          </reporter-output>
        </test-method> <!-- writeToExcelFile -->
        <test-method signature="getState(java.lang.String)[pri:0, instance:com.fordfoundation.salesforce.SF_Mailing_State@489115ef]" started-at="2024-05-21T15:34:55 IST" name="getState" data-provider="CountryName" finished-at="2024-05-21T15:35:13 IST" duration-ms="18234" status="PASS">
          <params>
            <param index="0">
              <value>
                <![CDATA[Zimbabwe]]>
              </value>
            </param>
          </params>
          <reporter-output>
          </reporter-output>
        </test-method> <!-- getState -->
        <test-method is-config="true" signature="writeToExcelFile()[pri:0, instance:com.fordfoundation.salesforce.SF_Mailing_State@489115ef]" started-at="2024-05-21T15:35:13 IST" name="writeToExcelFile" finished-at="2024-05-21T15:35:13 IST" duration-ms="165" status="PASS">
          <reporter-output>
          </reporter-output>
        </test-method> <!-- writeToExcelFile -->
        <test-method is-config="true" signature="finalWrite()[pri:0, instance:com.fordfoundation.salesforce.SF_Mailing_State@489115ef]" started-at="2024-05-21T15:35:13 IST" name="finalWrite" finished-at="2024-05-21T15:35:13 IST" duration-ms="210" status="PASS">
          <reporter-output>
          </reporter-output>
        </test-method> <!-- finalWrite -->
      </class> <!-- com.fordfoundation.salesforce.SF_Mailing_State -->
    </test> <!-- Default test -->
  </suite> <!-- Default suite -->
</testng-results>
