<?xml version="1.0" encoding="UTF-8"?>
<!-- Generated by org.testng.reporters.JUnitXMLReporter -->
<testsuite ignored="0" hostname="GXNB-PF2ZKZ58" failures="0" tests="4" name="Login Test Cases" time="56.827" errors="0" timestamp="2023-11-17T12:31:26 IST">
  <testcase classname="com.demo.datadriven.BothCorrect" name="loginWithBothCorrect" time="12.755"/>
  <testcase classname="com.demo.datadriven.BothIncorrect" name="loginWithBothIncorrect" time="7.605"/>
  <testcase classname="com.demo.datadriven.CorrectPassword" name="loginWithCorrectPassword" time="8.369"/>
  <testcase classname="com.demo.datadriven.CorrectUsername" name="loginWithCorrectUserName" time="28.041"/>
</testsuite> <!-- Login Test Cases -->
