<?xml version="1.0" encoding="UTF-8"?>
<testng-results ignored="0" total="2" passed="2" failed="0" skipped="0">
  <reporter-output>
  </reporter-output>
  <suite started-at="2022-11-10T11:54:54 IST" name="Default suite" finished-at="2022-11-10T11:55:00 IST" duration-ms="6281">
    <groups>
    </groups>
    <test started-at="2022-11-10T11:54:54 IST" name="Default test" finished-at="2022-11-10T11:55:00 IST" duration-ms="6281">
      <class name="screenshot.screen">
        <test-method signature="f()[pri:0, instance:screenshot.screen@55634720]" started-at="2022-11-10T11:54:54 IST" name="f" finished-at="2022-11-10T11:55:00 IST" duration-ms="6061" status="PASS">
          <reporter-output>
          </reporter-output>
        </test-method> <!-- f -->
        <test-method signature="f2()[pri:0, instance:screenshot.screen@55634720]" started-at="2022-11-10T11:55:00 IST" name="f2" finished-at="2022-11-10T11:55:00 IST" duration-ms="158" status="PASS">
          <reporter-output>
          </reporter-output>
        </test-method> <!-- f2 -->
      </class> <!-- screenshot.screen -->
    </test> <!-- Default test -->
  </suite> <!-- Default suite -->
</testng-results>
