<?xml version="1.0" encoding="UTF-8"?>
<testng-results ignored="0" total="1" passed="1" failed="0" skipped="0">
  <reporter-output>
  </reporter-output>
  <suite started-at="2022-12-02T11:38:32 IST" name="Default suite" finished-at="2022-12-02T11:38:40 IST" duration-ms="7970">
    <groups>
    </groups>
    <test started-at="2022-12-02T11:38:32 IST" name="Default test" finished-at="2022-12-02T11:38:40 IST" duration-ms="7970">
      <class name="parallel_execution.Class1">
        <test-method signature="Method1()[pri:0, instance:parallel_execution.Class1@58695725]" started-at="2022-12-02T11:38:33 IST" name="Method1" finished-at="2022-12-02T11:38:40 IST" duration-ms="7916" status="PASS">
          <reporter-output>
          </reporter-output>
        </test-method> <!-- Method1 -->
      </class> <!-- parallel_execution.Class1 -->
    </test> <!-- Default test -->
  </suite> <!-- Default suite -->
</testng-results>
