<?xml version="1.0" encoding="UTF-8"?>
<!-- Generated by org.testng.reporters.JUnitXMLReporter -->
<testsuite ignored="0" hostname="GBLNB-PG034KGC" failures="1" tests="3" name="Test" time="24.197" errors="0" timestamp="2022-11-14T15:15:16 IST">
  <testcase classname="datadrivenapitest.DataDriven_AddNewEmployees" name="postNewEmployees" time="8.998"/>
  <testcase classname="datadrivenapitest.DataDriven_AddNewEmployees" name="postNewEmployees" time="6.972">
    <failure type="java.lang.AssertionError" message="expected [true] but found [false]">
      <![CDATA[java.lang.AssertionError: expected [true] but found [false]
at datadrivenapitest.DataDriven_AddNewEmployees.postNewEmployees(DataDriven_AddNewEmployees.java:61)
at java.base/java.util.ArrayList.forEach(ArrayList.java:1511)
... Removed 37 stack frames]]>
    </failure>
  </testcase> <!-- postNewEmployees -->
  <testcase classname="datadrivenapitest.DataDriven_AddNewEmployees" name="postNewEmployees" time="6.982"/>
</testsuite> <!-- Test -->
