<?xml version="1.0" encoding="UTF-8"?>
<testng-results ignored="0" total="1" passed="1" failed="0" skipped="0">
  <reporter-output>
  </reporter-output>
  <suite started-at="2022-11-22T17:45:04 IST" name="Default suite" finished-at="2022-11-22T17:46:37 IST" duration-ms="92925">
    <groups>
    </groups>
    <test started-at="2022-11-22T17:45:04 IST" name="Default test" finished-at="2022-11-22T17:46:37 IST" duration-ms="92925">
      <class name="com.galaxe.base.TestBase">
        <test-method signature="test()[pri:0, instance:com.galaxe.base.TestBase@73e22a3d]" started-at="2022-11-22T17:45:04 IST" name="test" finished-at="2022-11-22T17:46:37 IST" duration-ms="92872" status="PASS">
          <reporter-output>
          </reporter-output>
        </test-method> <!-- test -->
      </class> <!-- com.galaxe.base.TestBase -->
    </test> <!-- Default test -->
  </suite> <!-- Default suite -->
</testng-results>
