<?xml version="1.0" encoding="UTF-8"?>
<testng-results ignored="2" total="3" passed="1" failed="0" skipped="0">
  <reporter-output>
  </reporter-output>
  <suite started-at="2024-09-12T00:26:33 IST" name="Default suite" finished-at="2024-09-12T00:26:33 IST" duration-ms="68">
    <groups>
    </groups>
    <test started-at="2024-09-12T00:26:33 IST" name="Default test" finished-at="2024-09-12T00:26:33 IST" duration-ms="68">
      <class name="optionalExample.CreateOptionalObjectsExample">
        <test-method signature="usingOfNullable()[pri:0, instance:optionalExample.CreateOptionalObjectsExample@662b4c69]" started-at="2024-09-12T00:26:33 IST" name="usingOfNullable" finished-at="2024-09-12T00:26:33 IST" duration-ms="19" status="PASS">
          <reporter-output>
          </reporter-output>
        </test-method> <!-- usingOfNullable -->
      </class> <!-- optionalExample.CreateOptionalObjectsExample -->
    </test> <!-- Default test -->
  </suite> <!-- Default suite -->
</testng-results>
