<?xml version="1.0" encoding="UTF-8"?>
<!-- Generated by org.testng.reporters.JUnitXMLReporter -->
<testsuite ignored="0" hostname="GXNB-PG03THKB" failures="0" tests="4" name="Default test" time="40.525" errors="0" timestamp="2024-05-15T20:07:43 IST">
  <testcase classname="com.demo.datadriven.LoginToAppExcel" name="loginToApplication" time="7.767"/>
  <testcase classname="com.demo.datadriven.LoginToAppExcel" name="loginToApplication" time="7.657"/>
  <testcase classname="com.demo.datadriven.LoginToAppExcel" name="loginToApplication" time="7.257"/>
  <testcase classname="com.demo.datadriven.LoginToAppExcel" name="loginToApplication" time="7.577"/>
</testsuite> <!-- Default test -->
