<?xml version="1.0" encoding="UTF-8"?>
<!-- Generated by org.testng.reporters.JUnitXMLReporter -->
<testsuite ignored="2" hostname="GXNB-PG03THKB" failures="0" tests="1" name="Default test" time="0.068" errors="0" timestamp="2024-09-12T00:26:33 IST">
  <testcase classname="optionalExample.CreateOptionalObjectsExample" name="usingOfNullable" time="0.019"/>
  <testcase classname="optionalExample.CreateOptionalObjectsExample" name="usingOf" time="0.0">
    <ignored/>
  </testcase> <!-- usingOf -->
  <testcase classname="optionalExample.CreateOptionalObjectsExample" name="usingEmpty" time="0.0">
    <ignored/>
  </testcase> <!-- usingEmpty -->
</testsuite> <!-- Default test -->
